2026-02-25 18:48:37.873 | INFO     | __main__:<module>:86 - Hardware: 11 CPUs, 62.0GB RAM, GPU=True, VRAM=25.3GB
2026-02-25 18:48:38.851 | INFO     | __main__:main:375 - ============================================================
2026-02-25 18:48:38.855 | INFO     | __main__:main:376 - nRWPE Off-Diagonal + Softplus on ZINC-12k with GINEConv
2026-02-25 18:48:38.856 | INFO     | __main__:main:377 - ============================================================
2026-02-25 18:48:38.859 | INFO     | __main__:main:393 - Loading cached PEs from /workspace/runs/run__20260225_141527/3_invention_loop/iter_5/gen_art/exp_id1_it5__opus/precomputed_pes.pkl
2026-02-25 18:48:39.101 | INFO     | __main__:main:400 - Loaded PEs for 12000 graphs, types: ['rwpe_16', 'nrwpe_diag_softplus_16', 'nrwpe_diag_tanh_16', 'nrwpe_offdiag_16', 'nrwpe_combined_16', 'no_pe']
2026-02-25 18:48:39.108 | INFO     | __main__:main:403 - Loading ZINC-12k data...
2026-02-25 18:48:39.344 | INFO     | __main__:main:407 - Loaded 12000 graphs
2026-02-25 18:48:39.346 | INFO     | __main__:main:413 - Split: train=10000, val=1000, test=1000
2026-02-25 18:48:39.347 | INFO     | __main__:main:416 - ========================================
2026-02-25 18:48:39.349 | INFO     | __main__:main:417 - MINI VALIDATION (100 graphs, 50 epochs)
2026-02-25 18:48:39.350 | INFO     | __main__:main:418 - ========================================
2026-02-25 18:48:40.178 | INFO     | __main__:main:440 -   PASS rwpe_16: train_mae 1.8759 → 0.0775, val_mae=0.3259
2026-02-25 18:48:40.856 | INFO     | __main__:main:440 -   PASS nrwpe_diag_softplus_16: train_mae 1.8738 → 0.0911, val_mae=0.1768
2026-02-25 18:48:41.510 | INFO     | __main__:main:440 -   PASS nrwpe_diag_tanh_16: train_mae 1.9753 → 0.0791, val_mae=0.1105
2026-02-25 18:48:42.179 | INFO     | __main__:main:440 -   PASS nrwpe_offdiag_16: train_mae 2.1234 → 0.0788, val_mae=0.1259
2026-02-25 18:48:42.848 | INFO     | __main__:main:440 -   PASS nrwpe_combined_16: train_mae 2.0381 → 0.0822, val_mae=0.1026
2026-02-25 18:48:43.492 | INFO     | __main__:main:440 -   PASS no_pe: train_mae 1.3941 → 0.0276, val_mae=0.1420
2026-02-25 18:48:43.598 | INFO     | __main__:main:453 - Mini validation PASSED for all configs
2026-02-25 18:48:43.599 | INFO     | __main__:main:456 - ========================================
2026-02-25 18:48:43.599 | INFO     | __main__:main:457 - FULL TRAINING: 6 configs × 3 seeds = 18 runs
2026-02-25 18:48:43.607 | INFO     | __main__:main:458 - ========================================
2026-02-25 18:48:43.609 | INFO     | __main__:main:479 -   Training rwpe_16_seed42...
2026-02-25 18:48:44.068 | INFO     | __main__:train_and_evaluate:294 -   Model params: 278,145
2026-02-25 18:48:44.934 | INFO     | __main__:train_and_evaluate:337 -     Epoch 0: train_mae=0.8166, val_mae=2.6699, best_val=2.6699@0, patience=0
2026-02-25 18:49:29.828 | INFO     | __main__:train_and_evaluate:337 -     Epoch 50: train_mae=0.2182, val_mae=0.3726, best_val=0.2256@43, patience=7
2026-02-25 18:50:14.737 | INFO     | __main__:train_and_evaluate:337 -     Epoch 100: train_mae=0.1555, val_mae=0.1699, best_val=0.1602@98, patience=2
2026-02-25 18:50:59.952 | INFO     | __main__:train_and_evaluate:337 -     Epoch 150: train_mae=0.1179, val_mae=0.1840, best_val=0.1454@135, patience=15
2026-02-25 18:51:45.444 | INFO     | __main__:train_and_evaluate:337 -     Epoch 200: train_mae=0.0934, val_mae=0.1588, best_val=0.1323@181, patience=19
2026-02-25 18:52:30.235 | INFO     | __main__:train_and_evaluate:337 -     Epoch 250: train_mae=0.0700, val_mae=0.1212, best_val=0.1198@235, patience=15
2026-02-25 18:53:14.367 | INFO     | __main__:train_and_evaluate:337 -     Epoch 299: train_mae=0.0633, val_mae=0.1187, best_val=0.1181@279, patience=20
2026-02-25 18:53:15.239 | INFO     | __main__:main:516 -   DONE rwpe_16_seed42: test_mae=0.0858, val_mae=0.1181, best_epoch=279, time=271.6s
2026-02-25 18:53:15.394 | INFO     | __main__:main:479 -   Training rwpe_16_seed123...
2026-02-25 18:53:15.919 | INFO     | __main__:train_and_evaluate:294 -   Model params: 278,145
2026-02-25 18:53:16.771 | INFO     | __main__:train_and_evaluate:337 -     Epoch 0: train_mae=0.8107, val_mae=1.0073, best_val=1.0073@0, patience=0
2026-02-25 18:54:01.740 | INFO     | __main__:train_and_evaluate:337 -     Epoch 50: train_mae=0.2311, val_mae=0.3357, best_val=0.2176@49, patience=1
2026-02-25 18:58:07.012 | INFO     | __main__:<module>:86 - Hardware: 11 CPUs, 62.0GB RAM, GPU=True, VRAM=25.3GB
2026-02-25 18:58:07.958 | INFO     | __main__:main:380 - ============================================================
2026-02-25 18:58:07.959 | INFO     | __main__:main:381 - nRWPE Off-Diagonal + Softplus on ZINC-12k with GINEConv
2026-02-25 18:58:07.961 | INFO     | __main__:main:382 - ============================================================
2026-02-25 18:58:07.962 | INFO     | __main__:main:398 - Loading cached PEs from /workspace/runs/run__20260225_141527/3_invention_loop/iter_5/gen_art/exp_id1_it5__opus/precomputed_pes.pkl
2026-02-25 18:58:08.242 | INFO     | __main__:main:405 - Loaded PEs for 12000 graphs, types: ['rwpe_16', 'nrwpe_diag_softplus_16', 'nrwpe_diag_tanh_16', 'nrwpe_offdiag_16', 'nrwpe_combined_16', 'no_pe']
2026-02-25 18:58:08.245 | INFO     | __main__:main:408 - Loading ZINC-12k data...
2026-02-25 18:58:08.481 | INFO     | __main__:main:412 - Loaded 12000 graphs
2026-02-25 18:58:08.483 | INFO     | __main__:main:418 - Split: train=10000, val=1000, test=1000
2026-02-25 18:58:08.485 | INFO     | __main__:main:421 - ========================================
2026-02-25 18:58:08.487 | INFO     | __main__:main:422 - MINI VALIDATION (100 graphs, 50 epochs)
2026-02-25 18:58:08.489 | INFO     | __main__:main:423 - ========================================
2026-02-25 18:58:09.302 | INFO     | __main__:main:445 -   PASS rwpe_16: train_mae 1.8759 → 0.0815, val_mae=0.2875
2026-02-25 18:58:09.985 | INFO     | __main__:main:445 -   PASS nrwpe_diag_softplus_16: train_mae 1.8738 → 0.0882, val_mae=0.2143
2026-02-25 18:58:10.655 | INFO     | __main__:main:445 -   PASS nrwpe_diag_tanh_16: train_mae 1.9753 → 0.0782, val_mae=0.2463
2026-02-25 18:58:11.297 | INFO     | __main__:main:445 -   PASS nrwpe_offdiag_16: train_mae 2.1234 → 0.0866, val_mae=0.1539
2026-02-25 18:58:11.966 | INFO     | __main__:main:445 -   PASS nrwpe_combined_16: train_mae 2.0381 → 0.0870, val_mae=0.1296
2026-02-25 18:58:12.600 | INFO     | __main__:main:445 -   PASS no_pe: train_mae 1.3941 → 0.0314, val_mae=0.1706
2026-02-25 18:58:12.707 | INFO     | __main__:main:458 - Mini validation PASSED for all configs
2026-02-25 18:58:12.709 | INFO     | __main__:main:461 - ========================================
2026-02-25 18:58:12.711 | INFO     | __main__:main:462 - FULL TRAINING: 6 configs × 3 seeds = 18 runs
2026-02-25 18:58:12.712 | INFO     | __main__:main:463 - ========================================
2026-02-25 18:58:12.715 | INFO     | __main__:main:495 -   Training rwpe_16_seed42...
2026-02-25 18:58:13.180 | INFO     | __main__:train_and_evaluate:295 -   Model params: 278,145
2026-02-25 18:58:14.043 | INFO     | __main__:train_and_evaluate:338 -     Epoch 0: train_mae=0.8451, val_mae=0.9803, best_val=0.9803@0, patience=0
2026-02-25 18:58:58.351 | INFO     | __main__:train_and_evaluate:338 -     Epoch 50: train_mae=0.2222, val_mae=0.4059, best_val=0.2225@43, patience=7
2026-02-25 18:59:43.329 | INFO     | __main__:train_and_evaluate:338 -     Epoch 100: train_mae=0.1607, val_mae=0.2093, best_val=0.1688@90, patience=10
2026-02-25 19:00:27.860 | INFO     | __main__:train_and_evaluate:338 -     Epoch 150: train_mae=0.1207, val_mae=0.1800, best_val=0.1380@146, patience=4
2026-02-25 19:01:12.658 | INFO     | __main__:train_and_evaluate:338 -     Epoch 200: train_mae=0.0956, val_mae=0.1839, best_val=0.1278@198, patience=2
2026-02-25 19:01:57.853 | INFO     | __main__:train_and_evaluate:338 -     Epoch 250: train_mae=0.0713, val_mae=0.1188, best_val=0.1188@250, patience=0
2026-02-25 19:02:41.781 | INFO     | __main__:train_and_evaluate:338 -     Epoch 299: train_mae=0.0655, val_mae=0.1182, best_val=0.1178@287, patience=12
2026-02-25 19:02:42.534 | INFO     | __main__:main:533 -   DONE rwpe_16_seed42: test_mae=0.0817, val_mae=0.1178, best_epoch=287, time=269.8s
2026-02-25 19:02:42.696 | INFO     | __main__:main:495 -   Training rwpe_16_seed123...
2026-02-25 19:02:43.122 | INFO     | __main__:train_and_evaluate:295 -   Model params: 278,145
2026-02-25 19:02:43.971 | INFO     | __main__:train_and_evaluate:338 -     Epoch 0: train_mae=0.8369, val_mae=1.2959, best_val=1.2959@0, patience=0
2026-02-25 19:03:28.773 | INFO     | __main__:train_and_evaluate:338 -     Epoch 50: train_mae=0.2237, val_mae=0.4008, best_val=0.2155@44, patience=6
2026-02-25 19:05:21.189 | INFO     | __main__:<module>:86 - Hardware: 11 CPUs, 62.0GB RAM, GPU=True, VRAM=25.3GB
2026-02-25 19:05:22.167 | INFO     | __main__:main:380 - ============================================================
2026-02-25 19:05:22.168 | INFO     | __main__:main:381 - nRWPE Off-Diagonal + Softplus on ZINC-12k with GINEConv
2026-02-25 19:05:22.170 | INFO     | __main__:main:382 - ============================================================
2026-02-25 19:05:22.171 | INFO     | __main__:main:398 - Loading cached PEs from /workspace/runs/run__20260225_141527/3_invention_loop/iter_5/gen_art/exp_id1_it5__opus/precomputed_pes.pkl
2026-02-25 19:05:22.292 | INFO     | __main__:main:405 - Loaded PEs for 12000 graphs, types: ['rwpe_16', 'nrwpe_diag_softplus_16', 'nrwpe_diag_tanh_16', 'nrwpe_offdiag_16', 'nrwpe_combined_16', 'no_pe']
2026-02-25 19:05:22.293 | INFO     | __main__:main:408 - Loading ZINC-12k data...
2026-02-25 19:05:22.509 | INFO     | __main__:main:412 - Loaded 12000 graphs
2026-02-25 19:05:22.512 | INFO     | __main__:main:418 - Split: train=10000, val=1000, test=1000
2026-02-25 19:05:22.513 | INFO     | __main__:main:421 - ========================================
2026-02-25 19:05:22.515 | INFO     | __main__:main:422 - MINI VALIDATION (100 graphs, 50 epochs)
2026-02-25 19:05:22.517 | INFO     | __main__:main:423 - ========================================
2026-02-25 19:05:23.348 | INFO     | __main__:main:445 -   PASS rwpe_16: train_mae 1.8759 → 0.0816, val_mae=0.3110
2026-02-25 19:05:23.995 | INFO     | __main__:main:445 -   PASS nrwpe_diag_softplus_16: train_mae 1.8738 → 0.0974, val_mae=0.1572
2026-02-25 19:05:24.669 | INFO     | __main__:main:445 -   PASS nrwpe_diag_tanh_16: train_mae 1.9753 → 0.0809, val_mae=0.1587
2026-02-25 19:05:25.338 | INFO     | __main__:main:445 -   PASS nrwpe_offdiag_16: train_mae 2.1234 → 0.0821, val_mae=0.1287
2026-02-25 19:05:25.987 | INFO     | __main__:main:445 -   PASS nrwpe_combined_16: train_mae 2.0381 → 0.0918, val_mae=0.1954
2026-02-25 19:05:26.655 | INFO     | __main__:main:445 -   PASS no_pe: train_mae 1.3941 → 0.0330, val_mae=0.1692
2026-02-25 19:05:26.759 | INFO     | __main__:main:458 - Mini validation PASSED for all configs
2026-02-25 19:05:26.760 | INFO     | __main__:main:461 - ========================================
2026-02-25 19:05:26.761 | INFO     | __main__:main:462 - FULL TRAINING: 6 configs × 2 seeds = 12 runs
2026-02-25 19:05:26.763 | INFO     | __main__:main:463 - ========================================
2026-02-25 19:05:26.767 | INFO     | __main__:main:499 -   Memory: 9.9GB / 62.0GB (16%)
2026-02-25 19:05:26.768 | INFO     | __main__:main:503 -   Training rwpe_16_seed42...
2026-02-25 19:05:27.224 | INFO     | __main__:train_and_evaluate:295 -   Model params: 278,145
2026-02-25 19:05:28.135 | INFO     | __main__:train_and_evaluate:338 -     Epoch 0: train_mae=0.8119, val_mae=1.2266, best_val=1.2266@0, patience=0
2026-02-25 19:06:12.329 | INFO     | __main__:train_and_evaluate:338 -     Epoch 50: train_mae=0.2312, val_mae=0.2518, best_val=0.2469@48, patience=2
2026-02-25 19:06:57.568 | INFO     | __main__:train_and_evaluate:338 -     Epoch 100: train_mae=0.1548, val_mae=0.1647, best_val=0.1647@100, patience=0
2026-02-25 19:07:42.956 | INFO     | __main__:train_and_evaluate:338 -     Epoch 150: train_mae=0.1167, val_mae=0.1386, best_val=0.1386@150, patience=0
2026-02-25 19:08:28.073 | INFO     | __main__:train_and_evaluate:338 -     Epoch 200: train_mae=0.0827, val_mae=0.1333, best_val=0.1286@178, patience=22
2026-02-25 19:09:11.849 | INFO     | __main__:train_and_evaluate:338 -     Epoch 249: train_mae=0.0675, val_mae=0.1252, best_val=0.1252@249, patience=0
2026-02-25 19:09:12.569 | INFO     | __main__:main:541 -   DONE rwpe_16_seed42: test_mae=0.0928, val_mae=0.1252, best_epoch=249, time=225.8s
2026-02-25 19:09:12.766 | INFO     | __main__:main:499 -   Memory: 9.9GB / 62.0GB (16%)
2026-02-25 19:09:12.768 | INFO     | __main__:main:503 -   Training rwpe_16_seed123...
2026-02-25 19:09:13.195 | INFO     | __main__:train_and_evaluate:295 -   Model params: 278,145
2026-02-25 19:09:14.043 | INFO     | __main__:train_and_evaluate:338 -     Epoch 0: train_mae=0.8536, val_mae=4.3900, best_val=4.3900@0, patience=0
2026-02-25 19:09:59.047 | INFO     | __main__:train_and_evaluate:338 -     Epoch 50: train_mae=0.2246, val_mae=0.3047, best_val=0.2431@42, patience=8
2026-02-25 19:10:44.152 | INFO     | __main__:train_and_evaluate:338 -     Epoch 100: train_mae=0.1692, val_mae=0.3606, best_val=0.1679@96, patience=4
2026-02-25 19:12:49.925 | INFO     | __main__:<module>:86 - Hardware: 11 CPUs, 62.0GB RAM, GPU=True, VRAM=25.3GB
2026-02-25 19:12:50.886 | INFO     | __main__:main:380 - ============================================================
2026-02-25 19:12:50.887 | INFO     | __main__:main:381 - nRWPE Off-Diagonal + Softplus on ZINC-12k with GINEConv
2026-02-25 19:12:50.888 | INFO     | __main__:main:382 - ============================================================
2026-02-25 19:12:50.890 | INFO     | __main__:main:398 - Loading cached PEs from /workspace/runs/run__20260225_141527/3_invention_loop/iter_5/gen_art/exp_id1_it5__opus/precomputed_pes.pkl
2026-02-25 19:12:51.177 | INFO     | __main__:main:405 - Loaded PEs for 12000 graphs, types: ['rwpe_16', 'nrwpe_diag_softplus_16', 'nrwpe_diag_tanh_16', 'nrwpe_offdiag_16', 'nrwpe_combined_16', 'no_pe']
2026-02-25 19:12:51.178 | INFO     | __main__:main:408 - Loading ZINC-12k data...
2026-02-25 19:12:51.417 | INFO     | __main__:main:412 - Loaded 12000 graphs
2026-02-25 19:12:51.419 | INFO     | __main__:main:418 - Split: train=10000, val=1000, test=1000
2026-02-25 19:12:51.420 | INFO     | __main__:main:421 - ========================================
2026-02-25 19:12:51.421 | INFO     | __main__:main:422 - MINI VALIDATION (100 graphs, 50 epochs)
2026-02-25 19:12:51.422 | INFO     | __main__:main:423 - ========================================
2026-02-25 19:12:52.245 | INFO     | __main__:main:445 -   PASS rwpe_16: train_mae 1.8759 → 0.0880, val_mae=0.2076
2026-02-25 19:12:52.883 | INFO     | __main__:main:445 -   PASS nrwpe_diag_softplus_16: train_mae 1.8738 → 0.1052, val_mae=0.3634
2026-02-25 19:12:53.553 | INFO     | __main__:main:445 -   PASS nrwpe_diag_tanh_16: train_mae 1.9753 → 0.0780, val_mae=0.2422
2026-02-25 19:12:54.183 | INFO     | __main__:main:445 -   PASS nrwpe_offdiag_16: train_mae 2.1234 → 0.0800, val_mae=0.1398
2026-02-25 19:12:54.870 | INFO     | __main__:main:445 -   PASS nrwpe_combined_16: train_mae 2.0381 → 0.0847, val_mae=0.2231
2026-02-25 19:12:55.542 | INFO     | __main__:main:445 -   PASS no_pe: train_mae 1.3941 → 0.0299, val_mae=0.1736
2026-02-25 19:12:55.650 | INFO     | __main__:main:458 - Mini validation PASSED for all configs
2026-02-25 19:12:55.651 | INFO     | __main__:main:461 - ========================================
2026-02-25 19:12:55.652 | INFO     | __main__:main:462 - FULL TRAINING: 6 configs × 2 seeds = 12 runs
2026-02-25 19:12:55.653 | INFO     | __main__:main:463 - ========================================
2026-02-25 19:12:55.660 | INFO     | __main__:main:473 - Resumed from checkpoint: 1 results loaded
2026-02-25 19:12:55.716 | INFO     | __main__:main:479 - Loaded 1 seed42 results with predictions
2026-02-25 19:12:55.718 | INFO     | __main__:main:492 -   Skipping rwpe_16_seed42 (already completed)
2026-02-25 19:12:55.719 | INFO     | __main__:main:499 -   Memory: 10.2GB / 62.0GB (16%)
2026-02-25 19:12:55.723 | INFO     | __main__:main:503 -   Training rwpe_16_seed123...
2026-02-25 19:12:56.189 | INFO     | __main__:train_and_evaluate:295 -   Model params: 278,145
2026-02-25 19:12:57.049 | INFO     | __main__:train_and_evaluate:338 -     Epoch 0: train_mae=0.8660, val_mae=0.8349, best_val=0.8349@0, patience=0
2026-02-25 19:13:41.972 | INFO     | __main__:train_and_evaluate:338 -     Epoch 50: train_mae=0.2155, val_mae=0.2937, best_val=0.2352@37, patience=13
2026-02-25 19:14:27.130 | INFO     | __main__:train_and_evaluate:338 -     Epoch 100: train_mae=0.1647, val_mae=0.2286, best_val=0.1673@91, patience=9
2026-02-25 19:15:12.273 | INFO     | __main__:train_and_evaluate:338 -     Epoch 150: train_mae=0.1218, val_mae=0.1285, best_val=0.1285@150, patience=0
2026-02-25 19:15:57.652 | INFO     | __main__:train_and_evaluate:338 -     Epoch 200: train_mae=0.0743, val_mae=0.1206, best_val=0.1186@197, patience=3
2026-02-25 19:16:42.251 | INFO     | __main__:train_and_evaluate:338 -     Epoch 249: train_mae=0.0702, val_mae=0.1167, best_val=0.1163@244, patience=5
2026-02-25 19:16:42.369 | INFO     | __main__:main:541 -   DONE rwpe_16_seed123: test_mae=0.0874, val_mae=0.1163, best_epoch=244, time=226.6s
2026-02-25 19:16:42.602 | INFO     | __main__:main:499 -   Memory: 10.2GB / 62.0GB (17%)
2026-02-25 19:16:42.636 | INFO     | __main__:main:503 -   Training nrwpe_offdiag_16_seed42...
2026-02-25 19:16:43.069 | INFO     | __main__:train_and_evaluate:295 -   Model params: 278,145
2026-02-25 19:16:43.875 | INFO     | __main__:train_and_evaluate:338 -     Epoch 0: train_mae=0.9299, val_mae=0.8923, best_val=0.8923@0, patience=0
2026-02-25 19:17:29.447 | INFO     | __main__:train_and_evaluate:338 -     Epoch 50: train_mae=0.3284, val_mae=0.3470, best_val=0.3330@49, patience=1
2026-02-25 19:18:14.765 | INFO     | __main__:train_and_evaluate:338 -     Epoch 100: train_mae=0.2656, val_mae=0.2932, best_val=0.2896@88, patience=12
2026-02-25 19:37:18.286 | INFO     | __main__:<module>:86 - Hardware: 11 CPUs, 62.0GB RAM, GPU=True, VRAM=25.3GB
2026-02-25 19:37:19.250 | INFO     | __main__:main:380 - ============================================================
2026-02-25 19:37:19.253 | INFO     | __main__:main:381 - nRWPE Off-Diagonal + Softplus on ZINC-12k with GINEConv
2026-02-25 19:37:19.254 | INFO     | __main__:main:382 - ============================================================
2026-02-25 19:37:19.255 | INFO     | __main__:main:398 - Loading cached PEs from /workspace/runs/run__20260225_141527/3_invention_loop/iter_5/gen_art/exp_id1_it5__opus/precomputed_pes.pkl
2026-02-25 19:37:19.556 | INFO     | __main__:main:405 - Loaded PEs for 12000 graphs, types: ['rwpe_16', 'nrwpe_diag_softplus_16', 'nrwpe_diag_tanh_16', 'nrwpe_offdiag_16', 'nrwpe_combined_16', 'no_pe']
2026-02-25 19:37:19.558 | INFO     | __main__:main:408 - Loading ZINC-12k data...
2026-02-25 19:37:19.790 | INFO     | __main__:main:412 - Loaded 12000 graphs
2026-02-25 19:37:19.794 | INFO     | __main__:main:418 - Split: train=10000, val=1000, test=1000
2026-02-25 19:37:19.797 | INFO     | __main__:main:421 - ========================================
2026-02-25 19:37:19.799 | INFO     | __main__:main:422 - MINI VALIDATION (100 graphs, 50 epochs)
2026-02-25 19:37:19.801 | INFO     | __main__:main:423 - ========================================
2026-02-25 19:37:20.636 | INFO     | __main__:main:445 -   PASS rwpe_16: train_mae 1.8759 → 0.0797, val_mae=0.1774
2026-02-25 19:37:21.275 | INFO     | __main__:main:445 -   PASS nrwpe_diag_softplus_16: train_mae 1.8738 → 0.1013, val_mae=0.1601
2026-02-25 19:37:21.936 | INFO     | __main__:main:445 -   PASS nrwpe_diag_tanh_16: train_mae 1.9753 → 0.0844, val_mae=0.2376
2026-02-25 19:37:22.567 | INFO     | __main__:main:445 -   PASS nrwpe_offdiag_16: train_mae 2.1234 → 0.0800, val_mae=0.1230
2026-02-25 19:37:23.186 | INFO     | __main__:main:445 -   PASS nrwpe_combined_16: train_mae 2.0381 → 0.0992, val_mae=0.1161
2026-02-25 19:37:23.842 | INFO     | __main__:main:445 -   PASS no_pe: train_mae 1.3941 → 0.0273, val_mae=0.1982
2026-02-25 19:37:23.947 | INFO     | __main__:main:458 - Mini validation PASSED for all configs
2026-02-25 19:37:23.948 | INFO     | __main__:main:461 - ========================================
2026-02-25 19:37:23.950 | INFO     | __main__:main:462 - FULL TRAINING: 6 configs × 2 seeds = 12 runs
2026-02-25 19:37:23.951 | INFO     | __main__:main:463 - ========================================
2026-02-25 19:37:23.955 | INFO     | __main__:main:473 - Resumed from checkpoint: 2 results loaded
2026-02-25 19:37:23.960 | INFO     | __main__:main:479 - Loaded 1 seed42 results with predictions
2026-02-25 19:37:23.961 | INFO     | __main__:main:492 -   Skipping rwpe_16_seed42 (already completed)
2026-02-25 19:37:23.962 | INFO     | __main__:main:492 -   Skipping rwpe_16_seed123 (already completed)
2026-02-25 19:37:23.963 | INFO     | __main__:main:499 -   Memory: 9.9GB / 62.0GB (16%)
2026-02-25 19:37:23.964 | INFO     | __main__:main:503 -   Training nrwpe_offdiag_16_seed42...
2026-02-25 19:37:24.436 | INFO     | __main__:train_and_evaluate:295 -   Model params: 278,145
2026-02-25 19:37:25.248 | INFO     | __main__:train_and_evaluate:338 -     Epoch 0: train_mae=0.9193, val_mae=1.0408, best_val=1.0408@0, patience=0
2026-02-25 19:38:10.038 | INFO     | __main__:train_and_evaluate:338 -     Epoch 50: train_mae=0.3244, val_mae=0.3120, best_val=0.3120@50, patience=0
2026-02-25 19:38:55.068 | INFO     | __main__:train_and_evaluate:338 -     Epoch 100: train_mae=0.2690, val_mae=0.3464, best_val=0.2790@96, patience=4
2026-02-25 19:39:39.832 | INFO     | __main__:train_and_evaluate:338 -     Epoch 150: train_mae=0.1806, val_mae=0.2248, best_val=0.2084@147, patience=3
2026-02-25 19:40:24.947 | INFO     | __main__:train_and_evaluate:338 -     Epoch 200: train_mae=0.1257, val_mae=0.2000, best_val=0.1912@183, patience=17
2026-02-25 19:41:08.938 | INFO     | __main__:train_and_evaluate:338 -     Epoch 249: train_mae=0.1106, val_mae=0.1876, best_val=0.1876@249, patience=0
2026-02-25 19:41:09.753 | INFO     | __main__:main:541 -   DONE nrwpe_offdiag_16_seed42: test_mae=0.1667, val_mae=0.1876, best_epoch=249, time=225.8s
2026-02-25 19:41:09.932 | INFO     | __main__:main:499 -   Memory: 10.2GB / 62.0GB (17%)
2026-02-25 19:41:09.934 | INFO     | __main__:main:503 -   Training nrwpe_offdiag_16_seed123...
2026-02-25 19:41:10.381 | INFO     | __main__:train_and_evaluate:295 -   Model params: 278,145
2026-02-25 19:41:11.237 | INFO     | __main__:train_and_evaluate:338 -     Epoch 0: train_mae=0.9731, val_mae=1.2568, best_val=1.2568@0, patience=0
2026-02-25 19:41:55.551 | INFO     | __main__:train_and_evaluate:338 -     Epoch 50: train_mae=0.3294, val_mae=0.6284, best_val=0.3303@45, patience=5
2026-02-25 19:42:40.235 | INFO     | __main__:train_and_evaluate:338 -     Epoch 100: train_mae=0.2818, val_mae=0.4167, best_val=0.3000@95, patience=5
2026-02-25 19:44:04.803 | INFO     | __main__:<module>:86 - Hardware: 11 CPUs, 62.0GB RAM, GPU=True, VRAM=25.3GB
2026-02-25 19:44:05.760 | INFO     | __main__:main:380 - ============================================================
2026-02-25 19:44:05.762 | INFO     | __main__:main:381 - nRWPE Off-Diagonal + Softplus on ZINC-12k with GINEConv
2026-02-25 19:44:05.763 | INFO     | __main__:main:382 - ============================================================
2026-02-25 19:44:05.766 | INFO     | __main__:main:398 - Loading cached PEs from /workspace/runs/run__20260225_141527/3_invention_loop/iter_5/gen_art/exp_id1_it5__opus/precomputed_pes.pkl
2026-02-25 19:44:05.985 | INFO     | __main__:main:405 - Loaded PEs for 12000 graphs, types: ['rwpe_16', 'nrwpe_diag_softplus_16', 'nrwpe_diag_tanh_16', 'nrwpe_offdiag_16', 'nrwpe_combined_16', 'no_pe']
2026-02-25 19:44:05.987 | INFO     | __main__:main:408 - Loading ZINC-12k data...
2026-02-25 19:44:06.219 | INFO     | __main__:main:412 - Loaded 12000 graphs
2026-02-25 19:44:06.221 | INFO     | __main__:main:418 - Split: train=10000, val=1000, test=1000
2026-02-25 19:44:06.223 | INFO     | __main__:main:458 - Checkpoint found — skipping mini validation
2026-02-25 19:44:06.224 | INFO     | __main__:main:461 - ========================================
2026-02-25 19:44:06.226 | INFO     | __main__:main:462 - FULL TRAINING: 6 configs × 2 seeds = 12 runs
2026-02-25 19:44:06.227 | INFO     | __main__:main:463 - ========================================
2026-02-25 19:44:06.231 | INFO     | __main__:main:473 - Resumed from checkpoint: 3 results loaded
2026-02-25 19:44:06.238 | INFO     | __main__:main:479 - Loaded 2 seed42 results with predictions
2026-02-25 19:44:06.239 | INFO     | __main__:main:492 -   Skipping rwpe_16_seed42 (already completed)
2026-02-25 19:44:06.239 | INFO     | __main__:main:492 -   Skipping rwpe_16_seed123 (already completed)
2026-02-25 19:44:06.240 | INFO     | __main__:main:492 -   Skipping nrwpe_offdiag_16_seed42 (already completed)
2026-02-25 19:44:06.241 | INFO     | __main__:main:499 -   Memory: 9.3GB / 62.0GB (15%)
2026-02-25 19:44:06.242 | INFO     | __main__:main:503 -   Training nrwpe_offdiag_16_seed123...
2026-02-25 19:44:06.721 | INFO     | __main__:train_and_evaluate:295 -   Model params: 278,145
2026-02-25 19:44:07.839 | INFO     | __main__:train_and_evaluate:338 -     Epoch 0: train_mae=0.9603, val_mae=1.5087, best_val=1.5087@0, patience=0
2026-02-25 19:44:53.051 | INFO     | __main__:train_and_evaluate:338 -     Epoch 50: train_mae=0.3376, val_mae=0.3773, best_val=0.3378@38, patience=12
2026-02-25 19:45:38.730 | INFO     | __main__:train_and_evaluate:338 -     Epoch 100: train_mae=0.2572, val_mae=0.3043, best_val=0.2474@97, patience=3
2026-02-25 19:46:24.170 | INFO     | __main__:train_and_evaluate:338 -     Epoch 150: train_mae=0.1917, val_mae=0.2579, best_val=0.2125@148, patience=2
2026-02-25 19:47:08.975 | INFO     | __main__:train_and_evaluate:338 -     Epoch 200: train_mae=0.1150, val_mae=0.2008, best_val=0.1881@194, patience=6
2026-02-25 19:47:53.445 | INFO     | __main__:train_and_evaluate:338 -     Epoch 249: train_mae=0.1069, val_mae=0.1848, best_val=0.1812@211, patience=38
2026-02-25 19:47:53.555 | INFO     | __main__:main:541 -   DONE nrwpe_offdiag_16_seed123: test_mae=0.1730, val_mae=0.1812, best_epoch=211, time=227.3s
2026-02-25 19:47:53.715 | INFO     | __main__:main:499 -   Memory: 10.3GB / 62.0GB (17%)
2026-02-25 19:47:53.717 | INFO     | __main__:main:503 -   Training nrwpe_combined_16_seed42...
2026-02-25 19:47:54.163 | INFO     | __main__:train_and_evaluate:295 -   Model params: 278,145
2026-02-25 19:47:54.972 | INFO     | __main__:train_and_evaluate:338 -     Epoch 0: train_mae=0.8914, val_mae=0.6468, best_val=0.6468@0, patience=0
2026-02-25 19:48:40.439 | INFO     | __main__:train_and_evaluate:338 -     Epoch 50: train_mae=0.3407, val_mae=0.6012, best_val=0.3371@38, patience=12
2026-02-25 19:49:25.947 | INFO     | __main__:train_and_evaluate:338 -     Epoch 100: train_mae=0.2695, val_mae=0.3049, best_val=0.2764@97, patience=3
2026-02-25 19:51:39.819 | INFO     | __main__:<module>:86 - Hardware: 11 CPUs, 62.0GB RAM, GPU=True, VRAM=25.3GB
2026-02-25 19:51:40.843 | INFO     | __main__:main:380 - ============================================================
2026-02-25 19:51:40.845 | INFO     | __main__:main:381 - nRWPE Off-Diagonal + Softplus on ZINC-12k with GINEConv
2026-02-25 19:51:40.846 | INFO     | __main__:main:382 - ============================================================
2026-02-25 19:51:40.848 | INFO     | __main__:main:398 - Loading cached PEs from /workspace/runs/run__20260225_141527/3_invention_loop/iter_5/gen_art/exp_id1_it5__opus/precomputed_pes.pkl
2026-02-25 19:51:41.132 | INFO     | __main__:main:405 - Loaded PEs for 12000 graphs, types: ['rwpe_16', 'nrwpe_diag_softplus_16', 'nrwpe_diag_tanh_16', 'nrwpe_offdiag_16', 'nrwpe_combined_16', 'no_pe']
2026-02-25 19:51:41.134 | INFO     | __main__:main:408 - Loading ZINC-12k data...
2026-02-25 19:51:41.369 | INFO     | __main__:main:412 - Loaded 12000 graphs
2026-02-25 19:51:41.372 | INFO     | __main__:main:418 - Split: train=10000, val=1000, test=1000
2026-02-25 19:51:41.374 | INFO     | __main__:main:458 - Checkpoint found — skipping mini validation
2026-02-25 19:51:41.375 | INFO     | __main__:main:461 - ========================================
2026-02-25 19:51:41.376 | INFO     | __main__:main:462 - FULL TRAINING: 6 configs × 2 seeds = 12 runs
2026-02-25 19:51:41.377 | INFO     | __main__:main:463 - ========================================
2026-02-25 19:51:41.381 | INFO     | __main__:main:473 - Resumed from checkpoint: 4 results loaded
2026-02-25 19:51:41.388 | INFO     | __main__:main:479 - Loaded 2 seed42 results with predictions
2026-02-25 19:51:41.389 | INFO     | __main__:main:492 -   Skipping rwpe_16_seed42 (already completed)
2026-02-25 19:51:41.390 | INFO     | __main__:main:492 -   Skipping rwpe_16_seed123 (already completed)
2026-02-25 19:51:41.391 | INFO     | __main__:main:492 -   Skipping nrwpe_offdiag_16_seed42 (already completed)
2026-02-25 19:51:41.392 | INFO     | __main__:main:492 -   Skipping nrwpe_offdiag_16_seed123 (already completed)
2026-02-25 19:51:41.393 | INFO     | __main__:main:499 -   Memory: 9.6GB / 62.0GB (15%)
2026-02-25 19:51:41.394 | INFO     | __main__:main:503 -   Training nrwpe_combined_16_seed42...
2026-02-25 19:51:41.893 | INFO     | __main__:train_and_evaluate:295 -   Model params: 278,145
2026-02-25 19:51:42.982 | INFO     | __main__:train_and_evaluate:338 -     Epoch 0: train_mae=0.9135, val_mae=1.2199, best_val=1.2199@0, patience=0
2026-02-25 19:52:28.069 | INFO     | __main__:train_and_evaluate:338 -     Epoch 50: train_mae=0.3324, val_mae=0.5116, best_val=0.3166@44, patience=6
2026-02-25 19:53:13.033 | INFO     | __main__:train_and_evaluate:338 -     Epoch 100: train_mae=0.2640, val_mae=0.3157, best_val=0.2846@85, patience=15
2026-02-25 19:53:58.140 | INFO     | __main__:train_and_evaluate:338 -     Epoch 150: train_mae=0.2029, val_mae=0.2607, best_val=0.2381@149, patience=1
2026-02-25 19:54:43.630 | INFO     | __main__:train_and_evaluate:338 -     Epoch 200: train_mae=0.1415, val_mae=0.1937, best_val=0.1843@190, patience=10
2026-02-25 19:55:27.250 | INFO     | __main__:train_and_evaluate:338 -     Epoch 249: train_mae=0.1283, val_mae=0.1836, best_val=0.1821@235, patience=14
2026-02-25 19:55:28.053 | INFO     | __main__:main:541 -   DONE nrwpe_combined_16_seed42: test_mae=0.1756, val_mae=0.1821, best_epoch=235, time=226.7s
2026-02-25 19:55:28.229 | INFO     | __main__:main:499 -   Memory: 9.9GB / 62.0GB (16%)
2026-02-25 19:55:28.231 | INFO     | __main__:main:503 -   Training nrwpe_combined_16_seed123...
2026-02-25 19:55:28.661 | INFO     | __main__:train_and_evaluate:295 -   Model params: 278,145
2026-02-25 19:55:29.532 | INFO     | __main__:train_and_evaluate:338 -     Epoch 0: train_mae=0.9399, val_mae=1.7149, best_val=1.7149@0, patience=0
2026-02-25 19:56:15.029 | INFO     | __main__:train_and_evaluate:338 -     Epoch 50: train_mae=0.3332, val_mae=0.4559, best_val=0.3270@48, patience=2
2026-02-25 19:57:00.435 | INFO     | __main__:train_and_evaluate:338 -     Epoch 100: train_mae=0.2829, val_mae=0.2944, best_val=0.2805@96, patience=4
2026-02-25 20:03:54.125 | INFO     | __main__:<module>:86 - Hardware: 11 CPUs, 62.0GB RAM, GPU=True, VRAM=25.3GB
2026-02-25 20:03:55.133 | INFO     | __main__:main:380 - ============================================================
2026-02-25 20:03:55.134 | INFO     | __main__:main:381 - nRWPE Off-Diagonal + Softplus on ZINC-12k with GINEConv
2026-02-25 20:03:55.135 | INFO     | __main__:main:382 - ============================================================
2026-02-25 20:03:55.136 | INFO     | __main__:main:398 - Loading cached PEs from /workspace/runs/run__20260225_141527/3_invention_loop/iter_5/gen_art/exp_id1_it5__opus/precomputed_pes.pkl
2026-02-25 20:03:55.357 | INFO     | __main__:main:405 - Loaded PEs for 12000 graphs, types: ['rwpe_16', 'nrwpe_diag_softplus_16', 'nrwpe_diag_tanh_16', 'nrwpe_offdiag_16', 'nrwpe_combined_16', 'no_pe']
2026-02-25 20:03:55.359 | INFO     | __main__:main:408 - Loading ZINC-12k data...
2026-02-25 20:03:55.593 | INFO     | __main__:main:412 - Loaded 12000 graphs
2026-02-25 20:03:55.596 | INFO     | __main__:main:418 - Split: train=10000, val=1000, test=1000
2026-02-25 20:03:55.598 | INFO     | __main__:main:458 - Checkpoint found — skipping mini validation
2026-02-25 20:03:55.599 | INFO     | __main__:main:461 - ========================================
2026-02-25 20:03:55.600 | INFO     | __main__:main:462 - FULL TRAINING: 6 configs × 2 seeds = 12 runs
2026-02-25 20:03:55.601 | INFO     | __main__:main:463 - ========================================
2026-02-25 20:03:55.610 | INFO     | __main__:main:473 - Resumed from checkpoint: 5 results loaded
2026-02-25 20:03:55.617 | INFO     | __main__:main:479 - Loaded 3 seed42 results with predictions
2026-02-25 20:03:55.617 | INFO     | __main__:main:492 -   Skipping rwpe_16_seed42 (already completed)
2026-02-25 20:03:55.618 | INFO     | __main__:main:492 -   Skipping rwpe_16_seed123 (already completed)
2026-02-25 20:03:55.619 | INFO     | __main__:main:492 -   Skipping nrwpe_offdiag_16_seed42 (already completed)
2026-02-25 20:03:55.620 | INFO     | __main__:main:492 -   Skipping nrwpe_offdiag_16_seed123 (already completed)
2026-02-25 20:03:55.621 | INFO     | __main__:main:492 -   Skipping nrwpe_combined_16_seed42 (already completed)
2026-02-25 20:03:55.622 | INFO     | __main__:main:499 -   Memory: 9.3GB / 62.0GB (15%)
2026-02-25 20:03:55.623 | INFO     | __main__:main:503 -   Training nrwpe_combined_16_seed123...
2026-02-25 20:03:56.115 | INFO     | __main__:train_and_evaluate:295 -   Model params: 278,145
2026-02-25 20:03:57.238 | INFO     | __main__:train_and_evaluate:338 -     Epoch 0: train_mae=0.9173, val_mae=2.5385, best_val=2.5385@0, patience=0
2026-02-25 20:04:42.041 | INFO     | __main__:train_and_evaluate:338 -     Epoch 50: train_mae=0.3273, val_mae=0.4803, best_val=0.3288@35, patience=15
2026-02-25 20:05:26.960 | INFO     | __main__:train_and_evaluate:338 -     Epoch 100: train_mae=0.2864, val_mae=0.2911, best_val=0.2767@96, patience=4
2026-02-25 20:06:12.130 | INFO     | __main__:train_and_evaluate:338 -     Epoch 150: train_mae=0.1945, val_mae=0.2154, best_val=0.2095@149, patience=1
2026-02-25 20:06:56.943 | INFO     | __main__:train_and_evaluate:338 -     Epoch 200: train_mae=0.1248, val_mae=0.1928, best_val=0.1881@185, patience=15
2026-02-25 20:07:40.940 | INFO     | __main__:train_and_evaluate:338 -     Epoch 249: train_mae=0.1178, val_mae=0.1866, best_val=0.1830@221, patience=28
2026-02-25 20:07:41.058 | INFO     | __main__:main:541 -   DONE nrwpe_combined_16_seed123: test_mae=0.1711, val_mae=0.1830, best_epoch=221, time=225.4s
2026-02-25 20:07:41.222 | INFO     | __main__:main:499 -   Memory: 10.2GB / 62.0GB (17%)
2026-02-25 20:07:41.224 | INFO     | __main__:main:503 -   Training nrwpe_diag_softplus_16_seed42...
2026-02-25 20:07:41.678 | INFO     | __main__:train_and_evaluate:295 -   Model params: 278,145
2026-02-25 20:07:42.542 | INFO     | __main__:train_and_evaluate:338 -     Epoch 0: train_mae=0.8399, val_mae=0.6166, best_val=0.6166@0, patience=0
2026-02-25 20:08:27.948 | INFO     | __main__:train_and_evaluate:338 -     Epoch 50: train_mae=0.3257, val_mae=0.5530, best_val=0.3359@48, patience=2
2026-02-25 20:09:13.751 | INFO     | __main__:train_and_evaluate:338 -     Epoch 100: train_mae=0.2165, val_mae=0.2476, best_val=0.2286@98, patience=2
2026-02-25 20:12:01.503 | INFO     | __main__:<module>:86 - Hardware: 11 CPUs, 62.0GB RAM, GPU=True, VRAM=25.3GB
2026-02-25 20:12:02.524 | INFO     | __main__:main:380 - ============================================================
2026-02-25 20:12:02.525 | INFO     | __main__:main:381 - nRWPE Off-Diagonal + Softplus on ZINC-12k with GINEConv
2026-02-25 20:12:02.526 | INFO     | __main__:main:382 - ============================================================
2026-02-25 20:12:02.528 | INFO     | __main__:main:398 - Loading cached PEs from /workspace/runs/run__20260225_141527/3_invention_loop/iter_5/gen_art/exp_id1_it5__opus/precomputed_pes.pkl
2026-02-25 20:12:02.807 | INFO     | __main__:main:405 - Loaded PEs for 12000 graphs, types: ['rwpe_16', 'nrwpe_diag_softplus_16', 'nrwpe_diag_tanh_16', 'nrwpe_offdiag_16', 'nrwpe_combined_16', 'no_pe']
2026-02-25 20:12:02.809 | INFO     | __main__:main:408 - Loading ZINC-12k data...
2026-02-25 20:12:03.204 | INFO     | __main__:main:412 - Loaded 12000 graphs
2026-02-25 20:12:03.210 | INFO     | __main__:main:418 - Split: train=10000, val=1000, test=1000
2026-02-25 20:12:03.213 | INFO     | __main__:main:458 - Checkpoint found — skipping mini validation
2026-02-25 20:12:03.214 | INFO     | __main__:main:461 - ========================================
2026-02-25 20:12:03.215 | INFO     | __main__:main:462 - FULL TRAINING: 6 configs × 2 seeds = 12 runs
2026-02-25 20:12:03.216 | INFO     | __main__:main:463 - ========================================
2026-02-25 20:12:03.219 | INFO     | __main__:main:473 - Resumed from checkpoint: 6 results loaded
2026-02-25 20:12:03.226 | INFO     | __main__:main:479 - Loaded 3 seed42 results with predictions
2026-02-25 20:12:03.227 | INFO     | __main__:main:492 -   Skipping rwpe_16_seed42 (already completed)
2026-02-25 20:12:03.228 | INFO     | __main__:main:492 -   Skipping rwpe_16_seed123 (already completed)
2026-02-25 20:12:03.228 | INFO     | __main__:main:492 -   Skipping nrwpe_offdiag_16_seed42 (already completed)
2026-02-25 20:12:03.229 | INFO     | __main__:main:492 -   Skipping nrwpe_offdiag_16_seed123 (already completed)
2026-02-25 20:12:03.229 | INFO     | __main__:main:492 -   Skipping nrwpe_combined_16_seed42 (already completed)
2026-02-25 20:12:03.230 | INFO     | __main__:main:492 -   Skipping nrwpe_combined_16_seed123 (already completed)
2026-02-25 20:12:03.231 | INFO     | __main__:main:499 -   Memory: 9.3GB / 62.0GB (15%)
2026-02-25 20:12:03.231 | INFO     | __main__:main:503 -   Training nrwpe_diag_softplus_16_seed42...
2026-02-25 20:12:03.732 | INFO     | __main__:train_and_evaluate:295 -   Model params: 278,145
2026-02-25 20:12:04.848 | INFO     | __main__:train_and_evaluate:338 -     Epoch 0: train_mae=0.8482, val_mae=0.8495, best_val=0.8495@0, patience=0
2026-02-25 20:12:49.543 | INFO     | __main__:train_and_evaluate:338 -     Epoch 50: train_mae=0.3161, val_mae=0.3141, best_val=0.3141@50, patience=0
2026-02-25 20:13:34.768 | INFO     | __main__:train_and_evaluate:338 -     Epoch 100: train_mae=0.2180, val_mae=0.2275, best_val=0.2275@100, patience=0
2026-02-25 20:14:19.574 | INFO     | __main__:train_and_evaluate:338 -     Epoch 150: train_mae=0.1707, val_mae=0.2082, best_val=0.1921@145, patience=5
2026-02-25 20:15:04.740 | INFO     | __main__:train_and_evaluate:338 -     Epoch 200: train_mae=0.1261, val_mae=0.1808, best_val=0.1792@187, patience=13
2026-02-25 20:15:48.737 | INFO     | __main__:train_and_evaluate:338 -     Epoch 249: train_mae=0.1088, val_mae=0.1741, best_val=0.1722@235, patience=14
2026-02-25 20:15:49.553 | INFO     | __main__:main:541 -   DONE nrwpe_diag_softplus_16_seed42: test_mae=0.1568, val_mae=0.1722, best_epoch=235, time=226.3s
2026-02-25 20:15:49.727 | INFO     | __main__:main:499 -   Memory: 10.3GB / 62.0GB (17%)
2026-02-25 20:15:49.728 | INFO     | __main__:main:503 -   Training nrwpe_diag_softplus_16_seed123...
2026-02-25 20:15:50.178 | INFO     | __main__:train_and_evaluate:295 -   Model params: 278,145
2026-02-25 20:15:51.043 | INFO     | __main__:train_and_evaluate:338 -     Epoch 0: train_mae=0.8193, val_mae=0.6366, best_val=0.6366@0, patience=0
2026-02-25 20:16:36.247 | INFO     | __main__:train_and_evaluate:338 -     Epoch 50: train_mae=0.3265, val_mae=0.6167, best_val=0.3261@45, patience=5
2026-02-25 20:17:21.238 | INFO     | __main__:train_and_evaluate:338 -     Epoch 100: train_mae=0.2463, val_mae=0.4045, best_val=0.2325@96, patience=4
2026-02-25 20:20:09.152 | INFO     | __main__:<module>:86 - Hardware: 11 CPUs, 62.0GB RAM, GPU=True, VRAM=25.3GB
2026-02-25 20:20:10.247 | INFO     | __main__:main:380 - ============================================================
2026-02-25 20:20:10.249 | INFO     | __main__:main:381 - nRWPE Off-Diagonal + Softplus on ZINC-12k with GINEConv
2026-02-25 20:20:10.250 | INFO     | __main__:main:382 - ============================================================
2026-02-25 20:20:10.253 | INFO     | __main__:main:398 - Loading cached PEs from /workspace/runs/run__20260225_141527/3_invention_loop/iter_5/gen_art/exp_id1_it5__opus/precomputed_pes.pkl
2026-02-25 20:20:10.519 | INFO     | __main__:main:405 - Loaded PEs for 12000 graphs, types: ['rwpe_16', 'nrwpe_diag_softplus_16', 'nrwpe_diag_tanh_16', 'nrwpe_offdiag_16', 'nrwpe_combined_16', 'no_pe']
2026-02-25 20:20:10.521 | INFO     | __main__:main:408 - Loading ZINC-12k data...
2026-02-25 20:20:10.799 | INFO     | __main__:main:412 - Loaded 12000 graphs
2026-02-25 20:20:10.802 | INFO     | __main__:main:418 - Split: train=10000, val=1000, test=1000
2026-02-25 20:20:10.810 | INFO     | __main__:main:458 - Checkpoint found — skipping mini validation
2026-02-25 20:20:10.812 | INFO     | __main__:main:461 - ========================================
2026-02-25 20:20:10.814 | INFO     | __main__:main:462 - FULL TRAINING: 6 configs × 2 seeds = 12 runs
2026-02-25 20:20:10.815 | INFO     | __main__:main:463 - ========================================
2026-02-25 20:20:10.819 | INFO     | __main__:main:473 - Resumed from checkpoint: 7 results loaded
2026-02-25 20:20:10.826 | INFO     | __main__:main:479 - Loaded 4 seed42 results with predictions
2026-02-25 20:20:10.827 | INFO     | __main__:main:492 -   Skipping rwpe_16_seed42 (already completed)
2026-02-25 20:20:10.828 | INFO     | __main__:main:492 -   Skipping rwpe_16_seed123 (already completed)
2026-02-25 20:20:10.829 | INFO     | __main__:main:492 -   Skipping nrwpe_offdiag_16_seed42 (already completed)
2026-02-25 20:20:10.830 | INFO     | __main__:main:492 -   Skipping nrwpe_offdiag_16_seed123 (already completed)
2026-02-25 20:20:10.831 | INFO     | __main__:main:492 -   Skipping nrwpe_combined_16_seed42 (already completed)
2026-02-25 20:20:10.833 | INFO     | __main__:main:492 -   Skipping nrwpe_combined_16_seed123 (already completed)
2026-02-25 20:20:10.834 | INFO     | __main__:main:492 -   Skipping nrwpe_diag_softplus_16_seed42 (already completed)
2026-02-25 20:20:10.835 | INFO     | __main__:main:499 -   Memory: 9.6GB / 62.0GB (15%)
2026-02-25 20:20:10.836 | INFO     | __main__:main:503 -   Training nrwpe_diag_softplus_16_seed123...
2026-02-25 20:20:11.380 | INFO     | __main__:train_and_evaluate:295 -   Model params: 278,145
2026-02-25 20:20:12.554 | INFO     | __main__:train_and_evaluate:338 -     Epoch 0: train_mae=0.8438, val_mae=0.8533, best_val=0.8533@0, patience=0
2026-02-25 20:20:59.230 | INFO     | __main__:train_and_evaluate:338 -     Epoch 50: train_mae=0.3397, val_mae=0.4905, best_val=0.3438@33, patience=17
2026-02-25 20:21:44.869 | INFO     | __main__:train_and_evaluate:338 -     Epoch 100: train_mae=0.2852, val_mae=0.3190, best_val=0.2931@74, patience=26
2026-02-25 20:22:29.929 | INFO     | __main__:train_and_evaluate:338 -     Epoch 150: train_mae=0.1857, val_mae=0.2455, best_val=0.2129@137, patience=13
2026-02-25 20:23:15.129 | INFO     | __main__:train_and_evaluate:338 -     Epoch 200: train_mae=0.1319, val_mae=0.1943, best_val=0.1870@196, patience=4
2026-02-25 20:23:59.740 | INFO     | __main__:train_and_evaluate:338 -     Epoch 249: train_mae=0.1238, val_mae=0.1837, best_val=0.1833@233, patience=16
2026-02-25 20:23:59.858 | INFO     | __main__:main:541 -   DONE nrwpe_diag_softplus_16_seed123: test_mae=0.1774, val_mae=0.1833, best_epoch=233, time=229.0s
2026-02-25 20:24:00.125 | INFO     | __main__:main:499 -   Memory: 10.3GB / 62.0GB (17%)
2026-02-25 20:24:00.127 | INFO     | __main__:main:503 -   Training nrwpe_diag_tanh_16_seed42...
2026-02-25 20:24:00.586 | INFO     | __main__:train_and_evaluate:295 -   Model params: 278,145
2026-02-25 20:24:01.452 | INFO     | __main__:train_and_evaluate:338 -     Epoch 0: train_mae=0.8389, val_mae=0.6170, best_val=0.6170@0, patience=0
2026-02-25 20:24:47.229 | INFO     | __main__:train_and_evaluate:338 -     Epoch 50: train_mae=0.2519, val_mae=0.3255, best_val=0.2683@44, patience=6
2026-02-25 20:25:32.651 | INFO     | __main__:train_and_evaluate:338 -     Epoch 100: train_mae=0.1629, val_mae=0.1986, best_val=0.1868@93, patience=7
2026-02-25 20:28:17.078 | INFO     | __main__:<module>:86 - Hardware: 11 CPUs, 62.0GB RAM, GPU=True, VRAM=25.3GB
2026-02-25 20:28:18.171 | INFO     | __main__:main:380 - ============================================================
2026-02-25 20:28:18.173 | INFO     | __main__:main:381 - nRWPE Off-Diagonal + Softplus on ZINC-12k with GINEConv
2026-02-25 20:28:18.175 | INFO     | __main__:main:382 - ============================================================
2026-02-25 20:28:18.179 | INFO     | __main__:main:398 - Loading cached PEs from /workspace/runs/run__20260225_141527/3_invention_loop/iter_5/gen_art/exp_id1_it5__opus/precomputed_pes.pkl
2026-02-25 20:28:18.419 | INFO     | __main__:main:405 - Loaded PEs for 12000 graphs, types: ['rwpe_16', 'nrwpe_diag_softplus_16', 'nrwpe_diag_tanh_16', 'nrwpe_offdiag_16', 'nrwpe_combined_16', 'no_pe']
2026-02-25 20:28:18.421 | INFO     | __main__:main:408 - Loading ZINC-12k data...
2026-02-25 20:28:18.680 | INFO     | __main__:main:412 - Loaded 12000 graphs
2026-02-25 20:28:18.684 | INFO     | __main__:main:418 - Split: train=10000, val=1000, test=1000
2026-02-25 20:28:18.686 | INFO     | __main__:main:458 - Checkpoint found — skipping mini validation
2026-02-25 20:28:18.688 | INFO     | __main__:main:461 - ========================================
2026-02-25 20:28:18.690 | INFO     | __main__:main:462 - FULL TRAINING: 6 configs × 2 seeds = 12 runs
2026-02-25 20:28:18.691 | INFO     | __main__:main:463 - ========================================
2026-02-25 20:28:18.698 | INFO     | __main__:main:473 - Resumed from checkpoint: 8 results loaded
2026-02-25 20:28:18.846 | INFO     | __main__:main:479 - Loaded 4 seed42 results with predictions
2026-02-25 20:28:18.848 | INFO     | __main__:main:492 -   Skipping rwpe_16_seed42 (already completed)
2026-02-25 20:28:18.851 | INFO     | __main__:main:492 -   Skipping rwpe_16_seed123 (already completed)
2026-02-25 20:28:18.852 | INFO     | __main__:main:492 -   Skipping nrwpe_offdiag_16_seed42 (already completed)
2026-02-25 20:28:18.854 | INFO     | __main__:main:492 -   Skipping nrwpe_offdiag_16_seed123 (already completed)
2026-02-25 20:28:18.856 | INFO     | __main__:main:492 -   Skipping nrwpe_combined_16_seed42 (already completed)
2026-02-25 20:28:18.858 | INFO     | __main__:main:492 -   Skipping nrwpe_combined_16_seed123 (already completed)
2026-02-25 20:28:18.861 | INFO     | __main__:main:492 -   Skipping nrwpe_diag_softplus_16_seed42 (already completed)
2026-02-25 20:28:18.862 | INFO     | __main__:main:492 -   Skipping nrwpe_diag_softplus_16_seed123 (already completed)
2026-02-25 20:28:18.864 | INFO     | __main__:main:499 -   Memory: 9.6GB / 62.0GB (16%)
2026-02-25 20:28:18.867 | INFO     | __main__:main:503 -   Training nrwpe_diag_tanh_16_seed42...
2026-02-25 20:28:19.406 | INFO     | __main__:train_and_evaluate:295 -   Model params: 278,145
2026-02-25 20:28:20.549 | INFO     | __main__:train_and_evaluate:338 -     Epoch 0: train_mae=0.8409, val_mae=0.8433, best_val=0.8433@0, patience=0
2026-02-25 20:29:05.964 | INFO     | __main__:train_and_evaluate:338 -     Epoch 50: train_mae=0.2439, val_mae=0.2727, best_val=0.2678@38, patience=12
2026-02-25 20:29:51.564 | INFO     | __main__:train_and_evaluate:338 -     Epoch 100: train_mae=0.1707, val_mae=0.2023, best_val=0.1816@96, patience=4
2026-02-25 20:30:36.667 | INFO     | __main__:train_and_evaluate:338 -     Epoch 150: train_mae=0.1260, val_mae=0.1469, best_val=0.1469@150, patience=0
2026-02-25 20:31:21.551 | INFO     | __main__:train_and_evaluate:338 -     Epoch 200: train_mae=0.0906, val_mae=0.1321, best_val=0.1252@190, patience=10
2026-02-25 20:32:05.356 | INFO     | __main__:train_and_evaluate:338 -     Epoch 249: train_mae=0.0762, val_mae=0.1203, best_val=0.1203@243, patience=6
2026-02-25 20:32:06.055 | INFO     | __main__:main:541 -   DONE nrwpe_diag_tanh_16_seed42: test_mae=0.1023, val_mae=0.1203, best_epoch=243, time=227.2s
2026-02-25 20:32:06.379 | INFO     | __main__:main:499 -   Memory: 10.0GB / 62.0GB (16%)
2026-02-25 20:32:06.382 | INFO     | __main__:main:503 -   Training nrwpe_diag_tanh_16_seed123...
2026-02-25 20:32:06.844 | INFO     | __main__:train_and_evaluate:295 -   Model params: 278,145
2026-02-25 20:32:07.669 | INFO     | __main__:train_and_evaluate:338 -     Epoch 0: train_mae=0.8731, val_mae=1.2778, best_val=1.2778@0, patience=0
2026-02-25 20:32:52.828 | INFO     | __main__:train_and_evaluate:338 -     Epoch 50: train_mae=0.2503, val_mae=0.6381, best_val=0.2723@35, patience=15
2026-02-25 20:33:38.069 | INFO     | __main__:train_and_evaluate:338 -     Epoch 100: train_mae=0.1845, val_mae=0.4111, best_val=0.1938@95, patience=5
2026-02-25 20:36:25.310 | INFO     | __main__:<module>:86 - Hardware: 11 CPUs, 62.0GB RAM, GPU=True, VRAM=25.3GB
2026-02-25 20:36:26.426 | INFO     | __main__:main:380 - ============================================================
2026-02-25 20:36:26.427 | INFO     | __main__:main:381 - nRWPE Off-Diagonal + Softplus on ZINC-12k with GINEConv
2026-02-25 20:36:26.428 | INFO     | __main__:main:382 - ============================================================
2026-02-25 20:36:26.429 | INFO     | __main__:main:398 - Loading cached PEs from /workspace/runs/run__20260225_141527/3_invention_loop/iter_5/gen_art/exp_id1_it5__opus/precomputed_pes.pkl
2026-02-25 20:36:26.687 | INFO     | __main__:main:405 - Loaded PEs for 12000 graphs, types: ['rwpe_16', 'nrwpe_diag_softplus_16', 'nrwpe_diag_tanh_16', 'nrwpe_offdiag_16', 'nrwpe_combined_16', 'no_pe']
2026-02-25 20:36:26.688 | INFO     | __main__:main:408 - Loading ZINC-12k data...
2026-02-25 20:36:27.117 | INFO     | __main__:main:412 - Loaded 12000 graphs
2026-02-25 20:36:27.120 | INFO     | __main__:main:418 - Split: train=10000, val=1000, test=1000
2026-02-25 20:36:27.122 | INFO     | __main__:main:458 - Checkpoint found — skipping mini validation
2026-02-25 20:36:27.124 | INFO     | __main__:main:461 - ========================================
2026-02-25 20:36:27.125 | INFO     | __main__:main:462 - FULL TRAINING: 6 configs × 2 seeds = 12 runs
2026-02-25 20:36:27.127 | INFO     | __main__:main:463 - ========================================
2026-02-25 20:36:27.132 | INFO     | __main__:main:473 - Resumed from checkpoint: 9 results loaded
2026-02-25 20:36:27.143 | INFO     | __main__:main:479 - Loaded 5 seed42 results with predictions
2026-02-25 20:36:27.144 | INFO     | __main__:main:492 -   Skipping rwpe_16_seed42 (already completed)
2026-02-25 20:36:27.146 | INFO     | __main__:main:492 -   Skipping rwpe_16_seed123 (already completed)
2026-02-25 20:36:27.147 | INFO     | __main__:main:492 -   Skipping nrwpe_offdiag_16_seed42 (already completed)
2026-02-25 20:36:27.148 | INFO     | __main__:main:492 -   Skipping nrwpe_offdiag_16_seed123 (already completed)
2026-02-25 20:36:27.149 | INFO     | __main__:main:492 -   Skipping nrwpe_combined_16_seed42 (already completed)
2026-02-25 20:36:27.151 | INFO     | __main__:main:492 -   Skipping nrwpe_combined_16_seed123 (already completed)
2026-02-25 20:36:27.152 | INFO     | __main__:main:492 -   Skipping nrwpe_diag_softplus_16_seed42 (already completed)
2026-02-25 20:36:27.153 | INFO     | __main__:main:492 -   Skipping nrwpe_diag_softplus_16_seed123 (already completed)
2026-02-25 20:36:27.154 | INFO     | __main__:main:492 -   Skipping nrwpe_diag_tanh_16_seed42 (already completed)
2026-02-25 20:36:27.155 | INFO     | __main__:main:499 -   Memory: 9.3GB / 62.0GB (15%)
2026-02-25 20:36:27.155 | INFO     | __main__:main:503 -   Training nrwpe_diag_tanh_16_seed123...
2026-02-25 20:36:27.699 | INFO     | __main__:train_and_evaluate:295 -   Model params: 278,145
2026-02-25 20:36:28.850 | INFO     | __main__:train_and_evaluate:338 -     Epoch 0: train_mae=0.9432, val_mae=1.2829, best_val=1.2829@0, patience=0
2026-02-25 20:37:14.242 | INFO     | __main__:train_and_evaluate:338 -     Epoch 50: train_mae=0.2515, val_mae=0.4241, best_val=0.2812@48, patience=2
2026-02-25 20:38:00.047 | INFO     | __main__:train_and_evaluate:338 -     Epoch 100: train_mae=0.1877, val_mae=0.2254, best_val=0.1841@96, patience=4
2026-02-25 20:38:45.064 | INFO     | __main__:train_and_evaluate:338 -     Epoch 150: train_mae=0.1308, val_mae=0.2146, best_val=0.1543@138, patience=12
2026-02-25 20:39:30.431 | INFO     | __main__:train_and_evaluate:338 -     Epoch 200: train_mae=0.0816, val_mae=0.1365, best_val=0.1365@200, patience=0
2026-02-25 20:40:14.628 | INFO     | __main__:train_and_evaluate:338 -     Epoch 249: train_mae=0.0802, val_mae=0.1356, best_val=0.1345@230, patience=19
2026-02-25 20:40:14.743 | INFO     | __main__:main:541 -   DONE nrwpe_diag_tanh_16_seed123: test_mae=0.1007, val_mae=0.1345, best_epoch=230, time=227.6s
2026-02-25 20:40:14.907 | INFO     | __main__:main:499 -   Memory: 10.2GB / 62.0GB (17%)
2026-02-25 20:40:14.908 | INFO     | __main__:main:503 -   Training no_pe_seed42...
2026-02-25 20:40:15.380 | INFO     | __main__:train_and_evaluate:295 -   Model params: 242,817
2026-02-25 20:40:16.236 | INFO     | __main__:train_and_evaluate:338 -     Epoch 0: train_mae=0.7647, val_mae=1.4150, best_val=1.4150@0, patience=0
2026-02-25 20:41:00.647 | INFO     | __main__:train_and_evaluate:338 -     Epoch 50: train_mae=0.3335, val_mae=0.5352, best_val=0.3320@39, patience=11
2026-02-25 20:41:45.140 | INFO     | __main__:train_and_evaluate:338 -     Epoch 100: train_mae=0.2708, val_mae=0.2885, best_val=0.2827@91, patience=9
2026-02-25 20:45:44.129 | INFO     | __main__:<module>:86 - Hardware: 11 CPUs, 62.0GB RAM, GPU=True, VRAM=25.3GB
2026-02-25 20:45:45.227 | INFO     | __main__:main:380 - ============================================================
2026-02-25 20:45:45.228 | INFO     | __main__:main:381 - nRWPE Off-Diagonal + Softplus on ZINC-12k with GINEConv
2026-02-25 20:45:45.229 | INFO     | __main__:main:382 - ============================================================
2026-02-25 20:45:45.230 | INFO     | __main__:main:398 - Loading cached PEs from /workspace/runs/run__20260225_141527/3_invention_loop/iter_5/gen_art/exp_id1_it5__opus/precomputed_pes.pkl
2026-02-25 20:45:45.498 | INFO     | __main__:main:405 - Loaded PEs for 12000 graphs, types: ['rwpe_16', 'nrwpe_diag_softplus_16', 'nrwpe_diag_tanh_16', 'nrwpe_offdiag_16', 'nrwpe_combined_16', 'no_pe']
2026-02-25 20:45:45.499 | INFO     | __main__:main:408 - Loading ZINC-12k data...
2026-02-25 20:45:45.761 | INFO     | __main__:main:412 - Loaded 12000 graphs
2026-02-25 20:45:45.763 | INFO     | __main__:main:418 - Split: train=10000, val=1000, test=1000
2026-02-25 20:45:45.764 | INFO     | __main__:main:458 - Checkpoint found — skipping mini validation
2026-02-25 20:45:45.766 | INFO     | __main__:main:461 - ========================================
2026-02-25 20:45:45.767 | INFO     | __main__:main:462 - FULL TRAINING: 6 configs × 3 seeds = 18 runs
2026-02-25 20:45:45.767 | INFO     | __main__:main:463 - ========================================
2026-02-25 20:45:45.770 | INFO     | __main__:main:473 - Resumed from checkpoint: 10 results loaded
2026-02-25 20:45:45.925 | INFO     | __main__:main:479 - Loaded 5 seed42 results with predictions
2026-02-25 20:45:45.926 | INFO     | __main__:main:492 -   Skipping rwpe_16_seed42 (already completed)
2026-02-25 20:45:45.927 | INFO     | __main__:main:492 -   Skipping rwpe_16_seed123 (already completed)
2026-02-25 20:45:45.929 | INFO     | __main__:main:499 -   Memory: 9.6GB / 62.0GB (15%)
2026-02-25 20:45:45.929 | INFO     | __main__:main:503 -   Training rwpe_16_seed456...
2026-02-25 20:45:46.461 | INFO     | __main__:train_and_evaluate:295 -   Model params: 278,145
2026-02-25 20:45:47.642 | INFO     | __main__:train_and_evaluate:338 -     Epoch 0: train_mae=0.8594, val_mae=1.0334, best_val=1.0334@0, patience=0
2026-02-25 20:46:32.469 | INFO     | __main__:train_and_evaluate:338 -     Epoch 50: train_mae=0.2389, val_mae=0.8644, best_val=0.2208@40, patience=10
2026-02-25 20:59:17.364 | INFO     | __main__:<module>:86 - Hardware: 11 CPUs, 62.0GB RAM, GPU=True, VRAM=21.0GB
2026-02-25 20:59:19.182 | INFO     | __main__:main:380 - ============================================================
2026-02-25 20:59:19.185 | INFO     | __main__:main:381 - nRWPE Off-Diagonal + Softplus on ZINC-12k with GINEConv
2026-02-25 20:59:19.187 | INFO     | __main__:main:382 - ============================================================
2026-02-25 20:59:19.190 | INFO     | __main__:main:398 - Loading cached PEs from /workspace/runs/run__20260225_141527/3_invention_loop/iter_5/gen_art/exp_id1_it5__opus/precomputed_pes.pkl
2026-02-25 20:59:19.433 | INFO     | __main__:main:405 - Loaded PEs for 12000 graphs, types: ['rwpe_16', 'nrwpe_diag_softplus_16', 'nrwpe_diag_tanh_16', 'nrwpe_offdiag_16', 'nrwpe_combined_16', 'no_pe']
2026-02-25 20:59:19.437 | INFO     | __main__:main:408 - Loading ZINC-12k data...
2026-02-25 20:59:20.251 | INFO     | __main__:main:412 - Loaded 12000 graphs
2026-02-25 20:59:20.256 | INFO     | __main__:main:418 - Split: train=10000, val=1000, test=1000
2026-02-25 20:59:20.266 | INFO     | __main__:main:458 - Checkpoint found — skipping mini validation
2026-02-25 20:59:20.268 | INFO     | __main__:main:461 - ========================================
2026-02-25 20:59:20.270 | INFO     | __main__:main:462 - FULL TRAINING: 6 configs × 3 seeds = 18 runs
2026-02-25 20:59:20.272 | INFO     | __main__:main:463 - ========================================
2026-02-25 20:59:20.282 | INFO     | __main__:main:473 - Resumed from checkpoint: 10 results loaded
2026-02-25 20:59:20.317 | INFO     | __main__:main:479 - Loaded 5 seed42 results with predictions
2026-02-25 20:59:20.320 | INFO     | __main__:main:492 -   Skipping rwpe_16_seed42 (already completed)
2026-02-25 20:59:20.322 | INFO     | __main__:main:492 -   Skipping rwpe_16_seed123 (already completed)
2026-02-25 20:59:20.326 | INFO     | __main__:main:503 -   Training rwpe_16_seed456...
2026-02-25 20:59:21.394 | INFO     | __main__:train_and_evaluate:295 -   Model params: 278,145
2026-02-25 20:59:24.590 | INFO     | __main__:train_and_evaluate:338 -     Epoch 0: train_mae=0.8479, val_mae=0.7158, best_val=0.7158@0, patience=0
2026-02-25 21:01:20.930 | INFO     | __main__:train_and_evaluate:338 -     Epoch 50: train_mae=0.2398, val_mae=0.3464, best_val=0.2485@45, patience=5
2026-02-25 21:03:17.120 | INFO     | __main__:train_and_evaluate:338 -     Epoch 100: train_mae=0.1637, val_mae=0.2209, best_val=0.1720@99, patience=1
2026-02-25 21:05:14.904 | INFO     | __main__:train_and_evaluate:338 -     Epoch 150: train_mae=0.1154, val_mae=0.1512, best_val=0.1501@141, patience=9
2026-02-25 21:07:12.976 | INFO     | __main__:<module>:95 - Hardware: 11 CPUs, 62.0GB RAM, GPU=True, VRAM=21.0GB
2026-02-25 21:07:14.820 | INFO     | __main__:main:389 - ============================================================
2026-02-25 21:07:14.823 | INFO     | __main__:main:390 - nRWPE Off-Diagonal + Softplus on ZINC-12k with GINEConv
2026-02-25 21:07:14.826 | INFO     | __main__:main:391 - ============================================================
2026-02-25 21:07:14.830 | INFO     | __main__:main:407 - Loading cached PEs from /workspace/runs/run__20260225_141527/3_invention_loop/iter_5/gen_art/exp_id1_it5__opus/precomputed_pes.pkl
2026-02-25 21:07:15.210 | INFO     | __main__:main:414 - Loaded PEs for 12000 graphs, types: ['rwpe_16', 'nrwpe_diag_softplus_16', 'nrwpe_diag_tanh_16', 'nrwpe_offdiag_16', 'nrwpe_combined_16', 'no_pe']
2026-02-25 21:07:15.213 | INFO     | __main__:main:417 - Loading ZINC-12k data...
2026-02-25 21:07:15.687 | INFO     | __main__:main:421 - Loaded 12000 graphs
2026-02-25 21:07:15.693 | INFO     | __main__:main:427 - Split: train=10000, val=1000, test=1000
2026-02-25 21:07:15.711 | INFO     | __main__:main:467 - Checkpoint found — skipping mini validation
2026-02-25 21:07:15.713 | INFO     | __main__:main:470 - ========================================
2026-02-25 21:07:15.715 | INFO     | __main__:main:471 - FULL TRAINING: 6 configs × 3 seeds = 18 runs
2026-02-25 21:07:15.717 | INFO     | __main__:main:472 - ========================================
2026-02-25 21:07:15.728 | INFO     | __main__:main:482 - Resumed from checkpoint: 10 results loaded
2026-02-25 21:07:15.742 | INFO     | __main__:main:488 - Loaded 5 seed42 results with predictions
2026-02-25 21:07:15.745 | INFO     | __main__:main:501 -   Skipping rwpe_16_seed42 (already completed)
2026-02-25 21:07:15.748 | INFO     | __main__:main:501 -   Skipping rwpe_16_seed123 (already completed)
2026-02-25 21:07:15.752 | INFO     | __main__:main:510 -   Memory: 9.3GB / 62.0GB (15%)
2026-02-25 21:07:15.754 | INFO     | __main__:main:517 -   CPU time: user=3s, sys=1s, total=5s / 14400s limit
2026-02-25 21:07:15.757 | INFO     | __main__:main:522 -   Training rwpe_16_seed456...
2026-02-25 21:07:16.825 | INFO     | __main__:train_and_evaluate:304 -   Model params: 278,145
2026-02-25 21:07:18.891 | INFO     | __main__:train_and_evaluate:347 -     Epoch 0: train_mae=0.8414, val_mae=0.6297, best_val=0.6297@0, patience=0
2026-02-25 21:08:35.757 | INFO     | __main__:train_and_evaluate:347 -     Epoch 50: train_mae=0.2305, val_mae=0.5364, best_val=0.2280@37, patience=13
2026-02-25 21:09:45.195 | INFO     | __main__:train_and_evaluate:347 -     Epoch 100: train_mae=0.1644, val_mae=0.1759, best_val=0.1747@95, patience=5
2026-02-25 21:11:02.051 | INFO     | __main__:train_and_evaluate:347 -     Epoch 150: train_mae=0.1204, val_mae=0.1623, best_val=0.1419@148, patience=2
2026-02-25 21:12:17.730 | INFO     | __main__:train_and_evaluate:347 -     Epoch 200: train_mae=0.0917, val_mae=0.1293, best_val=0.1233@192, patience=8
2026-02-25 21:13:32.954 | INFO     | __main__:train_and_evaluate:347 -     Epoch 249: train_mae=0.0708, val_mae=0.1194, best_val=0.1193@243, patience=6
2026-02-25 21:13:33.062 | INFO     | __main__:main:560 -   DONE rwpe_16_seed456: test_mae=0.0921, val_mae=0.1193, best_epoch=243, time=377.3s
2026-02-25 21:13:33.283 | INFO     | __main__:main:501 -   Skipping nrwpe_offdiag_16_seed42 (already completed)
2026-02-25 21:13:33.285 | INFO     | __main__:main:501 -   Skipping nrwpe_offdiag_16_seed123 (already completed)
2026-02-25 21:13:33.292 | INFO     | __main__:main:510 -   Memory: 9.9GB / 62.0GB (16%)
2026-02-25 21:13:33.294 | INFO     | __main__:main:517 -   CPU time: user=627s, sys=3s, total=629s / 14400s limit
2026-02-25 21:13:33.296 | INFO     | __main__:main:522 -   Training nrwpe_offdiag_16_seed456...
2026-02-25 21:13:34.240 | INFO     | __main__:train_and_evaluate:304 -   Model params: 278,145
2026-02-25 21:13:35.796 | INFO     | __main__:train_and_evaluate:347 -     Epoch 0: train_mae=0.9178, val_mae=2.1588, best_val=2.1588@0, patience=0
2026-02-25 21:14:53.773 | INFO     | __main__:train_and_evaluate:347 -     Epoch 50: train_mae=0.3318, val_mae=0.9137, best_val=0.3357@35, patience=15
2026-02-25 21:16:11.979 | INFO     | __main__:train_and_evaluate:347 -     Epoch 100: train_mae=0.2851, val_mae=0.3275, best_val=0.2946@96, patience=4
2026-02-25 21:17:26.221 | INFO     | __main__:train_and_evaluate:347 -     Epoch 150: train_mae=0.1892, val_mae=0.2433, best_val=0.2327@147, patience=3
2026-02-25 21:18:31.738 | INFO     | __main__:train_and_evaluate:347 -     Epoch 200: train_mae=0.1382, val_mae=0.2002, best_val=0.1965@199, patience=1
2026-02-25 21:19:35.261 | INFO     | __main__:train_and_evaluate:347 -     Epoch 247: train_mae=0.1138, val_mae=0.1924, best_val=0.1909@207, patience=40
2026-02-25 21:19:35.263 | INFO     | __main__:train_and_evaluate:352 -     Early stopping at epoch 247
2026-02-25 21:19:35.371 | INFO     | __main__:main:560 -   DONE nrwpe_offdiag_16_seed456: test_mae=0.1750, val_mae=0.1909, best_epoch=207, time=362.1s
2026-02-25 21:19:35.604 | INFO     | __main__:main:501 -   Skipping nrwpe_combined_16_seed42 (already completed)
2026-02-25 21:19:35.607 | INFO     | __main__:main:501 -   Skipping nrwpe_combined_16_seed123 (already completed)
2026-02-25 21:19:35.616 | INFO     | __main__:main:510 -   Memory: 10.2GB / 62.0GB (17%)
2026-02-25 21:19:35.618 | INFO     | __main__:main:517 -   CPU time: user=1229s, sys=4s, total=1233s / 14400s limit
2026-02-25 21:19:35.620 | INFO     | __main__:main:522 -   Training nrwpe_combined_16_seed456...
2026-02-25 21:19:36.539 | INFO     | __main__:train_and_evaluate:304 -   Model params: 278,145
2026-02-25 21:19:38.090 | INFO     | __main__:train_and_evaluate:347 -     Epoch 0: train_mae=0.8812, val_mae=1.0406, best_val=1.0406@0, patience=0
2026-02-25 21:20:55.970 | INFO     | __main__:train_and_evaluate:347 -     Epoch 50: train_mae=0.3280, val_mae=0.4667, best_val=0.3328@36, patience=14
2026-02-25 21:22:12.691 | INFO     | __main__:train_and_evaluate:347 -     Epoch 100: train_mae=0.2792, val_mae=0.2894, best_val=0.2888@92, patience=8
2026-02-25 21:23:31.313 | INFO     | __main__:train_and_evaluate:347 -     Epoch 150: train_mae=0.1730, val_mae=0.2233, best_val=0.2134@149, patience=1
2026-02-25 21:24:48.717 | INFO     | __main__:train_and_evaluate:347 -     Epoch 200: train_mae=0.1315, val_mae=0.1888, best_val=0.1876@197, patience=3
2026-02-25 21:26:04.382 | INFO     | __main__:train_and_evaluate:347 -     Epoch 249: train_mae=0.1040, val_mae=0.1846, best_val=0.1839@245, patience=4
2026-02-25 21:26:04.490 | INFO     | __main__:main:560 -   DONE nrwpe_combined_16_seed456: test_mae=0.1680, val_mae=0.1839, best_epoch=245, time=388.9s
2026-02-25 21:26:04.726 | INFO     | __main__:main:501 -   Skipping nrwpe_diag_softplus_16_seed42 (already completed)
2026-02-25 21:26:04.727 | INFO     | __main__:main:501 -   Skipping nrwpe_diag_softplus_16_seed123 (already completed)
2026-02-25 21:26:04.735 | INFO     | __main__:main:510 -   Memory: 10.2GB / 62.0GB (17%)
2026-02-25 21:26:04.736 | INFO     | __main__:main:517 -   CPU time: user=1874s, sys=5s, total=1879s / 14400s limit
2026-02-25 21:26:04.738 | INFO     | __main__:main:522 -   Training nrwpe_diag_softplus_16_seed456...
2026-02-25 21:26:05.703 | INFO     | __main__:train_and_evaluate:304 -   Model params: 278,145
2026-02-25 21:26:07.277 | INFO     | __main__:train_and_evaluate:347 -     Epoch 0: train_mae=0.8298, val_mae=0.6541, best_val=0.6541@0, patience=0
2026-02-25 21:27:22.675 | INFO     | __main__:train_and_evaluate:347 -     Epoch 50: train_mae=0.3445, val_mae=0.4313, best_val=0.3551@47, patience=3
2026-02-25 21:28:22.795 | INFO     | __main__:train_and_evaluate:347 -     Epoch 100: train_mae=0.2717, val_mae=0.3156, best_val=0.2887@98, patience=2
2026-02-25 21:29:39.257 | INFO     | __main__:train_and_evaluate:347 -     Epoch 150: train_mae=0.1811, val_mae=0.2344, best_val=0.2049@147, patience=3
2026-02-25 21:30:56.742 | INFO     | __main__:train_and_evaluate:347 -     Epoch 200: train_mae=0.1439, val_mae=0.1820, best_val=0.1820@200, patience=0
2026-02-25 21:32:13.661 | INFO     | __main__:train_and_evaluate:347 -     Epoch 249: train_mae=0.1154, val_mae=0.1812, best_val=0.1783@243, patience=6
2026-02-25 21:32:13.771 | INFO     | __main__:main:560 -   DONE nrwpe_diag_softplus_16_seed456: test_mae=0.1566, val_mae=0.1783, best_epoch=243, time=369.0s
2026-02-25 21:32:14.146 | INFO     | __main__:main:501 -   Skipping nrwpe_diag_tanh_16_seed42 (already completed)
2026-02-25 21:32:14.148 | INFO     | __main__:main:501 -   Skipping nrwpe_diag_tanh_16_seed123 (already completed)
2026-02-25 21:32:14.156 | INFO     | __main__:main:510 -   Memory: 10.2GB / 62.0GB (17%)
2026-02-25 21:32:14.157 | INFO     | __main__:main:517 -   CPU time: user=2484s, sys=6s, total=2490s / 14400s limit
2026-02-25 21:32:14.159 | INFO     | __main__:main:522 -   Training nrwpe_diag_tanh_16_seed456...
2026-02-25 21:32:15.088 | INFO     | __main__:train_and_evaluate:304 -   Model params: 278,145
2026-02-25 21:32:16.658 | INFO     | __main__:train_and_evaluate:347 -     Epoch 0: train_mae=0.8790, val_mae=0.6957, best_val=0.6957@0, patience=0
2026-02-25 21:33:35.018 | INFO     | __main__:train_and_evaluate:347 -     Epoch 50: train_mae=0.2539, val_mae=0.2954, best_val=0.2954@50, patience=0
2026-02-25 21:34:52.816 | INFO     | __main__:train_and_evaluate:347 -     Epoch 100: train_mae=0.1875, val_mae=0.2578, best_val=0.1985@96, patience=4
2026-02-25 21:36:10.404 | INFO     | __main__:train_and_evaluate:347 -     Epoch 150: train_mae=0.1295, val_mae=0.1706, best_val=0.1512@149, patience=1
2026-02-25 21:37:25.148 | INFO     | __main__:train_and_evaluate:347 -     Epoch 200: train_mae=0.1034, val_mae=0.1311, best_val=0.1287@199, patience=1
2026-02-25 21:38:37.845 | INFO     | __main__:train_and_evaluate:347 -     Epoch 249: train_mae=0.0806, val_mae=0.1254, best_val=0.1253@226, patience=23
2026-02-25 21:38:37.954 | INFO     | __main__:main:560 -   DONE nrwpe_diag_tanh_16_seed456: test_mae=0.1049, val_mae=0.1253, best_epoch=226, time=383.8s
2026-02-25 21:38:38.192 | INFO     | __main__:main:510 -   Memory: 10.3GB / 62.0GB (17%)
2026-02-25 21:38:38.194 | INFO     | __main__:main:517 -   CPU time: user=3120s, sys=7s, total=3127s / 14400s limit
2026-02-25 21:38:38.197 | INFO     | __main__:main:522 -   Training no_pe_seed42...
2026-02-25 21:38:39.121 | INFO     | __main__:train_and_evaluate:304 -   Model params: 242,817
2026-02-25 21:38:40.576 | INFO     | __main__:train_and_evaluate:347 -     Epoch 0: train_mae=0.7822, val_mae=1.1670, best_val=1.1670@0, patience=0
2026-02-25 21:39:52.109 | INFO     | __main__:train_and_evaluate:347 -     Epoch 50: train_mae=0.3297, val_mae=0.6341, best_val=0.3387@36, patience=14
2026-02-25 21:41:05.287 | INFO     | __main__:train_and_evaluate:347 -     Epoch 100: train_mae=0.2655, val_mae=0.2575, best_val=0.2575@100, patience=0
2026-02-25 21:42:18.269 | INFO     | __main__:train_and_evaluate:347 -     Epoch 150: train_mae=0.1940, val_mae=0.2876, best_val=0.2160@134, patience=16
2026-02-25 21:43:31.919 | INFO     | __main__:train_and_evaluate:347 -     Epoch 200: train_mae=0.1397, val_mae=0.1935, best_val=0.1925@186, patience=14
2026-02-25 21:44:16.766 | INFO     | __main__:train_and_evaluate:347 -     Epoch 242: train_mae=0.1201, val_mae=0.1904, best_val=0.1882@202, patience=40
2026-02-25 21:44:16.769 | INFO     | __main__:train_and_evaluate:352 -     Early stopping at epoch 242
2026-02-25 21:44:17.375 | INFO     | __main__:main:560 -   DONE no_pe_seed42: test_mae=0.1903, val_mae=0.1882, best_epoch=202, time=339.2s
2026-02-25 21:44:17.656 | INFO     | __main__:main:510 -   Memory: 9.9GB / 62.0GB (16%)
2026-02-25 21:44:17.658 | INFO     | __main__:main:517 -   CPU time: user=3663s, sys=8s, total=3671s / 14400s limit
2026-02-25 21:44:17.659 | INFO     | __main__:main:522 -   Training no_pe_seed123...
2026-02-25 21:44:18.583 | INFO     | __main__:train_and_evaluate:304 -   Model params: 242,817
2026-02-25 21:44:19.535 | INFO     | __main__:train_and_evaluate:347 -     Epoch 0: train_mae=0.7733, val_mae=0.8442, best_val=0.8442@0, patience=0
2026-02-25 21:45:23.458 | INFO     | __main__:train_and_evaluate:347 -     Epoch 50: train_mae=0.3345, val_mae=0.3906, best_val=0.3293@49, patience=1
2026-02-25 21:46:32.970 | INFO     | __main__:train_and_evaluate:347 -     Epoch 100: train_mae=0.2668, val_mae=0.2888, best_val=0.2709@91, patience=9
2026-02-25 21:47:38.626 | INFO     | __main__:train_and_evaluate:347 -     Epoch 150: train_mae=0.1817, val_mae=0.2110, best_val=0.2110@150, patience=0
2026-02-25 21:48:49.229 | INFO     | __main__:train_and_evaluate:347 -     Epoch 200: train_mae=0.1415, val_mae=0.1948, best_val=0.1881@197, patience=3
2026-02-25 21:49:48.879 | INFO     | __main__:train_and_evaluate:347 -     Epoch 249: train_mae=0.1242, val_mae=0.1870, best_val=0.1862@244, patience=5
2026-02-25 21:49:48.985 | INFO     | __main__:main:560 -   DONE no_pe_seed123: test_mae=0.1812, val_mae=0.1862, best_epoch=244, time=331.3s
2026-02-25 21:49:49.301 | INFO     | __main__:main:510 -   Memory: 10.3GB / 62.0GB (17%)
2026-02-25 21:49:49.307 | INFO     | __main__:main:517 -   CPU time: user=4195s, sys=9s, total=4204s / 14400s limit
2026-02-25 21:49:49.309 | INFO     | __main__:main:522 -   Training no_pe_seed456...
2026-02-25 21:49:50.262 | INFO     | __main__:train_and_evaluate:304 -   Model params: 242,817
2026-02-25 21:49:51.755 | INFO     | __main__:train_and_evaluate:347 -     Epoch 0: train_mae=0.8560, val_mae=1.1919, best_val=1.1919@0, patience=0
2026-02-25 21:51:05.262 | INFO     | __main__:train_and_evaluate:347 -     Epoch 50: train_mae=0.3320, val_mae=0.4750, best_val=0.3420@47, patience=3
2026-02-25 21:52:18.264 | INFO     | __main__:train_and_evaluate:347 -     Epoch 100: train_mae=0.2830, val_mae=0.3185, best_val=0.2856@85, patience=15
2026-02-25 21:53:25.337 | INFO     | __main__:train_and_evaluate:347 -     Epoch 150: train_mae=0.2161, val_mae=0.2871, best_val=0.2338@149, patience=1
2026-02-25 21:54:38.697 | INFO     | __main__:train_and_evaluate:347 -     Epoch 200: train_mae=0.1636, val_mae=0.2019, best_val=0.2019@200, patience=0
2026-02-25 21:55:50.075 | INFO     | __main__:train_and_evaluate:347 -     Epoch 249: train_mae=0.1500, val_mae=0.2018, best_val=0.2000@236, patience=13
2026-02-25 21:55:50.179 | INFO     | __main__:main:560 -   DONE no_pe_seed456: test_mae=0.2020, val_mae=0.2000, best_epoch=236, time=360.9s
2026-02-25 21:55:50.410 | INFO     | __main__:main:609 - ========================================
2026-02-25 21:55:50.412 | INFO     | __main__:main:610 - RESULTS AGGREGATION
2026-02-25 21:55:50.414 | INFO     | __main__:main:611 - ========================================
2026-02-25 21:55:50.418 | INFO     | __main__:main:637 -   rwpe_16: test_mae=0.0908±0.0024, val_mae=0.1203±0.0037, n_seeds=3
2026-02-25 21:55:50.420 | INFO     | __main__:main:637 -   nrwpe_offdiag_16: test_mae=0.1716±0.0035, val_mae=0.1866±0.0040, n_seeds=3
2026-02-25 21:55:50.422 | INFO     | __main__:main:637 -   nrwpe_combined_16: test_mae=0.1716±0.0031, val_mae=0.1830±0.0007, n_seeds=3
2026-02-25 21:55:50.424 | INFO     | __main__:main:637 -   nrwpe_diag_softplus_16: test_mae=0.1636±0.0098, val_mae=0.1779±0.0045, n_seeds=3
2026-02-25 21:55:50.426 | INFO     | __main__:main:637 -   nrwpe_diag_tanh_16: test_mae=0.1026±0.0017, val_mae=0.1267±0.0059, n_seeds=3
2026-02-25 21:55:50.428 | INFO     | __main__:main:637 -   no_pe: test_mae=0.1911±0.0085, val_mae=0.1914±0.0061, n_seeds=3
2026-02-25 21:55:50.430 | INFO     | __main__:main:642 - ========================================
2026-02-25 21:55:50.432 | INFO     | __main__:main:643 - PER-GRAPH ANALYSIS
2026-02-25 21:55:50.434 | INFO     | __main__:main:644 - ========================================
2026-02-25 21:55:50.444 | INFO     | __main__:main:669 -   offdiag vs rwpe: wins=423, losses=577, ties=0
2026-02-25 21:55:50.446 | INFO     | __main__:main:687 -   softplus vs tanh: {'softplus_wins': 427, 'tanh_wins': 573, 'softplus_mean_improvement': -0.054466874500736596}
2026-02-25 21:55:50.448 | INFO     | __main__:main:701 -   combined vs individual: {'combined_mae': 0.1756278208652511, 'offdiag_mae': 0.16669745789933949, 'softplus_diag_mae': 0.15680036391876637}
2026-02-25 21:55:50.450 | INFO     | __main__:main:704 - ========================================
2026-02-25 21:55:50.452 | INFO     | __main__:main:705 - BUILDING OUTPUT
2026-02-25 21:55:50.453 | INFO     | __main__:main:706 - ========================================
2026-02-25 21:55:50.940 | INFO     | __main__:main:798 - Saved method_out.json (13.2MB, 12000 examples)
2026-02-25 21:55:50.943 | INFO     | __main__:main:801 - Total time: 2916.1s (48.6min)
2026-02-25 21:55:50.946 | INFO     | __main__:main:802 - DONE!
