2026-02-25 14:41:16.103 | INFO     | __main__:<module>:100 - GPU: NVIDIA RTX A4500, VRAM: 21.2GB
2026-02-25 14:41:16.106 | INFO     | __main__:<module>:105 - CPUs: 11, RAM: 62.0GB, Device: cuda
2026-02-25 14:41:16.109 | INFO     | __main__:main:1035 - ============================================================
2026-02-25 14:41:16.111 | INFO     | __main__:main:1036 - nRWPE Variants on ZINC-12k Experiment
2026-02-25 14:41:16.114 | INFO     | __main__:main:1037 - ============================================================
2026-02-25 14:41:16.116 | INFO     | __main__:run_mini_validation:964 - ============================================================
2026-02-25 14:41:16.117 | INFO     | __main__:run_mini_validation:965 - MINI VALIDATION
2026-02-25 14:41:16.119 | INFO     | __main__:run_mini_validation:966 - ============================================================
2026-02-25 14:41:16.121 | INFO     | __main__:load_dataset:148 - Loading data from /workspace/runs/run__20260225_014759/3_invention_loop/iter_1/gen_art/data_id3_it1__opus/mini_data_out.json
2026-02-25 14:41:16.204 | INFO     | __main__:load_dataset:153 - Loaded 3 examples
2026-02-25 14:41:16.205 | INFO     | __main__:precompute_all_pes:472 - Precomputing PEs for 3 graphs with 1 workers
2026-02-25 14:41:16.292 | INFO     | __main__:precompute_all_pes:523 - PE precomputation done in 0.1s
2026-02-25 14:41:16.294 | INFO     | __main__:run_mini_validation:982 -   rwpe: shape=(29, 20), OK
2026-02-25 14:41:16.296 | INFO     | __main__:run_mini_validation:982 -   nrwpe_diag: shape=(29, 20), OK
2026-02-25 14:41:16.305 | INFO     | __main__:run_mini_validation:982 -   nrwpe_multi: shape=(29, 60), OK
2026-02-25 14:41:16.307 | INFO     | __main__:run_mini_validation:982 -   abs_kwpe: shape=(29, 16), OK
2026-02-25 14:41:16.310 | INFO     | __main__:run_mini_validation:982 -   nrwpe_stats: shape=(29, 16), OK
2026-02-25 14:41:16.311 | INFO     | __main__:run_mini_validation:982 -   nrwpe_combined: shape=(29, 20), OK
2026-02-25 14:41:16.313 | INFO     | __main__:run_mini_validation:982 -   no_pe: shape=(29, 16), OK
2026-02-25 14:41:16.630 | INFO     | __main__:run_mini_validation:999 -   GIN forward pass OK for rwpe
2026-02-25 14:41:16.643 | INFO     | __main__:run_mini_validation:999 -   GIN forward pass OK for nrwpe_diag
2026-02-25 14:41:16.655 | INFO     | __main__:run_mini_validation:999 -   GIN forward pass OK for no_pe
2026-02-25 14:41:16.734 | INFO     | __main__:run_mini_validation:1014 -   GPS forward pass OK for rwpe
2026-02-25 14:41:16.763 | INFO     | __main__:run_mini_validation:1014 -   GPS forward pass OK for nrwpe_diag
2026-02-25 14:41:17.101 | INFO     | __main__:train_and_evaluate:939 -   GIN_ZINC_v2 | rwpe | seed=42 | test_mae=1.5097 | val_mae=1.5097 | epoch=5 | time=0.3s
2026-02-25 14:41:17.229 | INFO     | __main__:run_mini_validation:1024 -   Mini train rwpe: loss=1.5097, OK
2026-02-25 14:41:17.540 | INFO     | __main__:train_and_evaluate:939 -   GIN_ZINC_v2 | nrwpe_diag | seed=42 | test_mae=1.3010 | val_mae=1.3010 | epoch=19 | time=0.3s
2026-02-25 14:41:17.664 | INFO     | __main__:run_mini_validation:1024 -   Mini train nrwpe_diag: loss=1.3010, OK
2026-02-25 14:41:17.666 | INFO     | __main__:run_mini_validation:1026 - MINI VALIDATION PASSED
2026-02-25 14:41:17.669 | INFO     | __main__:main:1043 - ============================================================
2026-02-25 14:41:17.670 | INFO     | __main__:main:1044 - LOADING FULL DATASET
2026-02-25 14:41:17.672 | INFO     | __main__:main:1045 - ============================================================
2026-02-25 14:41:17.674 | INFO     | __main__:load_dataset:148 - Loading data from /workspace/runs/run__20260225_014759/3_invention_loop/iter_1/gen_art/data_id3_it1__opus/full_data_out.json
2026-02-25 14:41:17.748 | INFO     | __main__:load_dataset:153 - Loaded 12000 examples
2026-02-25 14:41:17.750 | INFO     | __main__:main:1047 - Total examples: 12000
2026-02-25 14:41:17.756 | INFO     | __main__:main:1051 - Fold distribution: {'train': 10000, 'val': 1000, 'test': 1000}
2026-02-25 14:41:17.759 | INFO     | __main__:main:1054 - ============================================================
2026-02-25 14:41:17.762 | INFO     | __main__:main:1055 - PRECOMPUTING POSITIONAL ENCODINGS
2026-02-25 14:41:17.764 | INFO     | __main__:main:1056 - ============================================================
2026-02-25 14:41:17.768 | INFO     | __main__:precompute_all_pes:472 - Precomputing PEs for 12000 graphs with 10 workers
2026-02-25 14:42:06.397 | INFO     | __main__:precompute_all_pes:520 -   PE computed: 500/12000 (48.4s)
2026-02-25 14:42:53.585 | INFO     | __main__:precompute_all_pes:520 -   PE computed: 1000/12000 (95.6s)
2026-02-25 14:43:41.602 | INFO     | __main__:precompute_all_pes:520 -   PE computed: 1500/12000 (143.6s)
2026-02-25 14:44:30.002 | INFO     | __main__:precompute_all_pes:520 -   PE computed: 2000/12000 (192.0s)
2026-02-25 14:45:15.485 | INFO     | __main__:precompute_all_pes:520 -   PE computed: 2500/12000 (237.5s)
2026-02-25 14:45:59.586 | INFO     | __main__:precompute_all_pes:520 -   PE computed: 3000/12000 (281.6s)
2026-02-25 14:46:46.196 | INFO     | __main__:precompute_all_pes:520 -   PE computed: 3500/12000 (328.2s)
2026-02-25 14:47:33.286 | INFO     | __main__:precompute_all_pes:520 -   PE computed: 4000/12000 (375.3s)
2026-02-25 14:48:20.285 | INFO     | __main__:precompute_all_pes:520 -   PE computed: 4500/12000 (422.3s)
2026-02-25 14:49:06.699 | INFO     | __main__:precompute_all_pes:520 -   PE computed: 5000/12000 (468.7s)
2026-02-25 14:49:55.896 | INFO     | __main__:precompute_all_pes:520 -   PE computed: 5500/12000 (517.9s)
2026-02-25 14:50:42.288 | INFO     | __main__:precompute_all_pes:520 -   PE computed: 6000/12000 (564.3s)
2026-02-25 14:51:36.429 | INFO     | __main__:<module>:100 - GPU: NVIDIA RTX A4500, VRAM: 21.2GB
2026-02-25 14:51:36.433 | INFO     | __main__:<module>:105 - CPUs: 11, RAM: 62.0GB, Device: cuda
2026-02-25 14:51:36.436 | INFO     | __main__:main:1035 - ============================================================
2026-02-25 14:51:36.439 | INFO     | __main__:main:1036 - nRWPE Variants on ZINC-12k Experiment
2026-02-25 14:51:36.442 | INFO     | __main__:main:1037 - ============================================================
2026-02-25 14:51:36.444 | INFO     | __main__:run_mini_validation:964 - ============================================================
2026-02-25 14:51:36.446 | INFO     | __main__:run_mini_validation:965 - MINI VALIDATION
2026-02-25 14:51:36.449 | INFO     | __main__:run_mini_validation:966 - ============================================================
2026-02-25 14:51:36.451 | INFO     | __main__:load_dataset:148 - Loading data from /workspace/runs/run__20260225_014759/3_invention_loop/iter_1/gen_art/data_id3_it1__opus/mini_data_out.json
2026-02-25 14:51:36.497 | INFO     | __main__:load_dataset:153 - Loaded 3 examples
2026-02-25 14:51:36.506 | INFO     | __main__:precompute_all_pes:472 - Precomputing PEs for 3 graphs with 1 workers
2026-02-25 14:51:36.631 | INFO     | __main__:precompute_all_pes:523 - PE precomputation done in 0.1s
2026-02-25 14:51:36.633 | INFO     | __main__:run_mini_validation:982 -   rwpe: shape=(29, 20), OK
2026-02-25 14:51:36.635 | INFO     | __main__:run_mini_validation:982 -   nrwpe_diag: shape=(29, 20), OK
2026-02-25 14:51:36.637 | INFO     | __main__:run_mini_validation:982 -   nrwpe_multi: shape=(29, 60), OK
2026-02-25 14:51:36.639 | INFO     | __main__:run_mini_validation:982 -   abs_kwpe: shape=(29, 16), OK
2026-02-25 14:51:36.640 | INFO     | __main__:run_mini_validation:982 -   nrwpe_stats: shape=(29, 16), OK
2026-02-25 14:51:36.686 | INFO     | __main__:run_mini_validation:982 -   nrwpe_combined: shape=(29, 20), OK
2026-02-25 14:51:36.687 | INFO     | __main__:run_mini_validation:982 -   no_pe: shape=(29, 16), OK
2026-02-25 14:51:36.965 | INFO     | __main__:run_mini_validation:999 -   GIN forward pass OK for rwpe
2026-02-25 14:51:36.978 | INFO     | __main__:run_mini_validation:999 -   GIN forward pass OK for nrwpe_diag
2026-02-25 14:51:36.992 | INFO     | __main__:run_mini_validation:999 -   GIN forward pass OK for no_pe
2026-02-25 14:51:37.077 | INFO     | __main__:run_mini_validation:1014 -   GPS forward pass OK for rwpe
2026-02-25 14:51:37.106 | INFO     | __main__:run_mini_validation:1014 -   GPS forward pass OK for nrwpe_diag
2026-02-25 14:51:37.517 | INFO     | __main__:train_and_evaluate:939 -   GIN_ZINC_v2 | rwpe | seed=42 | test_mae=1.5030 | val_mae=1.5030 | epoch=5 | time=0.4s
2026-02-25 14:51:37.641 | INFO     | __main__:run_mini_validation:1024 -   Mini train rwpe: loss=1.5030, OK
2026-02-25 14:51:37.940 | INFO     | __main__:train_and_evaluate:939 -   GIN_ZINC_v2 | nrwpe_diag | seed=42 | test_mae=1.4328 | val_mae=1.4328 | epoch=19 | time=0.3s
2026-02-25 14:51:38.063 | INFO     | __main__:run_mini_validation:1024 -   Mini train nrwpe_diag: loss=1.4328, OK
2026-02-25 14:51:38.064 | INFO     | __main__:run_mini_validation:1026 - MINI VALIDATION PASSED
2026-02-25 14:51:38.067 | INFO     | __main__:main:1043 - ============================================================
2026-02-25 14:51:38.069 | INFO     | __main__:main:1044 - LOADING FULL DATASET
2026-02-25 14:51:38.071 | INFO     | __main__:main:1045 - ============================================================
2026-02-25 14:51:38.073 | INFO     | __main__:load_dataset:148 - Loading data from /workspace/runs/run__20260225_014759/3_invention_loop/iter_1/gen_art/data_id3_it1__opus/full_data_out.json
2026-02-25 14:51:38.152 | INFO     | __main__:load_dataset:153 - Loaded 12000 examples
2026-02-25 14:51:38.154 | INFO     | __main__:main:1047 - Total examples: 12000
2026-02-25 14:51:38.159 | INFO     | __main__:main:1051 - Fold distribution: {'train': 10000, 'val': 1000, 'test': 1000}
2026-02-25 14:51:38.161 | INFO     | __main__:main:1054 - ============================================================
2026-02-25 14:51:38.163 | INFO     | __main__:main:1055 - PRECOMPUTING POSITIONAL ENCODINGS
2026-02-25 14:51:38.165 | INFO     | __main__:main:1056 - ============================================================
2026-02-25 14:51:38.177 | INFO     | __main__:precompute_all_pes:472 - Precomputing PEs for 12000 graphs with 10 workers
2026-02-25 14:52:26.695 | INFO     | __main__:precompute_all_pes:520 -   PE computed: 500/12000 (48.3s)
2026-02-25 14:53:13.986 | INFO     | __main__:precompute_all_pes:520 -   PE computed: 1000/12000 (95.6s)
2026-02-25 14:54:01.095 | INFO     | __main__:precompute_all_pes:520 -   PE computed: 1500/12000 (142.7s)
2026-02-25 14:54:46.591 | INFO     | __main__:precompute_all_pes:520 -   PE computed: 2000/12000 (188.2s)
2026-02-25 14:55:32.997 | INFO     | __main__:precompute_all_pes:520 -   PE computed: 2500/12000 (234.6s)
2026-02-25 14:56:16.601 | INFO     | __main__:precompute_all_pes:520 -   PE computed: 3000/12000 (278.2s)
2026-02-25 14:57:03.693 | INFO     | __main__:precompute_all_pes:520 -   PE computed: 3500/12000 (325.3s)
2026-02-25 14:57:50.990 | INFO     | __main__:precompute_all_pes:520 -   PE computed: 4000/12000 (372.6s)
2026-02-25 14:58:37.095 | INFO     | __main__:precompute_all_pes:520 -   PE computed: 4500/12000 (418.7s)
2026-02-25 14:59:05.431 | INFO     | __main__:<module>:100 - GPU: NVIDIA RTX A4500, VRAM: 21.2GB
2026-02-25 14:59:05.433 | INFO     | __main__:<module>:105 - CPUs: 11, RAM: 62.0GB, Device: cuda
2026-02-25 14:59:05.435 | INFO     | __main__:main:1035 - ============================================================
2026-02-25 14:59:05.437 | INFO     | __main__:main:1036 - nRWPE Variants on ZINC-12k Experiment
2026-02-25 14:59:05.439 | INFO     | __main__:main:1037 - ============================================================
2026-02-25 14:59:05.441 | INFO     | __main__:run_mini_validation:964 - ============================================================
2026-02-25 14:59:05.443 | INFO     | __main__:run_mini_validation:965 - MINI VALIDATION
2026-02-25 14:59:05.445 | INFO     | __main__:run_mini_validation:966 - ============================================================
2026-02-25 14:59:05.447 | INFO     | __main__:load_dataset:148 - Loading data from /workspace/runs/run__20260225_014759/3_invention_loop/iter_1/gen_art/data_id3_it1__opus/mini_data_out.json
2026-02-25 14:59:05.460 | INFO     | __main__:load_dataset:153 - Loaded 3 examples
2026-02-25 14:59:05.462 | INFO     | __main__:precompute_all_pes:472 - Precomputing PEs for 3 graphs with 1 workers
2026-02-25 14:59:05.537 | INFO     | __main__:precompute_all_pes:523 - PE precomputation done in 0.1s
2026-02-25 14:59:05.538 | INFO     | __main__:run_mini_validation:982 -   rwpe: shape=(29, 20), OK
2026-02-25 14:59:05.540 | INFO     | __main__:run_mini_validation:982 -   nrwpe_diag: shape=(29, 20), OK
2026-02-25 14:59:05.541 | INFO     | __main__:run_mini_validation:982 -   nrwpe_multi: shape=(29, 60), OK
2026-02-25 14:59:05.543 | INFO     | __main__:run_mini_validation:982 -   abs_kwpe: shape=(29, 16), OK
2026-02-25 14:59:05.544 | INFO     | __main__:run_mini_validation:982 -   nrwpe_stats: shape=(29, 16), OK
2026-02-25 14:59:05.586 | INFO     | __main__:run_mini_validation:982 -   nrwpe_combined: shape=(29, 20), OK
2026-02-25 14:59:05.588 | INFO     | __main__:run_mini_validation:982 -   no_pe: shape=(29, 16), OK
2026-02-25 14:59:05.843 | INFO     | __main__:run_mini_validation:999 -   GIN forward pass OK for rwpe
2026-02-25 14:59:05.856 | INFO     | __main__:run_mini_validation:999 -   GIN forward pass OK for nrwpe_diag
2026-02-25 14:59:05.868 | INFO     | __main__:run_mini_validation:999 -   GIN forward pass OK for no_pe
2026-02-25 14:59:05.949 | INFO     | __main__:run_mini_validation:1014 -   GPS forward pass OK for rwpe
2026-02-25 14:59:05.977 | INFO     | __main__:run_mini_validation:1014 -   GPS forward pass OK for nrwpe_diag
2026-02-25 14:59:06.385 | INFO     | __main__:train_and_evaluate:939 -   GIN_ZINC_v2 | rwpe | seed=42 | test_mae=1.4286 | val_mae=1.4286 | epoch=11 | time=0.4s
2026-02-25 14:59:06.511 | INFO     | __main__:run_mini_validation:1024 -   Mini train rwpe: loss=1.4286, OK
2026-02-25 14:59:06.811 | INFO     | __main__:train_and_evaluate:939 -   GIN_ZINC_v2 | nrwpe_diag | seed=42 | test_mae=1.4168 | val_mae=1.4168 | epoch=19 | time=0.3s
2026-02-25 14:59:06.934 | INFO     | __main__:run_mini_validation:1024 -   Mini train nrwpe_diag: loss=1.4168, OK
2026-02-25 14:59:06.936 | INFO     | __main__:run_mini_validation:1026 - MINI VALIDATION PASSED
2026-02-25 14:59:06.939 | INFO     | __main__:main:1043 - ============================================================
2026-02-25 14:59:06.940 | INFO     | __main__:main:1044 - LOADING FULL DATASET
2026-02-25 14:59:06.943 | INFO     | __main__:main:1045 - ============================================================
2026-02-25 14:59:06.946 | INFO     | __main__:load_dataset:148 - Loading data from /workspace/runs/run__20260225_014759/3_invention_loop/iter_1/gen_art/data_id3_it1__opus/full_data_out.json
2026-02-25 14:59:07.045 | INFO     | __main__:load_dataset:153 - Loaded 12000 examples
2026-02-25 14:59:07.049 | INFO     | __main__:main:1047 - Total examples: 12000
2026-02-25 14:59:07.052 | INFO     | __main__:main:1051 - Fold distribution: {'train': 10000, 'val': 1000, 'test': 1000}
2026-02-25 14:59:07.055 | INFO     | __main__:main:1054 - ============================================================
2026-02-25 14:59:07.060 | INFO     | __main__:main:1055 - PRECOMPUTING POSITIONAL ENCODINGS
2026-02-25 14:59:07.063 | INFO     | __main__:main:1056 - ============================================================
2026-02-25 14:59:07.073 | INFO     | __main__:precompute_all_pes:472 - Precomputing PEs for 12000 graphs with 10 workers
2026-02-25 14:59:56.498 | INFO     | __main__:precompute_all_pes:520 -   PE computed: 500/12000 (49.2s)
2026-02-25 15:00:40.686 | INFO     | __main__:precompute_all_pes:520 -   PE computed: 1000/12000 (93.4s)
2026-02-25 15:01:29.901 | INFO     | __main__:precompute_all_pes:520 -   PE computed: 1500/12000 (142.6s)
2026-02-25 15:02:17.597 | INFO     | __main__:precompute_all_pes:520 -   PE computed: 2000/12000 (190.3s)
2026-02-25 15:03:06.101 | INFO     | __main__:precompute_all_pes:520 -   PE computed: 2500/12000 (238.8s)
2026-02-25 15:03:49.589 | INFO     | __main__:precompute_all_pes:520 -   PE computed: 3000/12000 (282.3s)
2026-02-25 15:04:35.090 | INFO     | __main__:precompute_all_pes:520 -   PE computed: 3500/12000 (327.8s)
2026-02-25 15:05:22.603 | INFO     | __main__:precompute_all_pes:520 -   PE computed: 4000/12000 (375.3s)
2026-02-25 15:06:09.297 | INFO     | __main__:precompute_all_pes:520 -   PE computed: 4500/12000 (422.0s)
2026-02-25 15:06:57.702 | INFO     | __main__:precompute_all_pes:520 -   PE computed: 5000/12000 (470.4s)
2026-02-25 15:07:46.485 | INFO     | __main__:precompute_all_pes:520 -   PE computed: 5500/12000 (519.2s)
2026-02-25 15:08:34.291 | INFO     | __main__:precompute_all_pes:520 -   PE computed: 6000/12000 (567.0s)
2026-02-25 15:09:19.698 | INFO     | __main__:precompute_all_pes:520 -   PE computed: 6500/12000 (612.4s)
2026-02-25 15:10:05.885 | INFO     | __main__:precompute_all_pes:520 -   PE computed: 7000/12000 (658.6s)
2026-02-25 15:10:50.986 | INFO     | __main__:precompute_all_pes:520 -   PE computed: 7500/12000 (703.7s)
2026-02-25 15:11:37.185 | INFO     | __main__:precompute_all_pes:520 -   PE computed: 8000/12000 (749.9s)
2026-02-25 15:12:24.505 | INFO     | __main__:precompute_all_pes:520 -   PE computed: 8500/12000 (797.2s)
2026-02-25 15:13:09.893 | INFO     | __main__:precompute_all_pes:520 -   PE computed: 9000/12000 (842.6s)
2026-02-25 15:13:53.802 | INFO     | __main__:precompute_all_pes:520 -   PE computed: 9500/12000 (886.5s)
2026-02-25 15:14:41.004 | INFO     | __main__:precompute_all_pes:520 -   PE computed: 10000/12000 (933.7s)
2026-02-25 15:15:27.588 | INFO     | __main__:precompute_all_pes:520 -   PE computed: 10500/12000 (980.3s)
2026-02-25 15:16:13.991 | INFO     | __main__:precompute_all_pes:520 -   PE computed: 11000/12000 (1026.7s)
2026-02-25 15:16:59.295 | INFO     | __main__:precompute_all_pes:520 -   PE computed: 11500/12000 (1072.0s)
2026-02-25 15:17:44.895 | INFO     | __main__:precompute_all_pes:520 -   PE computed: 12000/12000 (1117.6s)
2026-02-25 15:17:45.032 | INFO     | __main__:precompute_all_pes:523 - PE precomputation done in 1117.8s
2026-02-25 15:17:46.080 | INFO     | __main__:main:1066 - Saved PE cache to /workspace/runs/run__20260225_141527/3_invention_loop/iter_3/gen_art/exp_id1_it3__opus/precomputed_pes.pkl
2026-02-25 15:17:46.081 | INFO     | __main__:main:1069 - ============================================================
2026-02-25 15:17:46.082 | INFO     | __main__:main:1070 - PE DIAGNOSTICS
2026-02-25 15:17:46.084 | INFO     | __main__:main:1071 - ============================================================
2026-02-25 15:17:46.206 | INFO     | __main__:pe_diagnostics:572 - PE rwpe: mean=0.1173, std=0.1366, eff_rank=2.3, nan=0, inf=0
2026-02-25 15:17:46.449 | INFO     | __main__:pe_diagnostics:572 - PE nrwpe_diag: mean=0.1404, std=0.0739, eff_rank=1.9, nan=0, inf=0
2026-02-25 15:17:46.787 | INFO     | __main__:pe_diagnostics:572 - PE nrwpe_multi: mean=0.8615, std=1.0787, eff_rank=1.3, nan=0, inf=0
2026-02-25 15:17:46.959 | INFO     | __main__:pe_diagnostics:572 - PE abs_kwpe: mean=-0.0000, std=0.1500, eff_rank=14.8, nan=0, inf=0
2026-02-25 15:17:47.029 | INFO     | __main__:pe_diagnostics:572 - PE nrwpe_stats: mean=0.4638, std=0.5711, eff_rank=1.5, nan=0, inf=0
2026-02-25 15:17:47.119 | INFO     | __main__:pe_diagnostics:572 - PE nrwpe_combined: mean=0.1658, std=0.1318, eff_rank=2.5, nan=0, inf=0
2026-02-25 15:17:47.664 | INFO     | __main__:main:1075 - ============================================================
2026-02-25 15:17:47.666 | INFO     | __main__:main:1076 - TRAINING EXPERIMENTS
2026-02-25 15:17:47.669 | INFO     | __main__:main:1077 - ============================================================
2026-02-25 15:17:47.671 | INFO     | __main__:main:1090 - --- Priority 1: GIN with core PE types ---
2026-02-25 15:17:47.673 | INFO     | __main__:main:1092 - Running GIN + rwpe
2026-02-25 15:17:49.056 | INFO     | __main__:main:1095 -   Train: 10000, Val: 1000, Test: 1000
2026-02-25 15:18:54.921 | DEBUG    | __main__:train_and_evaluate:926 -   Epoch 50: train_mae=0.3123, val_mae=0.4785, best=0.3021
2026-02-25 15:20:00.431 | DEBUG    | __main__:train_and_evaluate:926 -   Epoch 100: train_mae=0.2297, val_mae=0.3406, best=0.2610
2026-02-25 15:21:08.432 | DEBUG    | __main__:train_and_evaluate:926 -   Epoch 150: train_mae=0.1958, val_mae=0.2762, best=0.2376
2026-02-25 15:22:15.542 | DEBUG    | __main__:train_and_evaluate:926 -   Epoch 200: train_mae=0.1677, val_mae=0.2102, best=0.2101
2026-02-25 15:23:24.877 | DEBUG    | __main__:train_and_evaluate:926 -   Epoch 250: train_mae=0.1442, val_mae=0.2023, best=0.1971
2026-02-25 15:24:26.427 | DEBUG    | __main__:train_and_evaluate:926 -   Epoch 300: train_mae=0.1314, val_mae=0.1964, best=0.1929
2026-02-25 15:24:26.535 | INFO     | __main__:train_and_evaluate:939 -   GIN_ZINC_v2 | rwpe | seed=42 | test_mae=0.1731 | val_mae=0.1929 | epoch=298 | time=397.4s
2026-02-25 15:25:34.888 | DEBUG    | __main__:train_and_evaluate:926 -   Epoch 50: train_mae=0.3118, val_mae=0.3451, best=0.3357
2026-02-25 15:26:41.136 | DEBUG    | __main__:train_and_evaluate:926 -   Epoch 100: train_mae=0.2505, val_mae=0.5411, best=0.2563
2026-02-25 15:27:38.278 | DEBUG    | __main__:train_and_evaluate:926 -   Epoch 150: train_mae=0.2109, val_mae=0.2531, best=0.2298
2026-02-25 15:28:42.682 | DEBUG    | __main__:train_and_evaluate:926 -   Epoch 200: train_mae=0.1739, val_mae=0.2170, best=0.2142
2026-02-25 15:29:50.486 | DEBUG    | __main__:train_and_evaluate:926 -   Epoch 250: train_mae=0.1530, val_mae=0.2062, best=0.2015
2026-02-25 15:30:55.052 | DEBUG    | __main__:train_and_evaluate:921 -   Early stop at epoch 296 (patience=50)
2026-02-25 15:30:55.160 | INFO     | __main__:train_and_evaluate:939 -   GIN_ZINC_v2 | rwpe | seed=123 | test_mae=0.1710 | val_mae=0.2015 | epoch=246 | time=388.3s
2026-02-25 15:31:59.616 | DEBUG    | __main__:train_and_evaluate:926 -   Epoch 50: train_mae=0.3177, val_mae=0.4021, best=0.3536
2026-02-25 15:33:08.175 | DEBUG    | __main__:train_and_evaluate:926 -   Epoch 100: train_mae=0.2491, val_mae=0.3889, best=0.2607
2026-02-25 15:34:13.812 | DEBUG    | __main__:train_and_evaluate:926 -   Epoch 150: train_mae=0.2027, val_mae=0.2865, best=0.2394
2026-02-25 15:35:14.148 | DEBUG    | __main__:train_and_evaluate:926 -   Epoch 200: train_mae=0.1637, val_mae=0.2190, best=0.2159
2026-02-25 15:36:16.228 | DEBUG    | __main__:train_and_evaluate:926 -   Epoch 250: train_mae=0.1423, val_mae=0.2062, best=0.2061
2026-02-25 15:37:26.148 | DEBUG    | __main__:train_and_evaluate:926 -   Epoch 300: train_mae=0.1365, val_mae=0.2067, best=0.2049
2026-02-25 15:37:26.255 | INFO     | __main__:train_and_evaluate:939 -   GIN_ZINC_v2 | rwpe | seed=456 | test_mae=0.1681 | val_mae=0.2049 | epoch=282 | time=390.8s
2026-02-25 15:37:26.428 | INFO     | __main__:main:1121 - Elapsed total: 2301s (38.3min)
2026-02-25 15:37:26.431 | INFO     | __main__:main:1130 - RWPE baseline OK: mean MAE=0.1708
2026-02-25 15:37:26.434 | INFO     | __main__:main:1092 - Running GIN + nrwpe_diag
2026-02-25 15:37:27.704 | INFO     | __main__:main:1095 -   Train: 10000, Val: 1000, Test: 1000
2026-02-25 15:38:31.630 | DEBUG    | __main__:train_and_evaluate:926 -   Epoch 50: train_mae=0.3474, val_mae=1.2701, best=0.4084
2026-02-25 15:39:41.770 | DEBUG    | __main__:train_and_evaluate:926 -   Epoch 100: train_mae=0.2587, val_mae=0.8758, best=0.3533
2026-02-25 15:40:48.688 | DEBUG    | __main__:train_and_evaluate:926 -   Epoch 150: train_mae=0.2118, val_mae=0.4591, best=0.2687
2026-02-25 15:41:51.449 | DEBUG    | __main__:train_and_evaluate:926 -   Epoch 200: train_mae=0.1804, val_mae=0.3533, best=0.2403
2026-02-25 15:42:58.662 | DEBUG    | __main__:train_and_evaluate:926 -   Epoch 250: train_mae=0.1536, val_mae=0.2250, best=0.2209
2026-02-25 15:44:08.228 | DEBUG    | __main__:train_and_evaluate:926 -   Epoch 300: train_mae=0.1434, val_mae=0.2229, best=0.2185
2026-02-25 15:44:08.337 | INFO     | __main__:train_and_evaluate:939 -   GIN_ZINC_v2 | nrwpe_diag | seed=42 | test_mae=0.1853 | val_mae=0.2185 | epoch=297 | time=400.5s
2026-02-25 15:45:15.529 | DEBUG    | __main__:train_and_evaluate:926 -   Epoch 50: train_mae=0.3426, val_mae=0.5088, best=0.3684
2026-02-25 15:46:23.350 | DEBUG    | __main__:train_and_evaluate:926 -   Epoch 100: train_mae=0.2752, val_mae=0.5644, best=0.3437
2026-02-25 15:47:28.611 | DEBUG    | __main__:train_and_evaluate:926 -   Epoch 150: train_mae=0.2243, val_mae=0.4241, best=0.2685
2026-02-25 15:48:38.474 | DEBUG    | __main__:train_and_evaluate:926 -   Epoch 200: train_mae=0.1903, val_mae=0.2789, best=0.2522
2026-02-25 15:49:38.493 | DEBUG    | __main__:train_and_evaluate:926 -   Epoch 250: train_mae=0.1662, val_mae=0.2517, best=0.2311
2026-02-25 15:50:42.613 | DEBUG    | __main__:train_and_evaluate:926 -   Epoch 300: train_mae=0.1574, val_mae=0.2310, best=0.2290
2026-02-25 15:50:42.725 | INFO     | __main__:train_and_evaluate:939 -   GIN_ZINC_v2 | nrwpe_diag | seed=123 | test_mae=0.1783 | val_mae=0.2290 | epoch=287 | time=394.1s
2026-02-25 15:51:51.344 | DEBUG    | __main__:train_and_evaluate:926 -   Epoch 50: train_mae=0.3595, val_mae=0.6014, best=0.4162
2026-02-25 15:52:58.607 | DEBUG    | __main__:train_and_evaluate:926 -   Epoch 100: train_mae=0.2832, val_mae=0.9258, best=0.3151
2026-02-25 15:54:08.302 | DEBUG    | __main__:train_and_evaluate:926 -   Epoch 150: train_mae=0.2201, val_mae=0.3780, best=0.2708
2026-02-25 15:55:18.126 | DEBUG    | __main__:train_and_evaluate:926 -   Epoch 200: train_mae=0.1801, val_mae=0.3507, best=0.2361
2026-02-25 15:56:27.943 | DEBUG    | __main__:train_and_evaluate:926 -   Epoch 250: train_mae=0.1538, val_mae=0.2197, best=0.2197
2026-02-25 15:57:35.736 | DEBUG    | __main__:train_and_evaluate:926 -   Epoch 300: train_mae=0.1444, val_mae=0.2228, best=0.2197
2026-02-25 15:57:35.844 | INFO     | __main__:train_and_evaluate:939 -   GIN_ZINC_v2 | nrwpe_diag | seed=456 | test_mae=0.1840 | val_mae=0.2197 | epoch=291 | time=412.8s
2026-02-25 15:57:35.999 | INFO     | __main__:main:1121 - Elapsed total: 3511s (58.5min)
2026-02-25 15:57:36.006 | INFO     | __main__:main:1092 - Running GIN + nrwpe_multi
2026-02-25 15:57:37.325 | INFO     | __main__:main:1095 -   Train: 10000, Val: 1000, Test: 1000
2026-02-25 15:58:47.041 | DEBUG    | __main__:train_and_evaluate:926 -   Epoch 50: train_mae=0.3673, val_mae=2.7172, best=0.4687
2026-02-25 15:59:55.889 | DEBUG    | __main__:train_and_evaluate:926 -   Epoch 100: train_mae=0.2895, val_mae=0.6034, best=0.3795
2026-02-25 16:01:06.483 | DEBUG    | __main__:train_and_evaluate:926 -   Epoch 150: train_mae=0.2282, val_mae=0.9165, best=0.2795
2026-02-25 16:02:16.426 | DEBUG    | __main__:train_and_evaluate:926 -   Epoch 200: train_mae=0.1898, val_mae=0.7682, best=0.2545
2026-02-25 16:03:24.722 | DEBUG    | __main__:train_and_evaluate:926 -   Epoch 250: train_mae=0.1616, val_mae=0.2767, best=0.2223
2026-02-25 16:04:34.965 | DEBUG    | __main__:train_and_evaluate:926 -   Epoch 300: train_mae=0.1559, val_mae=0.2216, best=0.2200
2026-02-25 16:04:35.075 | INFO     | __main__:train_and_evaluate:939 -   GIN_ZINC_v2 | nrwpe_multi | seed=42 | test_mae=0.1937 | val_mae=0.2200 | epoch=284 | time=417.6s
2026-02-25 16:05:45.885 | DEBUG    | __main__:train_and_evaluate:926 -   Epoch 50: train_mae=0.3470, val_mae=4.4153, best=0.6438
2026-02-25 16:06:46.911 | DEBUG    | __main__:train_and_evaluate:926 -   Epoch 100: train_mae=0.2855, val_mae=6.6056, best=0.3418
2026-02-25 16:07:13.104 | DEBUG    | __main__:train_and_evaluate:921 -   Early stop at epoch 118 (patience=50)
2026-02-25 16:07:13.212 | INFO     | __main__:train_and_evaluate:939 -   GIN_ZINC_v2 | nrwpe_multi | seed=123 | test_mae=0.3239 | val_mae=0.3418 | epoch=68 | time=157.9s
2026-02-25 16:08:16.065 | DEBUG    | __main__:train_and_evaluate:926 -   Epoch 50: train_mae=0.3414, val_mae=3.0738, best=0.6568
2026-02-25 16:09:20.126 | DEBUG    | __main__:train_and_evaluate:926 -   Epoch 100: train_mae=0.2717, val_mae=1.5347, best=0.4152
2026-02-25 16:10:18.548 | DEBUG    | __main__:train_and_evaluate:921 -   Early stop at epoch 141 (patience=50)
2026-02-25 16:10:18.658 | INFO     | __main__:train_and_evaluate:939 -   GIN_ZINC_v2 | nrwpe_multi | seed=456 | test_mae=0.4418 | val_mae=0.4152 | epoch=91 | time=185.2s
2026-02-25 16:10:18.821 | INFO     | __main__:main:1121 - Elapsed total: 4273s (71.2min)
2026-02-25 16:10:18.824 | INFO     | __main__:main:1092 - Running GIN + nrwpe_combined
2026-02-25 16:10:20.139 | INFO     | __main__:main:1095 -   Train: 10000, Val: 1000, Test: 1000
2026-02-25 16:11:25.309 | DEBUG    | __main__:train_and_evaluate:926 -   Epoch 50: train_mae=0.3205, val_mae=0.6349, best=0.4063
2026-02-25 16:12:29.669 | DEBUG    | __main__:train_and_evaluate:926 -   Epoch 100: train_mae=0.2362, val_mae=0.3329, best=0.2739
2026-02-25 16:13:15.738 | DEBUG    | __main__:train_and_evaluate:921 -   Early stop at epoch 132 (patience=50)
2026-02-25 16:13:15.849 | INFO     | __main__:train_and_evaluate:939 -   GIN_ZINC_v2 | nrwpe_combined | seed=42 | test_mae=0.2443 | val_mae=0.2739 | epoch=82 | time=175.6s
2026-02-25 16:14:26.460 | DEBUG    | __main__:train_and_evaluate:926 -   Epoch 50: train_mae=0.3133, val_mae=0.7539, best=0.3471
2026-02-25 16:15:37.066 | DEBUG    | __main__:train_and_evaluate:926 -   Epoch 100: train_mae=0.2525, val_mae=0.3622, best=0.2854
2026-02-25 16:16:45.571 | DEBUG    | __main__:train_and_evaluate:926 -   Epoch 150: train_mae=0.2138, val_mae=0.3201, best=0.2406
2026-02-25 16:17:50.653 | DEBUG    | __main__:train_and_evaluate:926 -   Epoch 200: train_mae=0.1784, val_mae=0.2559, best=0.2215
2026-02-25 16:18:57.622 | DEBUG    | __main__:train_and_evaluate:926 -   Epoch 250: train_mae=0.1550, val_mae=0.2111, best=0.2111
2026-02-25 16:19:49.424 | DEBUG    | __main__:train_and_evaluate:926 -   Epoch 300: train_mae=0.1437, val_mae=0.2063, best=0.2047
2026-02-25 16:19:49.532 | INFO     | __main__:train_and_evaluate:939 -   GIN_ZINC_v2 | nrwpe_combined | seed=123 | test_mae=0.1724 | val_mae=0.2047 | epoch=279 | time=393.4s
2026-02-25 16:20:52.429 | DEBUG    | __main__:train_and_evaluate:926 -   Epoch 50: train_mae=0.3190, val_mae=2.5595, best=0.3851
2026-02-25 16:21:59.382 | DEBUG    | __main__:train_and_evaluate:926 -   Epoch 100: train_mae=0.2521, val_mae=0.5844, best=0.2813
2026-02-25 16:23:08.645 | DEBUG    | __main__:train_and_evaluate:926 -   Epoch 150: train_mae=0.2054, val_mae=5.1244, best=0.2401
2026-02-25 16:24:16.160 | DEBUG    | __main__:train_and_evaluate:926 -   Epoch 200: train_mae=0.1659, val_mae=0.5243, best=0.2145
2026-02-25 16:25:26.156 | DEBUG    | __main__:train_and_evaluate:926 -   Epoch 250: train_mae=0.1477, val_mae=0.2395, best=0.2091
2026-02-25 16:26:36.507 | DEBUG    | __main__:train_and_evaluate:926 -   Epoch 300: train_mae=0.1399, val_mae=0.2054, best=0.2020
2026-02-25 16:26:36.616 | INFO     | __main__:train_and_evaluate:939 -   GIN_ZINC_v2 | nrwpe_combined | seed=456 | test_mae=0.1694 | val_mae=0.2020 | epoch=282 | time=406.8s
2026-02-25 16:26:36.775 | INFO     | __main__:main:1121 - Elapsed total: 5251s (87.5min)
2026-02-25 16:26:36.777 | INFO     | __main__:main:1092 - Running GIN + no_pe
2026-02-25 16:26:38.051 | INFO     | __main__:main:1095 -   Train: 10000, Val: 1000, Test: 1000
2026-02-25 16:27:39.636 | DEBUG    | __main__:train_and_evaluate:926 -   Epoch 50: train_mae=0.4117, val_mae=0.8053, best=0.4304
2026-02-25 16:28:39.003 | DEBUG    | __main__:train_and_evaluate:926 -   Epoch 100: train_mae=0.3159, val_mae=0.4135, best=0.3552
2026-02-25 16:29:38.085 | DEBUG    | __main__:train_and_evaluate:926 -   Epoch 150: train_mae=0.2535, val_mae=0.3608, best=0.2949
2026-02-25 16:30:35.991 | DEBUG    | __main__:train_and_evaluate:926 -   Epoch 200: train_mae=0.2101, val_mae=0.2909, best=0.2856
2026-02-25 16:31:40.285 | DEBUG    | __main__:train_and_evaluate:926 -   Epoch 250: train_mae=0.1827, val_mae=0.2851, best=0.2779
2026-02-25 16:32:40.412 | DEBUG    | __main__:train_and_evaluate:921 -   Early stop at epoch 297 (patience=50)
2026-02-25 16:32:40.516 | INFO     | __main__:train_and_evaluate:939 -   GIN_ZINC_v2 | no_pe | seed=42 | test_mae=0.2573 | val_mae=0.2779 | epoch=247 | time=362.3s
2026-02-25 16:33:42.233 | DEBUG    | __main__:train_and_evaluate:926 -   Epoch 50: train_mae=0.4117, val_mae=0.6212, best=0.4291
2026-02-25 16:34:43.999 | DEBUG    | __main__:train_and_evaluate:926 -   Epoch 100: train_mae=0.3135, val_mae=0.5184, best=0.3547
2026-02-25 16:35:45.828 | DEBUG    | __main__:train_and_evaluate:926 -   Epoch 150: train_mae=0.2636, val_mae=0.3136, best=0.3136
2026-02-25 16:36:48.058 | DEBUG    | __main__:train_and_evaluate:926 -   Epoch 200: train_mae=0.2095, val_mae=0.2972, best=0.2972
2026-02-25 16:37:49.433 | DEBUG    | __main__:train_and_evaluate:926 -   Epoch 250: train_mae=0.1818, val_mae=0.2943, best=0.2845
2026-02-25 16:38:46.500 | DEBUG    | __main__:train_and_evaluate:921 -   Early stop at epoch 298 (patience=50)
2026-02-25 16:38:46.606 | INFO     | __main__:train_and_evaluate:939 -   GIN_ZINC_v2 | no_pe | seed=123 | test_mae=0.2635 | val_mae=0.2845 | epoch=248 | time=365.8s
