2026-02-26 11:36:17.904 | INFO     | method:<module>:100 - Hardware: 11 CPUs, 62.0GB RAM, GPU=True (21.0GB VRAM)
2026-02-26 11:36:17.907 | INFO     | method:<module>:101 - Device: cuda
2026-02-26 11:36:18.048 | INFO     | method:<module>:113 - RAM budget: 49.6GB, VRAM budget: 18.9GB
2026-02-26 11:36:37.541 | INFO     | method:<module>:100 - Hardware: 11 CPUs, 62.0GB RAM, GPU=True (21.0GB VRAM)
2026-02-26 11:36:37.543 | INFO     | method:<module>:101 - Device: cuda
2026-02-26 11:36:37.685 | INFO     | method:<module>:113 - RAM budget: 49.6GB, VRAM budget: 18.9GB
2026-02-26 11:36:56.028 | INFO     | __main__:<module>:100 - Hardware: 11 CPUs, 62.0GB RAM, GPU=True (21.0GB VRAM)
2026-02-26 11:36:56.031 | INFO     | __main__:<module>:101 - Device: cuda
2026-02-26 11:36:56.176 | INFO     | __main__:<module>:113 - RAM budget: 49.6GB, VRAM budget: 18.9GB
2026-02-26 11:36:56.178 | INFO     | __main__:main:722 - ============================================================
2026-02-26 11:36:56.179 | INFO     | __main__:main:723 - RWPE + nRWPE Concatenation on ZINC-12k with GINEConv
2026-02-26 11:36:56.181 | INFO     | __main__:main:724 - ============================================================
2026-02-26 11:36:56.183 | INFO     | __main__:main:727 - Step 1: Loading data...
2026-02-26 11:36:56.185 | INFO     | __main__:load_data:269 - Loading data from /workspace/runs/run__20260225_014759/3_invention_loop/iter_1/gen_art/data_id3_it1__opus/full_data_out.json
2026-02-26 11:36:56.252 | INFO     | __main__:load_data:274 - Loaded 12000 examples
2026-02-26 11:36:56.584 | INFO     | __main__:main:739 - Parsed 12000 graphs
2026-02-26 11:36:56.588 | INFO     | __main__:main:745 - Split: train=10000, val=1000, test=1000
2026-02-26 11:36:56.590 | INFO     | __main__:main:748 - Step 2: Computing positional encodings...
2026-02-26 11:36:56.592 | INFO     | __main__:compute_pes_parallel:294 - Computing PEs for 10000 graphs (rwpe_k=32, nrwpe_k=16, mild_k=16)
2026-02-26 11:36:58.353 | INFO     | __main__:compute_pes_parallel:319 -   PE computation: 2000/10000
2026-02-26 11:36:59.257 | INFO     | __main__:compute_pes_parallel:319 -   PE computation: 4000/10000
2026-02-26 11:37:00.167 | INFO     | __main__:compute_pes_parallel:319 -   PE computation: 6000/10000
2026-02-26 11:37:01.119 | INFO     | __main__:compute_pes_parallel:319 -   PE computation: 8000/10000
2026-02-26 11:37:01.975 | INFO     | __main__:compute_pes_parallel:319 -   PE computation: 10000/10000
2026-02-26 11:37:02.022 | INFO     | __main__:compute_pes_parallel:322 - PE computation done in 5.4s
2026-02-26 11:37:02.030 | INFO     | __main__:compute_pes_parallel:294 - Computing PEs for 1000 graphs (rwpe_k=32, nrwpe_k=16, mild_k=16)
2026-02-26 11:37:02.827 | INFO     | __main__:compute_pes_parallel:322 - PE computation done in 0.8s
2026-02-26 11:37:02.830 | INFO     | __main__:compute_pes_parallel:294 - Computing PEs for 1000 graphs (rwpe_k=32, nrwpe_k=16, mild_k=16)
2026-02-26 11:37:03.619 | INFO     | __main__:compute_pes_parallel:322 - PE computation done in 0.8s
2026-02-26 11:37:03.622 | INFO     | __main__:main:763 - PE computation times: train=5.4s val=0.8s test=0.8s
2026-02-26 11:37:03.623 | INFO     | __main__:main:766 - Step 3: PE sanity checks...
2026-02-26 11:37:03.625 | INFO     | __main__:main:768 -   RWPE shape: (29, 32), range: [0.0000, 0.6667]
2026-02-26 11:37:03.626 | INFO     | __main__:main:769 -   nRWPE shape: (29, 16), range: [0.0530, 0.4621]
2026-02-26 11:37:03.628 | INFO     | __main__:main:770 -   Mild shape: (29, 16), range: [1.0197, 2.0968]
2026-02-26 11:37:03.630 | INFO     | __main__:main:775 -   RWPE stats (100 graphs): min=0.0000, max=0.8333
2026-02-26 11:37:03.632 | INFO     | __main__:main:776 -   nRWPE stats (100 graphs): min=0.0393, max=0.4621
2026-02-26 11:37:03.633 | INFO     | __main__:main:782 - Step 4: Smoke test (small subset, 10 epochs)...
2026-02-26 11:37:04.268 | INFO     | __main__:run_single_config:556 -   [concat_16|s42] Epoch 1: train=2.2554 val=1.5568 best=1.5568@1
2026-02-26 11:37:04.460 | INFO     | __main__:run_single_config:568 -   [concat_16|s42] DONE: test_mae=1.5638 val_mae=1.3024 best_epoch=10
2026-02-26 11:37:04.643 | INFO     | __main__:main:796 - Smoke test done: test_mae=1.5638
2026-02-26 11:37:04.794 | INFO     | __main__:main:803 - Step 5: Full training
2026-02-26 11:37:04.795 | INFO     | __main__:main:820 - 
========================================
2026-02-26 11:37:04.797 | INFO     | __main__:main:821 - Training config: rwpe_16 (pe_dim=16)
2026-02-26 11:37:07.495 | INFO     | __main__:run_single_config:556 -   [rwpe_16|s42] Epoch 1: train=0.8318 val=0.7518 best=0.7518@1
2026-02-26 11:37:46.017 | INFO     | __main__:run_single_config:556 -   [rwpe_16|s42] Epoch 25: train=0.3183 val=0.6563 best=0.2891@22
2026-02-26 11:38:26.010 | INFO     | __main__:run_single_config:556 -   [rwpe_16|s42] Epoch 50: train=0.2622 val=0.2998 best=0.2293@41
2026-02-26 11:39:05.627 | INFO     | __main__:run_single_config:556 -   [rwpe_16|s42] Epoch 75: train=0.2267 val=0.2134 best=0.1988@65
2026-02-26 11:39:44.931 | INFO     | __main__:run_single_config:556 -   [rwpe_16|s42] Epoch 100: train=0.2079 val=0.2050 best=0.1806@77
2026-02-26 11:40:24.553 | INFO     | __main__:run_single_config:556 -   [rwpe_16|s42] Epoch 125: train=0.1820 val=0.2252 best=0.1706@119
2026-02-26 11:40:58.354 | INFO     | __main__:run_single_config:556 -   [rwpe_16|s42] Epoch 150: train=0.1706 val=0.1630 best=0.1621@147
2026-02-26 11:41:38.387 | INFO     | __main__:run_single_config:556 -   [rwpe_16|s42] Epoch 175: train=0.1466 val=0.1531 best=0.1416@174
2026-02-26 11:42:15.635 | INFO     | __main__:run_single_config:556 -   [rwpe_16|s42] Epoch 200: train=0.1396 val=0.1391 best=0.1372@197
2026-02-26 11:42:54.083 | INFO     | __main__:run_single_config:556 -   [rwpe_16|s42] Epoch 225: train=0.1279 val=0.1406 best=0.1362@204
2026-02-26 11:43:33.847 | INFO     | __main__:run_single_config:556 -   [rwpe_16|s42] Epoch 250: train=0.1292 val=0.1408 best=0.1340@237
2026-02-26 11:43:33.955 | INFO     | __main__:run_single_config:568 -   [rwpe_16|s42] DONE: test_mae=0.1027 val_mae=0.1340 best_epoch=237
2026-02-26 11:43:34.173 | INFO     | __main__:main:847 -   Run time: 389.4s
2026-02-26 11:43:36.806 | INFO     | __main__:run_single_config:556 -   [rwpe_16|s123] Epoch 1: train=0.8724 val=0.6614 best=0.6614@1
2026-02-26 11:44:15.377 | INFO     | __main__:run_single_config:556 -   [rwpe_16|s123] Epoch 25: train=0.3130 val=0.3939 best=0.2805@17
2026-02-26 11:44:55.492 | INFO     | __main__:run_single_config:556 -   [rwpe_16|s123] Epoch 50: train=0.2524 val=0.2634 best=0.2117@45
2026-02-26 11:45:35.677 | INFO     | __main__:run_single_config:556 -   [rwpe_16|s123] Epoch 75: train=0.2160 val=0.2414 best=0.2104@60
2026-02-26 11:46:13.290 | INFO     | __main__:run_single_config:556 -   [rwpe_16|s123] Epoch 100: train=0.1903 val=0.1950 best=0.1844@86
2026-02-26 11:46:53.385 | INFO     | __main__:run_single_config:556 -   [rwpe_16|s123] Epoch 125: train=0.1840 val=0.1957 best=0.1623@124
2026-02-26 11:47:28.536 | INFO     | __main__:run_single_config:556 -   [rwpe_16|s123] Epoch 150: train=0.1584 val=0.1597 best=0.1508@143
2026-02-26 11:48:08.678 | INFO     | __main__:run_single_config:556 -   [rwpe_16|s123] Epoch 175: train=0.1409 val=0.1465 best=0.1441@174
2026-02-26 11:48:48.707 | INFO     | __main__:run_single_config:556 -   [rwpe_16|s123] Epoch 200: train=0.1308 val=0.1465 best=0.1383@194
2026-02-26 11:49:28.758 | INFO     | __main__:run_single_config:556 -   [rwpe_16|s123] Epoch 225: train=0.1224 val=0.1364 best=0.1340@222
2026-02-26 11:50:08.387 | INFO     | __main__:run_single_config:556 -   [rwpe_16|s123] Epoch 250: train=0.1194 val=0.1350 best=0.1337@233
2026-02-26 11:50:08.492 | INFO     | __main__:run_single_config:568 -   [rwpe_16|s123] DONE: test_mae=0.1044 val_mae=0.1337 best_epoch=233
2026-02-26 11:50:08.708 | INFO     | __main__:main:847 -   Run time: 394.5s
2026-02-26 11:50:11.315 | INFO     | __main__:run_single_config:556 -   [rwpe_16|s456] Epoch 1: train=0.8916 val=0.6558 best=0.6558@1
2026-02-26 11:50:49.690 | INFO     | __main__:run_single_config:556 -   [rwpe_16|s456] Epoch 25: train=0.2860 val=0.4322 best=0.2807@13
2026-02-26 11:51:29.587 | INFO     | __main__:run_single_config:556 -   [rwpe_16|s456] Epoch 50: train=0.2632 val=0.4339 best=0.2298@48
2026-02-26 11:52:09.538 | INFO     | __main__:run_single_config:556 -   [rwpe_16|s456] Epoch 75: train=0.2153 val=0.2984 best=0.2155@62
2026-02-26 11:52:49.600 | INFO     | __main__:run_single_config:556 -   [rwpe_16|s456] Epoch 100: train=0.1946 val=0.3088 best=0.1861@88
2026-02-26 11:53:26.656 | INFO     | __main__:run_single_config:556 -   [rwpe_16|s456] Epoch 125: train=0.1815 val=0.2229 best=0.1664@109
2026-02-26 11:53:58.038 | INFO     | __main__:run_single_config:556 -   [rwpe_16|s456] Epoch 150: train=0.1606 val=0.1626 best=0.1551@137
2026-02-26 11:54:37.765 | INFO     | __main__:run_single_config:556 -   [rwpe_16|s456] Epoch 175: train=0.1388 val=0.1532 best=0.1389@171
2026-02-26 11:55:17.817 | INFO     | __main__:run_single_config:556 -   [rwpe_16|s456] Epoch 200: train=0.1326 val=0.1403 best=0.1389@171
2026-02-26 11:55:47.001 | INFO     | __main__:run_single_config:556 -   [rwpe_16|s456] Epoch 225: train=0.1212 val=0.1325 best=0.1325@225
2026-02-26 11:56:27.356 | INFO     | __main__:run_single_config:556 -   [rwpe_16|s456] Epoch 250: train=0.1199 val=0.1350 best=0.1316@239
2026-02-26 11:56:27.462 | INFO     | __main__:run_single_config:568 -   [rwpe_16|s456] DONE: test_mae=0.1019 val_mae=0.1316 best_epoch=239
2026-02-26 11:56:27.679 | INFO     | __main__:main:847 -   Run time: 379.0s
2026-02-26 11:56:27.680 | INFO     | __main__:main:820 - 
========================================
2026-02-26 11:56:27.682 | INFO     | __main__:main:821 - Training config: concat_32 (pe_dim=32)
2026-02-26 11:56:30.377 | INFO     | __main__:run_single_config:556 -   [concat_32|s42] Epoch 1: train=0.8104 val=0.6391 best=0.6391@1
2026-02-26 11:57:08.887 | INFO     | __main__:run_single_config:556 -   [concat_32|s42] Epoch 25: train=0.3005 val=0.3840 best=0.2911@10
2026-02-26 11:57:42.805 | INFO     | __main__:run_single_config:556 -   [concat_32|s42] Epoch 50: train=0.2491 val=0.4352 best=0.2586@30
2026-02-26 11:58:15.121 | INFO     | __main__:run_single_config:556 -   [concat_32|s42] Epoch 75: train=0.2257 val=0.2172 best=0.1962@66
2026-02-26 11:58:53.992 | INFO     | __main__:run_single_config:556 -   [concat_32|s42] Epoch 100: train=0.2043 val=0.2201 best=0.1832@77
2026-02-26 11:59:33.927 | INFO     | __main__:run_single_config:556 -   [concat_32|s42] Epoch 125: train=0.1751 val=0.1738 best=0.1738@125
2026-02-26 12:00:14.192 | INFO     | __main__:run_single_config:556 -   [concat_32|s42] Epoch 150: train=0.1632 val=0.1774 best=0.1531@127
2026-02-26 12:00:54.511 | INFO     | __main__:run_single_config:556 -   [concat_32|s42] Epoch 175: train=0.1567 val=0.1521 best=0.1482@171
2026-02-26 12:01:34.389 | INFO     | __main__:run_single_config:556 -   [concat_32|s42] Epoch 200: train=0.1380 val=0.1498 best=0.1383@182
2026-02-26 12:02:14.568 | INFO     | __main__:run_single_config:556 -   [concat_32|s42] Epoch 225: train=0.1315 val=0.1371 best=0.1366@217
2026-02-26 12:02:44.529 | INFO     | __main__:run_single_config:556 -   [concat_32|s42] Epoch 250: train=0.1257 val=0.1380 best=0.1344@237
2026-02-26 12:02:44.634 | INFO     | __main__:run_single_config:568 -   [concat_32|s42] DONE: test_mae=0.0981 val_mae=0.1344 best_epoch=237
2026-02-26 12:02:44.853 | INFO     | __main__:main:847 -   Run time: 377.2s
2026-02-26 12:02:47.477 | INFO     | __main__:run_single_config:556 -   [concat_32|s123] Epoch 1: train=0.9011 val=0.7221 best=0.7221@1
2026-02-26 12:03:21.636 | INFO     | __main__:run_single_config:556 -   [concat_32|s123] Epoch 25: train=0.3029 val=0.6328 best=0.2549@23
2026-02-26 12:04:01.959 | INFO     | __main__:run_single_config:556 -   [concat_32|s123] Epoch 50: train=0.2457 val=0.2434 best=0.2344@36
2026-02-26 12:04:42.283 | INFO     | __main__:run_single_config:556 -   [concat_32|s123] Epoch 75: train=0.2310 val=0.2124 best=0.1971@72
2026-02-26 12:05:22.320 | INFO     | __main__:run_single_config:556 -   [concat_32|s123] Epoch 100: train=0.1949 val=0.2067 best=0.1802@85
2026-02-26 12:06:02.590 | INFO     | __main__:run_single_config:556 -   [concat_32|s123] Epoch 125: train=0.1756 val=0.1651 best=0.1651@125
2026-02-26 12:06:42.720 | INFO     | __main__:run_single_config:556 -   [concat_32|s123] Epoch 150: train=0.1602 val=0.2170 best=0.1510@148
2026-02-26 12:07:23.118 | INFO     | __main__:run_single_config:556 -   [concat_32|s123] Epoch 175: train=0.1496 val=0.1442 best=0.1390@169
2026-02-26 12:08:00.640 | INFO     | __main__:run_single_config:556 -   [concat_32|s123] Epoch 200: train=0.1397 val=0.1386 best=0.1364@198
2026-02-26 12:08:38.018 | INFO     | __main__:run_single_config:556 -   [concat_32|s123] Epoch 225: train=0.1265 val=0.1354 best=0.1328@206
2026-02-26 12:09:18.684 | INFO     | __main__:run_single_config:556 -   [concat_32|s123] Epoch 250: train=0.1272 val=0.1322 best=0.1317@241
2026-02-26 12:09:18.790 | INFO     | __main__:run_single_config:568 -   [concat_32|s123] DONE: test_mae=0.1044 val_mae=0.1317 best_epoch=241
2026-02-26 12:09:19.009 | INFO     | __main__:main:847 -   Run time: 394.2s
2026-02-26 12:09:21.655 | INFO     | __main__:run_single_config:556 -   [concat_32|s456] Epoch 1: train=0.8963 val=0.6825 best=0.6825@1
2026-02-26 12:10:00.356 | INFO     | __main__:run_single_config:556 -   [concat_32|s456] Epoch 25: train=0.2800 val=0.2723 best=0.2723@25
2026-02-26 12:10:40.563 | INFO     | __main__:run_single_config:556 -   [concat_32|s456] Epoch 50: train=0.2643 val=0.3590 best=0.2235@46
2026-02-26 12:11:21.155 | INFO     | __main__:run_single_config:556 -   [concat_32|s456] Epoch 75: train=0.2170 val=0.2898 best=0.2017@71
2026-02-26 12:12:00.443 | INFO     | __main__:run_single_config:556 -   [concat_32|s456] Epoch 100: train=0.1956 val=0.1677 best=0.1677@100
2026-02-26 12:12:40.717 | INFO     | __main__:run_single_config:556 -   [concat_32|s456] Epoch 125: train=0.1667 val=0.3642 best=0.1648@124
2026-02-26 12:13:21.233 | INFO     | __main__:run_single_config:556 -   [concat_32|s456] Epoch 150: train=0.1583 val=0.1646 best=0.1528@143
2026-02-26 12:13:56.235 | INFO     | __main__:run_single_config:556 -   [concat_32|s456] Epoch 175: train=0.1425 val=0.1497 best=0.1489@163
2026-02-26 12:14:33.096 | INFO     | __main__:run_single_config:556 -   [concat_32|s456] Epoch 200: train=0.1359 val=0.1376 best=0.1370@187
2026-02-26 12:15:13.004 | INFO     | __main__:run_single_config:556 -   [concat_32|s456] Epoch 225: train=0.1250 val=0.1331 best=0.1319@222
2026-02-26 12:15:53.525 | INFO     | __main__:run_single_config:556 -   [concat_32|s456] Epoch 250: train=0.1222 val=0.1321 best=0.1318@229
2026-02-26 12:15:53.634 | INFO     | __main__:run_single_config:568 -   [concat_32|s456] DONE: test_mae=0.1032 val_mae=0.1318 best_epoch=229
2026-02-26 12:15:53.855 | INFO     | __main__:main:847 -   Run time: 394.8s
2026-02-26 12:15:53.857 | INFO     | __main__:main:820 - 
========================================
2026-02-26 12:15:53.859 | INFO     | __main__:main:821 - Training config: concat_24 (pe_dim=24)
2026-02-26 12:15:56.540 | INFO     | __main__:run_single_config:556 -   [concat_24|s42] Epoch 1: train=0.7972 val=0.8842 best=0.8842@1
2026-02-26 12:16:35.304 | INFO     | __main__:run_single_config:556 -   [concat_24|s42] Epoch 25: train=0.3099 val=0.4298 best=0.2678@15
2026-02-26 12:17:09.036 | INFO     | __main__:run_single_config:556 -   [concat_24|s42] Epoch 50: train=0.2570 val=0.3762 best=0.2409@27
2026-02-26 12:17:42.757 | INFO     | __main__:run_single_config:556 -   [concat_24|s42] Epoch 75: train=0.2347 val=0.2085 best=0.2085@75
2026-02-26 12:18:22.532 | INFO     | __main__:run_single_config:556 -   [concat_24|s42] Epoch 100: train=0.2048 val=0.2784 best=0.1953@76
2026-02-26 12:19:02.722 | INFO     | __main__:run_single_config:556 -   [concat_24|s42] Epoch 125: train=0.1834 val=0.1784 best=0.1634@123
2026-02-26 12:19:43.076 | INFO     | __main__:run_single_config:556 -   [concat_24|s42] Epoch 150: train=0.1682 val=0.1571 best=0.1571@150
2026-02-26 12:20:22.750 | INFO     | __main__:run_single_config:556 -   [concat_24|s42] Epoch 175: train=0.1526 val=0.1507 best=0.1437@162
2026-02-26 12:20:59.835 | INFO     | __main__:run_single_config:556 -   [concat_24|s42] Epoch 200: train=0.1391 val=0.1418 best=0.1377@193
2026-02-26 12:21:39.799 | INFO     | __main__:run_single_config:556 -   [concat_24|s42] Epoch 225: train=0.1336 val=0.1395 best=0.1336@219
2026-02-26 12:22:20.201 | INFO     | __main__:run_single_config:556 -   [concat_24|s42] Epoch 250: train=0.1304 val=0.1389 best=0.1335@248
2026-02-26 12:22:20.311 | INFO     | __main__:run_single_config:568 -   [concat_24|s42] DONE: test_mae=0.1045 val_mae=0.1335 best_epoch=248
2026-02-26 12:22:20.530 | INFO     | __main__:main:847 -   Run time: 386.7s
2026-02-26 12:22:23.136 | INFO     | __main__:run_single_config:556 -   [concat_24|s123] Epoch 1: train=0.9088 val=0.7524 best=0.7524@1
2026-02-26 12:23:01.960 | INFO     | __main__:run_single_config:556 -   [concat_24|s123] Epoch 25: train=0.2875 val=0.4121 best=0.2910@16
2026-02-26 12:23:41.852 | INFO     | __main__:run_single_config:556 -   [concat_24|s123] Epoch 50: train=0.2608 val=0.2998 best=0.2284@39
2026-02-26 12:24:12.167 | INFO     | __main__:run_single_config:556 -   [concat_24|s123] Epoch 75: train=0.2456 val=0.2391 best=0.2148@65
2026-02-26 12:24:37.426 | INFO     | __main__:run_single_config:556 -   [concat_24|s123] Epoch 100: train=0.2099 val=0.3848 best=0.1814@76
2026-02-26 12:25:17.328 | INFO     | __main__:run_single_config:556 -   [concat_24|s123] Epoch 125: train=0.1794 val=0.2042 best=0.1611@116
2026-02-26 12:25:57.769 | INFO     | __main__:run_single_config:556 -   [concat_24|s123] Epoch 150: train=0.1664 val=0.2011 best=0.1544@145
2026-02-26 12:26:37.932 | INFO     | __main__:run_single_config:556 -   [concat_24|s123] Epoch 175: train=0.1411 val=0.1416 best=0.1382@172
2026-02-26 12:27:18.124 | INFO     | __main__:run_single_config:556 -   [concat_24|s123] Epoch 200: train=0.1324 val=0.1366 best=0.1354@194
2026-02-26 12:27:58.086 | INFO     | __main__:run_single_config:556 -   [concat_24|s123] Epoch 225: train=0.1261 val=0.1351 best=0.1314@213
2026-02-26 12:28:37.446 | INFO     | __main__:run_single_config:556 -   [concat_24|s123] Epoch 250: train=0.1226 val=0.1349 best=0.1313@230
2026-02-26 12:28:37.578 | INFO     | __main__:run_single_config:568 -   [concat_24|s123] DONE: test_mae=0.1024 val_mae=0.1313 best_epoch=230
2026-02-26 12:28:37.795 | INFO     | __main__:main:847 -   Run time: 377.3s
2026-02-26 12:28:40.395 | INFO     | __main__:run_single_config:556 -   [concat_24|s456] Epoch 1: train=0.8888 val=0.8545 best=0.8545@1
2026-02-26 12:29:11.829 | INFO     | __main__:run_single_config:556 -   [concat_24|s456] Epoch 25: train=0.2816 val=0.5786 best=0.2711@18
2026-02-26 12:29:46.190 | INFO     | __main__:run_single_config:556 -   [concat_24|s456] Epoch 50: train=0.2464 val=0.4929 best=0.2337@27
2026-02-26 12:30:25.607 | INFO     | __main__:run_single_config:556 -   [concat_24|s456] Epoch 75: train=0.2435 val=0.3316 best=0.2165@65
2026-02-26 12:31:04.359 | INFO     | __main__:run_single_config:556 -   [concat_24|s456] Epoch 100: train=0.1977 val=0.2016 best=0.1741@95
2026-02-26 12:31:43.177 | INFO     | __main__:run_single_config:556 -   [concat_24|s456] Epoch 125: train=0.1836 val=0.3575 best=0.1630@118
2026-02-26 12:32:22.850 | INFO     | __main__:run_single_config:556 -   [concat_24|s456] Epoch 150: train=0.1574 val=0.1708 best=0.1585@137
2026-02-26 12:33:02.247 | INFO     | __main__:run_single_config:556 -   [concat_24|s456] Epoch 175: train=0.1399 val=0.1446 best=0.1446@175
2026-02-26 12:33:42.571 | INFO     | __main__:run_single_config:556 -   [concat_24|s456] Epoch 200: train=0.1319 val=0.1726 best=0.1388@197
2026-02-26 12:34:22.626 | INFO     | __main__:run_single_config:556 -   [concat_24|s456] Epoch 225: train=0.1236 val=0.1396 best=0.1347@218
2026-02-26 12:35:02.774 | INFO     | __main__:run_single_config:556 -   [concat_24|s456] Epoch 250: train=0.1230 val=0.1376 best=0.1347@229
2026-02-26 12:35:02.881 | INFO     | __main__:run_single_config:568 -   [concat_24|s456] DONE: test_mae=0.1016 val_mae=0.1347 best_epoch=229
2026-02-26 12:35:03.098 | INFO     | __main__:main:847 -   Run time: 385.3s
2026-02-26 12:35:03.106 | INFO     | __main__:main:820 - 
========================================
2026-02-26 12:35:03.108 | INFO     | __main__:main:821 - Training config: concat_16 (pe_dim=16)
2026-02-26 12:35:03.110 | WARNING  | __main__:main:827 - Time budget nearly exhausted (-187s remaining). Stopping.
2026-02-26 12:35:03.112 | INFO     | __main__:main:910 - Phase C skipped: insufficient time (-187s remaining)
2026-02-26 12:35:03.114 | INFO     | __main__:main:913 - 
Step 6: Analysis
2026-02-26 12:35:03.116 | ERROR    | __main__:<module>:958 - An error has been caught in function '<module>', process 'MainProcess' (4350), thread 'MainThread' (130637660698432):
Traceback (most recent call last):

> File "/workspace/runs/run__20260226_110200/3_invention_loop/iter_6/gen_art/exp_id2_it6__opus/method.py", line 958, in <module>
    main()
    └ <function main at 0x76cf71b04b80>

  File "/workspace/runs/run__20260226_110200/3_invention_loop/iter_6/gen_art/exp_id2_it6__opus/method.py", line 914, in main
    analysis = analyze_results(all_results)
               │               └ {'rwpe_16': [{'config_name': 'rwpe_16', 'seed': 42, 'test_mae': 0.10265776348114014, 'val_mae': 0.1339741621017456, 'best_epo...
               └ <function analyze_results at 0x76cf71b04e00>

  File "/workspace/runs/run__20260226_110200/3_invention_loop/iter_6/gen_art/exp_id2_it6__opus/method.py", line 613, in analyze_results
    "num_params": seed_results[0]["num_params"],
                  └ []

IndexError: list index out of range
2026-02-26 12:37:20.005 | INFO     | __main__:<module>:100 - Hardware: 11 CPUs, 62.0GB RAM, GPU=True (21.0GB VRAM)
2026-02-26 12:37:20.010 | INFO     | __main__:<module>:101 - Device: cuda
2026-02-26 12:37:20.153 | INFO     | __main__:<module>:113 - RAM budget: 49.6GB, VRAM budget: 18.9GB
2026-02-26 12:37:20.155 | INFO     | __main__:main:724 - ============================================================
2026-02-26 12:37:20.157 | INFO     | __main__:main:725 - RWPE + nRWPE Concatenation on ZINC-12k with GINEConv
2026-02-26 12:37:20.158 | INFO     | __main__:main:726 - ============================================================
2026-02-26 12:37:20.160 | INFO     | __main__:main:729 - Step 1: Loading data...
2026-02-26 12:37:20.161 | INFO     | __main__:load_data:269 - Loading data from /workspace/runs/run__20260225_014759/3_invention_loop/iter_1/gen_art/data_id3_it1__opus/full_data_out.json
2026-02-26 12:37:20.354 | INFO     | __main__:load_data:274 - Loaded 12000 examples
2026-02-26 12:37:20.682 | INFO     | __main__:main:741 - Parsed 12000 graphs
2026-02-26 12:37:20.685 | INFO     | __main__:main:747 - Split: train=10000, val=1000, test=1000
2026-02-26 12:37:20.687 | INFO     | __main__:main:750 - Step 2: Computing positional encodings...
2026-02-26 12:37:20.688 | INFO     | __main__:compute_pes_parallel:294 - Computing PEs for 10000 graphs (rwpe_k=32, nrwpe_k=16, mild_k=16)
2026-02-26 12:37:22.318 | INFO     | __main__:compute_pes_parallel:319 -   PE computation: 2000/10000
2026-02-26 12:37:23.154 | INFO     | __main__:compute_pes_parallel:319 -   PE computation: 4000/10000
2026-02-26 12:37:23.998 | INFO     | __main__:compute_pes_parallel:319 -   PE computation: 6000/10000
2026-02-26 12:37:24.838 | INFO     | __main__:compute_pes_parallel:319 -   PE computation: 8000/10000
2026-02-26 12:37:25.672 | INFO     | __main__:compute_pes_parallel:319 -   PE computation: 10000/10000
2026-02-26 12:37:25.715 | INFO     | __main__:compute_pes_parallel:322 - PE computation done in 5.0s
2026-02-26 12:37:25.725 | INFO     | __main__:compute_pes_parallel:294 - Computing PEs for 1000 graphs (rwpe_k=32, nrwpe_k=16, mild_k=16)
2026-02-26 12:37:26.525 | INFO     | __main__:compute_pes_parallel:322 - PE computation done in 0.8s
2026-02-26 12:37:26.527 | INFO     | __main__:compute_pes_parallel:294 - Computing PEs for 1000 graphs (rwpe_k=32, nrwpe_k=16, mild_k=16)
2026-02-26 12:37:27.308 | INFO     | __main__:compute_pes_parallel:322 - PE computation done in 0.8s
2026-02-26 12:37:27.311 | INFO     | __main__:main:765 - PE computation times: train=5.0s val=0.8s test=0.8s
2026-02-26 12:37:27.313 | INFO     | __main__:main:768 - Step 3: PE sanity checks...
2026-02-26 12:37:27.315 | INFO     | __main__:main:770 -   RWPE shape: (29, 32), range: [0.0000, 0.6667]
2026-02-26 12:37:27.316 | INFO     | __main__:main:771 -   nRWPE shape: (29, 16), range: [0.0530, 0.4621]
2026-02-26 12:37:27.318 | INFO     | __main__:main:772 -   Mild shape: (29, 16), range: [1.0197, 2.0968]
2026-02-26 12:37:27.320 | INFO     | __main__:main:777 -   RWPE stats (100 graphs): min=0.0000, max=0.8333
2026-02-26 12:37:27.322 | INFO     | __main__:main:778 -   nRWPE stats (100 graphs): min=0.0393, max=0.4621
2026-02-26 12:37:27.323 | INFO     | __main__:main:784 - Step 4: Smoke test (small subset, 10 epochs)...
2026-02-26 12:37:27.940 | INFO     | __main__:run_single_config:556 -   [concat_16|s42] Epoch 1: train=2.2554 val=1.5568 best=1.5568@1
2026-02-26 12:37:28.132 | INFO     | __main__:run_single_config:568 -   [concat_16|s42] DONE: test_mae=1.5474 val_mae=1.2852 best_epoch=10
2026-02-26 12:37:28.316 | INFO     | __main__:main:798 - Smoke test done: test_mae=1.5474
2026-02-26 12:37:28.468 | INFO     | __main__:main:805 - Step 5: Full training
2026-02-26 12:37:28.477 | INFO     | __main__:main:840 - 
========================================
2026-02-26 12:37:28.479 | INFO     | __main__:main:841 - Training config: rwpe_16 (pe_dim=16)
2026-02-26 12:37:31.171 | INFO     | __main__:run_single_config:556 -   [rwpe_16|s42] Epoch 1: train=0.8231 val=1.2235 best=1.2235@1
2026-02-26 12:38:07.197 | INFO     | __main__:run_single_config:556 -   [rwpe_16|s42] Epoch 25: train=0.3163 val=0.4723 best=0.2902@20
2026-02-26 12:38:47.004 | INFO     | __main__:run_single_config:556 -   [rwpe_16|s42] Epoch 50: train=0.2669 val=0.2862 best=0.2256@34
2026-02-26 12:39:26.939 | INFO     | __main__:run_single_config:556 -   [rwpe_16|s42] Epoch 75: train=0.2314 val=0.2682 best=0.2234@70
2026-02-26 12:40:06.495 | INFO     | __main__:run_single_config:556 -   [rwpe_16|s42] Epoch 100: train=0.2082 val=0.3129 best=0.1925@95
2026-02-26 12:40:46.139 | INFO     | __main__:run_single_config:556 -   [rwpe_16|s42] Epoch 125: train=0.1922 val=0.1868 best=0.1673@113
2026-02-26 12:41:25.642 | INFO     | __main__:run_single_config:556 -   [rwpe_16|s42] Epoch 150: train=0.1711 val=0.1974 best=0.1596@144
2026-02-26 12:42:02.872 | INFO     | __main__:run_single_config:556 -   [rwpe_16|s42] Epoch 175: train=0.1427 val=0.1501 best=0.1501@175
2026-02-26 12:42:41.961 | INFO     | __main__:run_single_config:556 -   [rwpe_16|s42] Epoch 200: train=0.1397 val=0.1408 best=0.1408@195
2026-02-26 12:43:21.585 | INFO     | __main__:run_single_config:556 -   [rwpe_16|s42] Epoch 225: train=0.1273 val=0.1415 best=0.1369@219
2026-02-26 12:44:01.172 | INFO     | __main__:run_single_config:556 -   [rwpe_16|s42] Epoch 250: train=0.1288 val=0.1386 best=0.1352@237
2026-02-26 12:44:01.277 | INFO     | __main__:run_single_config:568 -   [rwpe_16|s42] DONE: test_mae=0.1039 val_mae=0.1352 best_epoch=237
2026-02-26 12:44:01.494 | INFO     | __main__:main:881 -   Run time: 393.0s
2026-02-26 12:44:01.520 | INFO     | __main__:main:885 -   Results cached to /workspace/runs/run__20260226_110200/3_invention_loop/iter_6/gen_art/exp_id2_it6__opus/results_cache.pkl
2026-02-26 12:44:04.089 | INFO     | __main__:run_single_config:556 -   [rwpe_16|s123] Epoch 1: train=0.8700 val=1.1989 best=1.1989@1
2026-02-26 12:44:42.511 | INFO     | __main__:run_single_config:556 -   [rwpe_16|s123] Epoch 25: train=0.3127 val=0.3222 best=0.3041@24
2026-02-26 12:45:23.012 | INFO     | __main__:run_single_config:556 -   [rwpe_16|s123] Epoch 50: train=0.2462 val=0.2489 best=0.2364@39
2026-02-26 12:46:03.627 | INFO     | __main__:run_single_config:556 -   [rwpe_16|s123] Epoch 75: train=0.2227 val=0.3302 best=0.2138@60
2026-02-26 12:46:43.651 | INFO     | __main__:run_single_config:556 -   [rwpe_16|s123] Epoch 100: train=0.1970 val=0.2036 best=0.1914@90
2026-02-26 12:47:23.585 | INFO     | __main__:run_single_config:556 -   [rwpe_16|s123] Epoch 125: train=0.1902 val=0.1814 best=0.1667@122
2026-02-26 12:48:03.571 | INFO     | __main__:run_single_config:556 -   [rwpe_16|s123] Epoch 150: train=0.1566 val=0.1537 best=0.1522@147
2026-02-26 12:48:43.739 | INFO     | __main__:run_single_config:556 -   [rwpe_16|s123] Epoch 175: train=0.1390 val=0.1358 best=0.1358@175
2026-02-26 12:49:24.156 | INFO     | __main__:run_single_config:556 -   [rwpe_16|s123] Epoch 200: train=0.1279 val=0.1524 best=0.1314@196
2026-02-26 12:50:04.518 | INFO     | __main__:run_single_config:556 -   [rwpe_16|s123] Epoch 225: train=0.1192 val=0.1299 best=0.1289@222
2026-02-26 12:50:34.393 | INFO     | __main__:run_single_config:556 -   [rwpe_16|s123] Epoch 250: train=0.1170 val=0.1283 best=0.1268@243
2026-02-26 12:50:34.499 | INFO     | __main__:run_single_config:568 -   [rwpe_16|s123] DONE: test_mae=0.0996 val_mae=0.1268 best_epoch=243
2026-02-26 12:50:34.720 | INFO     | __main__:main:881 -   Run time: 393.2s
2026-02-26 12:50:34.744 | INFO     | __main__:main:885 -   Results cached to /workspace/runs/run__20260226_110200/3_invention_loop/iter_6/gen_art/exp_id2_it6__opus/results_cache.pkl
2026-02-26 12:50:36.879 | INFO     | __main__:run_single_config:556 -   [rwpe_16|s456] Epoch 1: train=0.8733 val=0.7254 best=0.7254@1
2026-02-26 12:51:09.319 | INFO     | __main__:run_single_config:556 -   [rwpe_16|s456] Epoch 25: train=0.2867 val=0.3133 best=0.2752@13
2026-02-26 12:51:49.533 | INFO     | __main__:run_single_config:556 -   [rwpe_16|s456] Epoch 50: train=0.2511 val=0.2540 best=0.2197@47
2026-02-26 12:52:27.575 | INFO     | __main__:run_single_config:556 -   [rwpe_16|s456] Epoch 75: train=0.2110 val=0.2710 best=0.2095@69
2026-02-26 12:53:07.628 | INFO     | __main__:run_single_config:556 -   [rwpe_16|s456] Epoch 100: train=0.1989 val=0.3580 best=0.1809@98
2026-02-26 12:53:47.930 | INFO     | __main__:run_single_config:556 -   [rwpe_16|s456] Epoch 125: train=0.1771 val=0.2255 best=0.1661@114
2026-02-26 12:54:27.404 | INFO     | __main__:run_single_config:556 -   [rwpe_16|s456] Epoch 150: train=0.1624 val=0.1879 best=0.1549@140
2026-02-26 12:55:07.025 | INFO     | __main__:run_single_config:556 -   [rwpe_16|s456] Epoch 175: train=0.1392 val=0.1413 best=0.1413@175
2026-02-26 12:55:47.075 | INFO     | __main__:run_single_config:556 -   [rwpe_16|s456] Epoch 200: train=0.1284 val=0.1475 best=0.1357@197
2026-02-26 12:56:27.180 | INFO     | __main__:run_single_config:556 -   [rwpe_16|s456] Epoch 225: train=0.1190 val=0.1305 best=0.1305@225
2026-02-26 12:57:07.067 | INFO     | __main__:run_single_config:556 -   [rwpe_16|s456] Epoch 250: train=0.1184 val=0.1339 best=0.1304@245
2026-02-26 12:57:07.175 | INFO     | __main__:run_single_config:568 -   [rwpe_16|s456] DONE: test_mae=0.0997 val_mae=0.1304 best_epoch=245
2026-02-26 12:57:07.394 | INFO     | __main__:main:881 -   Run time: 392.6s
2026-02-26 12:57:07.522 | INFO     | __main__:main:885 -   Results cached to /workspace/runs/run__20260226_110200/3_invention_loop/iter_6/gen_art/exp_id2_it6__opus/results_cache.pkl
2026-02-26 12:57:07.524 | INFO     | __main__:main:840 - 
========================================
2026-02-26 12:57:07.527 | INFO     | __main__:main:841 - Training config: concat_32 (pe_dim=32)
2026-02-26 12:57:10.256 | INFO     | __main__:run_single_config:556 -   [concat_32|s42] Epoch 1: train=0.8531 val=0.5681 best=0.5681@1
2026-02-26 12:57:48.724 | INFO     | __main__:run_single_config:556 -   [concat_32|s42] Epoch 25: train=0.3158 val=0.2998 best=0.2882@20
2026-02-26 12:58:28.606 | INFO     | __main__:run_single_config:556 -   [concat_32|s42] Epoch 50: train=0.2502 val=0.4492 best=0.2444@43
2026-02-26 12:59:05.385 | INFO     | __main__:run_single_config:556 -   [concat_32|s42] Epoch 75: train=0.2250 val=0.3356 best=0.1948@74
2026-02-26 12:59:45.042 | INFO     | __main__:run_single_config:556 -   [concat_32|s42] Epoch 100: train=0.2096 val=0.2611 best=0.1829@88
2026-02-26 13:00:25.008 | INFO     | __main__:run_single_config:556 -   [concat_32|s42] Epoch 125: train=0.1828 val=0.2490 best=0.1731@121
2026-02-26 13:01:04.381 | INFO     | __main__:run_single_config:556 -   [concat_32|s42] Epoch 150: train=0.1646 val=0.1772 best=0.1577@133
2026-02-26 13:01:44.467 | INFO     | __main__:run_single_config:556 -   [concat_32|s42] Epoch 175: train=0.1575 val=0.1940 best=0.1384@168
2026-02-26 13:02:24.268 | INFO     | __main__:run_single_config:556 -   [concat_32|s42] Epoch 200: train=0.1399 val=0.1380 best=0.1341@186
2026-02-26 13:02:57.973 | INFO     | __main__:run_single_config:556 -   [concat_32|s42] Epoch 225: train=0.1331 val=0.1361 best=0.1328@204
2026-02-26 13:03:38.117 | INFO     | __main__:run_single_config:556 -   [concat_32|s42] Epoch 250: train=0.1278 val=0.1356 best=0.1308@234
2026-02-26 13:03:38.223 | INFO     | __main__:run_single_config:568 -   [concat_32|s42] DONE: test_mae=0.1037 val_mae=0.1308 best_epoch=234
2026-02-26 13:03:38.440 | INFO     | __main__:main:881 -   Run time: 390.9s
2026-02-26 13:03:38.457 | INFO     | __main__:main:885 -   Results cached to /workspace/runs/run__20260226_110200/3_invention_loop/iter_6/gen_art/exp_id2_it6__opus/results_cache.pkl
2026-02-26 13:03:41.080 | INFO     | __main__:run_single_config:556 -   [concat_32|s123] Epoch 1: train=0.9457 val=1.0221 best=1.0221@1
2026-02-26 13:04:19.702 | INFO     | __main__:run_single_config:556 -   [concat_32|s123] Epoch 25: train=0.3070 val=0.3244 best=0.2781@21
2026-02-26 13:04:59.830 | INFO     | __main__:run_single_config:556 -   [concat_32|s123] Epoch 50: train=0.2626 val=0.2947 best=0.2494@40
2026-02-26 13:05:40.118 | INFO     | __main__:run_single_config:556 -   [concat_32|s123] Epoch 75: train=0.2284 val=0.2648 best=0.1852@71
2026-02-26 13:06:20.710 | INFO     | __main__:run_single_config:556 -   [concat_32|s123] Epoch 100: train=0.2007 val=0.2092 best=0.1780@89
2026-02-26 13:07:00.965 | INFO     | __main__:run_single_config:556 -   [concat_32|s123] Epoch 125: train=0.1810 val=0.1666 best=0.1635@121
2026-02-26 13:07:41.064 | INFO     | __main__:run_single_config:556 -   [concat_32|s123] Epoch 150: train=0.1635 val=0.2321 best=0.1571@149
2026-02-26 13:08:20.971 | INFO     | __main__:run_single_config:556 -   [concat_32|s123] Epoch 175: train=0.1509 val=0.1858 best=0.1474@160
2026-02-26 13:09:00.958 | INFO     | __main__:run_single_config:556 -   [concat_32|s123] Epoch 200: train=0.1421 val=0.1404 best=0.1372@198
2026-02-26 13:09:41.345 | INFO     | __main__:run_single_config:556 -   [concat_32|s123] Epoch 225: train=0.1317 val=0.1340 best=0.1333@221
2026-02-26 13:10:21.350 | INFO     | __main__:run_single_config:556 -   [concat_32|s123] Epoch 250: train=0.1304 val=0.1326 best=0.1326@250
2026-02-26 13:10:21.458 | INFO     | __main__:run_single_config:568 -   [concat_32|s123] DONE: test_mae=0.1072 val_mae=0.1326 best_epoch=250
2026-02-26 13:10:21.695 | INFO     | __main__:main:881 -   Run time: 403.2s
2026-02-26 13:10:21.719 | INFO     | __main__:main:885 -   Results cached to /workspace/runs/run__20260226_110200/3_invention_loop/iter_6/gen_art/exp_id2_it6__opus/results_cache.pkl
2026-02-26 13:10:24.368 | INFO     | __main__:run_single_config:556 -   [concat_32|s456] Epoch 1: train=0.8744 val=1.0599 best=1.0599@1
2026-02-26 13:10:58.573 | INFO     | __main__:run_single_config:556 -   [concat_32|s456] Epoch 25: train=0.2846 val=0.3064 best=0.2816@12
2026-02-26 13:11:34.341 | INFO     | __main__:run_single_config:556 -   [concat_32|s456] Epoch 50: train=0.2615 val=0.2633 best=0.2318@37
2026-02-26 13:12:14.789 | INFO     | __main__:run_single_config:556 -   [concat_32|s456] Epoch 75: train=0.2249 val=0.1956 best=0.1956@75
2026-02-26 13:12:54.501 | INFO     | __main__:run_single_config:556 -   [concat_32|s456] Epoch 100: train=0.1906 val=0.2422 best=0.1856@98
2026-02-26 13:13:34.729 | INFO     | __main__:run_single_config:556 -   [concat_32|s456] Epoch 125: train=0.1667 val=0.3509 best=0.1731@113
2026-02-26 13:14:14.819 | INFO     | __main__:run_single_config:556 -   [concat_32|s456] Epoch 150: train=0.1547 val=0.1684 best=0.1514@145
2026-02-26 13:14:54.991 | INFO     | __main__:run_single_config:556 -   [concat_32|s456] Epoch 175: train=0.1386 val=0.1507 best=0.1458@170
2026-02-26 13:15:34.039 | INFO     | __main__:run_single_config:556 -   [concat_32|s456] Epoch 200: train=0.1333 val=0.1395 best=0.1395@200
2026-02-26 13:16:14.184 | INFO     | __main__:run_single_config:556 -   [concat_32|s456] Epoch 225: train=0.1248 val=0.1367 best=0.1367@225
2026-02-26 13:16:52.835 | INFO     | __main__:run_single_config:556 -   [concat_32|s456] Epoch 250: train=0.1219 val=0.1357 best=0.1357@250
2026-02-26 13:16:52.942 | INFO     | __main__:run_single_config:568 -   [concat_32|s456] DONE: test_mae=0.1076 val_mae=0.1357 best_epoch=250
2026-02-26 13:16:53.198 | INFO     | __main__:main:881 -   Run time: 391.5s
2026-02-26 13:16:53.228 | INFO     | __main__:main:885 -   Results cached to /workspace/runs/run__20260226_110200/3_invention_loop/iter_6/gen_art/exp_id2_it6__opus/results_cache.pkl
2026-02-26 13:16:53.229 | INFO     | __main__:main:840 - 
========================================
2026-02-26 13:16:53.232 | INFO     | __main__:main:841 - Training config: concat_24 (pe_dim=24)
2026-02-26 13:16:55.860 | INFO     | __main__:run_single_config:556 -   [concat_24|s42] Epoch 1: train=0.8028 val=0.9670 best=0.9670@1
2026-02-26 13:17:34.555 | INFO     | __main__:run_single_config:556 -   [concat_24|s42] Epoch 25: train=0.3161 val=0.3025 best=0.2584@18
2026-02-26 13:18:14.617 | INFO     | __main__:run_single_config:556 -   [concat_24|s42] Epoch 50: train=0.2569 val=0.4404 best=0.2341@42
2026-02-26 13:18:50.041 | INFO     | __main__:run_single_config:556 -   [concat_24|s42] Epoch 75: train=0.2325 val=0.2318 best=0.2124@69
2026-02-26 13:19:30.582 | INFO     | __main__:run_single_config:556 -   [concat_24|s42] Epoch 100: train=0.2139 val=0.2303 best=0.1721@94
2026-02-26 13:20:09.511 | INFO     | __main__:run_single_config:556 -   [concat_24|s42] Epoch 125: train=0.1853 val=0.2189 best=0.1691@118
2026-02-26 13:20:43.484 | INFO     | __main__:run_single_config:556 -   [concat_24|s42] Epoch 150: train=0.1669 val=0.1492 best=0.1492@150
2026-02-26 13:21:23.097 | INFO     | __main__:run_single_config:556 -   [concat_24|s42] Epoch 175: train=0.1496 val=0.1644 best=0.1398@169
2026-02-26 13:22:02.229 | INFO     | __main__:run_single_config:556 -   [concat_24|s42] Epoch 200: train=0.1382 val=0.1386 best=0.1355@188
2026-02-26 13:22:42.237 | INFO     | __main__:run_single_config:556 -   [concat_24|s42] Epoch 225: train=0.1310 val=0.1414 best=0.1334@209
2026-02-26 13:23:21.062 | INFO     | __main__:run_single_config:559 -   [concat_24|s42] Early stopping at epoch 249
2026-02-26 13:23:21.175 | INFO     | __main__:run_single_config:568 -   [concat_24|s42] DONE: test_mae=0.1110 val_mae=0.1334 best_epoch=209
2026-02-26 13:23:21.396 | INFO     | __main__:main:881 -   Run time: 388.2s
2026-02-26 13:23:21.419 | INFO     | __main__:main:885 -   Results cached to /workspace/runs/run__20260226_110200/3_invention_loop/iter_6/gen_art/exp_id2_it6__opus/results_cache.pkl
2026-02-26 13:23:24.055 | INFO     | __main__:run_single_config:556 -   [concat_24|s123] Epoch 1: train=0.9050 val=0.7379 best=0.7379@1
2026-02-26 13:24:02.913 | INFO     | __main__:run_single_config:556 -   [concat_24|s123] Epoch 25: train=0.2762 val=0.3481 best=0.2825@16
2026-02-26 13:24:36.368 | INFO     | __main__:run_single_config:556 -   [concat_24|s123] Epoch 50: train=0.2595 val=0.3037 best=0.2148@49
2026-02-26 13:25:15.530 | INFO     | __main__:run_single_config:556 -   [concat_24|s123] Epoch 75: train=0.2406 val=0.2042 best=0.1918@70
2026-02-26 13:25:55.557 | INFO     | __main__:run_single_config:556 -   [concat_24|s123] Epoch 100: train=0.1999 val=0.2339 best=0.1855@86
2026-02-26 13:26:32.029 | INFO     | __main__:run_single_config:556 -   [concat_24|s123] Epoch 125: train=0.1736 val=0.2817 best=0.1741@123
2026-02-26 13:27:09.297 | INFO     | __main__:run_single_config:556 -   [concat_24|s123] Epoch 150: train=0.1595 val=0.1808 best=0.1512@145
2026-02-26 13:27:47.605 | INFO     | __main__:run_single_config:556 -   [concat_24|s123] Epoch 175: train=0.1384 val=0.1544 best=0.1448@173
2026-02-26 13:28:26.113 | INFO     | __main__:run_single_config:556 -   [concat_24|s123] Epoch 200: train=0.1279 val=0.1368 best=0.1368@200
2026-02-26 13:29:04.699 | INFO     | __main__:run_single_config:556 -   [concat_24|s123] Epoch 225: train=0.1229 val=0.1370 best=0.1359@212
2026-02-26 13:29:45.054 | INFO     | __main__:run_single_config:556 -   [concat_24|s123] Epoch 250: train=0.1197 val=0.1370 best=0.1359@212
2026-02-26 13:29:45.161 | INFO     | __main__:run_single_config:568 -   [concat_24|s123] DONE: test_mae=0.1045 val_mae=0.1359 best_epoch=212
2026-02-26 13:29:45.393 | INFO     | __main__:main:881 -   Run time: 384.0s
2026-02-26 13:29:45.421 | INFO     | __main__:main:885 -   Results cached to /workspace/runs/run__20260226_110200/3_invention_loop/iter_6/gen_art/exp_id2_it6__opus/results_cache.pkl
2026-02-26 13:29:48.019 | INFO     | __main__:run_single_config:556 -   [concat_24|s456] Epoch 1: train=0.8912 val=0.7392 best=0.7392@1
2026-02-26 13:30:26.739 | INFO     | __main__:run_single_config:556 -   [concat_24|s456] Epoch 25: train=0.2849 val=0.5019 best=0.3518@13
2026-02-26 13:31:06.950 | INFO     | __main__:run_single_config:556 -   [concat_24|s456] Epoch 50: train=0.2430 val=0.2312 best=0.2312@50
2026-02-26 13:31:46.919 | INFO     | __main__:run_single_config:556 -   [concat_24|s456] Epoch 75: train=0.2294 val=0.1984 best=0.1984@75
2026-02-26 13:32:26.797 | INFO     | __main__:run_single_config:556 -   [concat_24|s456] Epoch 100: train=0.1938 val=0.1763 best=0.1763@100
2026-02-26 13:33:07.036 | INFO     | __main__:run_single_config:556 -   [concat_24|s456] Epoch 125: train=0.1798 val=0.4471 best=0.1610@120
2026-02-26 13:33:47.275 | INFO     | __main__:run_single_config:556 -   [concat_24|s456] Epoch 150: train=0.1522 val=0.2053 best=0.1510@141
2026-02-26 13:34:27.052 | INFO     | __main__:run_single_config:556 -   [concat_24|s456] Epoch 175: train=0.1361 val=0.1469 best=0.1458@174
2026-02-26 13:35:07.143 | INFO     | __main__:run_single_config:556 -   [concat_24|s456] Epoch 200: train=0.1256 val=0.1532 best=0.1372@197
2026-02-26 13:49:23.516 | INFO     | __main__:<module>:100 - Hardware: 11 CPUs, 62.0GB RAM, GPU=True (21.0GB VRAM)
2026-02-26 13:49:23.519 | INFO     | __main__:<module>:101 - Device: cuda
2026-02-26 13:49:23.746 | INFO     | __main__:<module>:113 - RAM budget: 49.6GB, VRAM budget: 18.9GB
2026-02-26 13:49:23.748 | INFO     | __main__:main:724 - ============================================================
2026-02-26 13:49:23.750 | INFO     | __main__:main:725 - RWPE + nRWPE Concatenation on ZINC-12k with GINEConv
2026-02-26 13:49:23.752 | INFO     | __main__:main:726 - ============================================================
2026-02-26 13:49:23.754 | INFO     | __main__:main:729 - Step 1: Loading data...
2026-02-26 13:49:23.756 | INFO     | __main__:load_data:269 - Loading data from /workspace/runs/run__20260225_014759/3_invention_loop/iter_1/gen_art/data_id3_it1__opus/full_data_out.json
2026-02-26 13:49:24.035 | INFO     | __main__:load_data:274 - Loaded 12000 examples
2026-02-26 13:49:24.330 | INFO     | __main__:main:741 - Parsed 12000 graphs
2026-02-26 13:49:24.335 | INFO     | __main__:main:747 - Split: train=10000, val=1000, test=1000
2026-02-26 13:49:24.337 | INFO     | __main__:main:750 - Step 2: Computing positional encodings...
2026-02-26 13:49:24.340 | INFO     | __main__:compute_pes_parallel:294 - Computing PEs for 10000 graphs (rwpe_k=32, nrwpe_k=16, mild_k=16)
2026-02-26 13:49:26.465 | INFO     | __main__:compute_pes_parallel:319 -   PE computation: 2000/10000
2026-02-26 13:49:27.522 | INFO     | __main__:compute_pes_parallel:319 -   PE computation: 4000/10000
2026-02-26 13:49:28.593 | INFO     | __main__:compute_pes_parallel:319 -   PE computation: 6000/10000
2026-02-26 13:49:29.660 | INFO     | __main__:compute_pes_parallel:319 -   PE computation: 8000/10000
2026-02-26 13:49:30.719 | INFO     | __main__:compute_pes_parallel:319 -   PE computation: 10000/10000
2026-02-26 13:49:30.758 | INFO     | __main__:compute_pes_parallel:322 - PE computation done in 6.4s
2026-02-26 13:49:30.766 | INFO     | __main__:compute_pes_parallel:294 - Computing PEs for 1000 graphs (rwpe_k=32, nrwpe_k=16, mild_k=16)
2026-02-26 13:49:31.661 | INFO     | __main__:compute_pes_parallel:322 - PE computation done in 0.9s
2026-02-26 13:49:31.665 | INFO     | __main__:compute_pes_parallel:294 - Computing PEs for 1000 graphs (rwpe_k=32, nrwpe_k=16, mild_k=16)
2026-02-26 13:49:32.617 | INFO     | __main__:compute_pes_parallel:322 - PE computation done in 1.0s
2026-02-26 13:49:32.621 | INFO     | __main__:main:765 - PE computation times: train=6.4s val=0.9s test=1.0s
2026-02-26 13:49:32.623 | INFO     | __main__:main:768 - Step 3: PE sanity checks...
2026-02-26 13:49:32.627 | INFO     | __main__:main:770 -   RWPE shape: (29, 32), range: [0.0000, 0.6667]
2026-02-26 13:49:32.629 | INFO     | __main__:main:771 -   nRWPE shape: (29, 16), range: [0.0530, 0.4621]
2026-02-26 13:49:32.632 | INFO     | __main__:main:772 -   Mild shape: (29, 16), range: [1.0197, 2.0968]
2026-02-26 13:49:32.636 | INFO     | __main__:main:777 -   RWPE stats (100 graphs): min=0.0000, max=0.8333
2026-02-26 13:49:32.638 | INFO     | __main__:main:778 -   nRWPE stats (100 graphs): min=0.0393, max=0.4621
2026-02-26 13:49:32.643 | INFO     | __main__:main:784 - Step 4: Smoke test (small subset, 10 epochs)...
2026-02-26 13:49:35.692 | INFO     | __main__:run_single_config:556 -   [concat_16|s42] Epoch 1: train=2.2554 val=1.5569 best=1.5569@1
2026-02-26 13:49:35.955 | INFO     | __main__:run_single_config:568 -   [concat_16|s42] DONE: test_mae=1.5250 val_mae=1.3175 best_epoch=10
2026-02-26 13:49:36.139 | INFO     | __main__:main:798 - Smoke test done: test_mae=1.5250
2026-02-26 13:49:36.270 | INFO     | __main__:main:805 - Step 5: Full training
2026-02-26 13:49:36.282 | INFO     | __main__:main:813 - Loaded cached results: rwpe_16(3), concat_32(3), concat_24(2)
2026-02-26 13:49:36.283 | INFO     | __main__:main:834 - Skipping rwpe_16 (already have 3 seed results cached)
2026-02-26 13:49:36.285 | INFO     | __main__:main:834 - Skipping concat_32 (already have 3 seed results cached)
2026-02-26 13:49:36.286 | INFO     | __main__:main:834 - Skipping concat_24 (already have 2 seed results cached)
2026-02-26 13:49:36.288 | INFO     | __main__:main:840 - 
========================================
2026-02-26 13:49:36.289 | INFO     | __main__:main:841 - Training config: concat_16 (pe_dim=16)
2026-02-26 13:49:39.213 | INFO     | __main__:run_single_config:556 -   [concat_16|s42] Epoch 1: train=0.8116 val=1.2911 best=1.2911@1
2026-02-26 13:50:19.151 | INFO     | __main__:run_single_config:556 -   [concat_16|s42] Epoch 25: train=0.3180 val=0.3601 best=0.3007@15
2026-02-26 13:51:00.811 | INFO     | __main__:run_single_config:556 -   [concat_16|s42] Epoch 50: train=0.2650 val=0.4549 best=0.2329@34
2026-02-26 13:51:42.333 | INFO     | __main__:run_single_config:556 -   [concat_16|s42] Epoch 75: train=0.2196 val=0.3077 best=0.2155@55
2026-02-26 13:52:20.795 | INFO     | __main__:run_single_config:556 -   [concat_16|s42] Epoch 100: train=0.1906 val=0.2760 best=0.1748@99
2026-02-26 13:54:48.389 | INFO     | __main__:<module>:100 - Hardware: 11 CPUs, 62.0GB RAM, GPU=True (21.0GB VRAM)
2026-02-26 13:54:48.392 | INFO     | __main__:<module>:101 - Device: cuda
2026-02-26 13:54:48.629 | INFO     | __main__:<module>:113 - RAM budget: 49.6GB, VRAM budget: 18.9GB
2026-02-26 13:54:48.632 | INFO     | __main__:main:724 - ============================================================
2026-02-26 13:54:48.634 | INFO     | __main__:main:725 - RWPE + nRWPE Concatenation on ZINC-12k with GINEConv
2026-02-26 13:54:48.635 | INFO     | __main__:main:726 - ============================================================
2026-02-26 13:54:48.637 | INFO     | __main__:main:729 - Step 1: Loading data...
2026-02-26 13:54:48.639 | INFO     | __main__:load_data:269 - Loading data from /workspace/runs/run__20260225_014759/3_invention_loop/iter_1/gen_art/data_id3_it1__opus/full_data_out.json
2026-02-26 13:54:48.788 | INFO     | __main__:load_data:274 - Loaded 12000 examples
2026-02-26 13:54:49.089 | INFO     | __main__:main:741 - Parsed 12000 graphs
2026-02-26 13:54:49.093 | INFO     | __main__:main:747 - Split: train=10000, val=1000, test=1000
2026-02-26 13:54:49.096 | INFO     | __main__:main:750 - Step 2: Computing positional encodings...
2026-02-26 13:54:49.097 | INFO     | __main__:compute_pes_parallel:294 - Computing PEs for 10000 graphs (rwpe_k=32, nrwpe_k=16, mild_k=16)
2026-02-26 13:54:51.217 | INFO     | __main__:compute_pes_parallel:319 -   PE computation: 2000/10000
2026-02-26 13:54:52.287 | INFO     | __main__:compute_pes_parallel:319 -   PE computation: 4000/10000
2026-02-26 13:54:53.341 | INFO     | __main__:compute_pes_parallel:319 -   PE computation: 6000/10000
2026-02-26 13:54:54.415 | INFO     | __main__:compute_pes_parallel:319 -   PE computation: 8000/10000
2026-02-26 13:54:55.503 | INFO     | __main__:compute_pes_parallel:319 -   PE computation: 10000/10000
2026-02-26 13:54:55.544 | INFO     | __main__:compute_pes_parallel:322 - PE computation done in 6.4s
2026-02-26 13:54:55.552 | INFO     | __main__:compute_pes_parallel:294 - Computing PEs for 1000 graphs (rwpe_k=32, nrwpe_k=16, mild_k=16)
2026-02-26 13:54:56.465 | INFO     | __main__:compute_pes_parallel:322 - PE computation done in 0.9s
2026-02-26 13:54:56.469 | INFO     | __main__:compute_pes_parallel:294 - Computing PEs for 1000 graphs (rwpe_k=32, nrwpe_k=16, mild_k=16)
2026-02-26 13:54:57.381 | INFO     | __main__:compute_pes_parallel:322 - PE computation done in 0.9s
2026-02-26 13:54:57.384 | INFO     | __main__:main:765 - PE computation times: train=6.5s val=0.9s test=0.9s
2026-02-26 13:54:57.386 | INFO     | __main__:main:768 - Step 3: PE sanity checks...
2026-02-26 13:54:57.389 | INFO     | __main__:main:770 -   RWPE shape: (29, 32), range: [0.0000, 0.6667]
2026-02-26 13:54:57.392 | INFO     | __main__:main:771 -   nRWPE shape: (29, 16), range: [0.0530, 0.4621]
2026-02-26 13:54:57.394 | INFO     | __main__:main:772 -   Mild shape: (29, 16), range: [1.0197, 2.0968]
2026-02-26 13:54:57.397 | INFO     | __main__:main:777 -   RWPE stats (100 graphs): min=0.0000, max=0.8333
2026-02-26 13:54:57.400 | INFO     | __main__:main:778 -   nRWPE stats (100 graphs): min=0.0393, max=0.4621
2026-02-26 13:54:57.408 | INFO     | __main__:main:784 - Step 4: Smoke test (small subset, 10 epochs)...
2026-02-26 13:55:00.436 | INFO     | __main__:run_single_config:556 -   [concat_16|s42] Epoch 1: train=2.2554 val=1.5568 best=1.5568@1
2026-02-26 13:55:00.714 | INFO     | __main__:run_single_config:568 -   [concat_16|s42] DONE: test_mae=1.6201 val_mae=1.3022 best_epoch=10
2026-02-26 13:55:00.901 | INFO     | __main__:main:798 - Smoke test done: test_mae=1.6201
2026-02-26 13:55:01.037 | INFO     | __main__:main:805 - Step 5: Full training
2026-02-26 13:55:01.076 | INFO     | __main__:main:813 - Loaded cached results: rwpe_16(3), concat_32(3), concat_24(2)
2026-02-26 13:55:01.078 | INFO     | __main__:main:834 - Skipping rwpe_16 (already have 3 seed results cached)
2026-02-26 13:55:01.081 | INFO     | __main__:main:834 - Skipping concat_32 (already have 3 seed results cached)
2026-02-26 13:55:01.083 | INFO     | __main__:main:840 - 
========================================
2026-02-26 13:55:01.085 | INFO     | __main__:main:841 - Training config: concat_24 (pe_dim=24)
2026-02-26 13:55:01.087 | INFO     | __main__:main:864 -   Skipping seed 42 (already cached)
2026-02-26 13:55:01.089 | INFO     | __main__:main:864 -   Skipping seed 123 (already cached)
2026-02-26 13:55:04.106 | INFO     | __main__:run_single_config:556 -   [concat_24|s456] Epoch 1: train=0.8841 val=0.8229 best=0.8229@1
2026-02-26 13:55:43.463 | INFO     | __main__:run_single_config:556 -   [concat_24|s456] Epoch 25: train=0.2909 val=1.0683 best=0.3033@24
2026-02-26 13:56:24.490 | INFO     | __main__:run_single_config:556 -   [concat_24|s456] Epoch 50: train=0.2403 val=0.4322 best=0.2346@33
2026-02-26 13:56:59.575 | INFO     | __main__:run_single_config:556 -   [concat_24|s456] Epoch 75: train=0.2146 val=0.2050 best=0.1878@61
2026-02-26 13:57:40.723 | INFO     | __main__:run_single_config:556 -   [concat_24|s456] Epoch 100: train=0.1711 val=0.1864 best=0.1637@95
2026-02-26 13:58:22.285 | INFO     | __main__:run_single_config:556 -   [concat_24|s456] Epoch 125: train=0.1552 val=0.1447 best=0.1447@125
2026-02-26 13:59:03.476 | INFO     | __main__:run_single_config:556 -   [concat_24|s456] Epoch 150: train=0.1394 val=0.1402 best=0.1387@148
2026-02-26 13:59:03.587 | INFO     | __main__:run_single_config:568 -   [concat_24|s456] DONE: test_mae=0.1062 val_mae=0.1387 best_epoch=148
2026-02-26 13:59:03.821 | INFO     | __main__:main:884 -   Run time: 242.7s
2026-02-26 13:59:03.834 | INFO     | __main__:main:888 -   Results cached to /workspace/runs/run__20260226_110200/3_invention_loop/iter_6/gen_art/exp_id2_it6__opus/results_cache.pkl
2026-02-26 13:59:03.836 | INFO     | __main__:main:840 - 
========================================
2026-02-26 13:59:03.837 | INFO     | __main__:main:841 - Training config: concat_16 (pe_dim=16)
2026-02-26 13:59:06.580 | INFO     | __main__:run_single_config:556 -   [concat_16|s42] Epoch 1: train=0.8099 val=0.6418 best=0.6418@1
2026-02-26 13:59:46.565 | INFO     | __main__:run_single_config:556 -   [concat_16|s42] Epoch 25: train=0.3194 val=0.7200 best=0.2697@24
2026-02-26 14:00:28.223 | INFO     | __main__:run_single_config:556 -   [concat_16|s42] Epoch 50: train=0.2480 val=0.2583 best=0.2392@29
2026-02-26 14:01:01.849 | INFO     | __main__:run_single_config:556 -   [concat_16|s42] Epoch 75: train=0.2031 val=0.2048 best=0.1763@74
2026-02-26 14:01:37.254 | INFO     | __main__:run_single_config:556 -   [concat_16|s42] Epoch 100: train=0.1765 val=0.1831 best=0.1639@96
2026-02-26 14:02:17.164 | INFO     | __main__:run_single_config:556 -   [concat_16|s42] Epoch 125: train=0.1555 val=0.1766 best=0.1476@120
2026-02-26 14:02:53.861 | INFO     | __main__:run_single_config:556 -   [concat_16|s42] Epoch 150: train=0.1424 val=0.1457 best=0.1435@137
2026-02-26 14:02:53.977 | INFO     | __main__:run_single_config:568 -   [concat_16|s42] DONE: test_mae=0.1089 val_mae=0.1435 best_epoch=137
2026-02-26 14:02:54.207 | INFO     | __main__:main:884 -   Run time: 230.4s
2026-02-26 14:02:54.222 | INFO     | __main__:main:888 -   Results cached to /workspace/runs/run__20260226_110200/3_invention_loop/iter_6/gen_art/exp_id2_it6__opus/results_cache.pkl
2026-02-26 14:02:57.018 | INFO     | __main__:run_single_config:556 -   [concat_16|s123] Epoch 1: train=0.8775 val=0.7694 best=0.7694@1
2026-02-26 14:03:36.489 | INFO     | __main__:run_single_config:556 -   [concat_16|s123] Epoch 25: train=0.3066 val=0.4155 best=0.2638@23
2026-02-26 14:04:18.194 | INFO     | __main__:run_single_config:556 -   [concat_16|s123] Epoch 50: train=0.2516 val=0.2135 best=0.2135@50
2026-02-26 14:04:59.916 | INFO     | __main__:run_single_config:556 -   [concat_16|s123] Epoch 75: train=0.2085 val=0.3061 best=0.1867@72
2026-02-26 14:05:38.810 | INFO     | __main__:run_single_config:556 -   [concat_16|s123] Epoch 100: train=0.1741 val=0.2205 best=0.1636@94
2026-02-26 14:06:20.240 | INFO     | __main__:run_single_config:556 -   [concat_16|s123] Epoch 125: train=0.1503 val=0.1690 best=0.1487@124
2026-02-26 14:07:02.023 | INFO     | __main__:run_single_config:556 -   [concat_16|s123] Epoch 150: train=0.1381 val=0.1385 best=0.1385@150
2026-02-26 14:07:02.137 | INFO     | __main__:run_single_config:568 -   [concat_16|s123] DONE: test_mae=0.1074 val_mae=0.1385 best_epoch=150
2026-02-26 14:07:02.380 | INFO     | __main__:main:884 -   Run time: 248.2s
2026-02-26 14:07:02.397 | INFO     | __main__:main:888 -   Results cached to /workspace/runs/run__20260226_110200/3_invention_loop/iter_6/gen_art/exp_id2_it6__opus/results_cache.pkl
2026-02-26 14:07:05.165 | INFO     | __main__:run_single_config:556 -   [concat_16|s456] Epoch 1: train=0.8652 val=0.9700 best=0.9700@1
2026-02-26 14:07:42.547 | INFO     | __main__:run_single_config:556 -   [concat_16|s456] Epoch 25: train=0.2975 val=0.2792 best=0.2792@25
2026-02-26 14:08:23.840 | INFO     | __main__:run_single_config:556 -   [concat_16|s456] Epoch 50: train=0.2462 val=0.3137 best=0.2197@46
2026-02-26 14:09:05.705 | INFO     | __main__:run_single_config:556 -   [concat_16|s456] Epoch 75: train=0.1942 val=0.3044 best=0.1861@74
2026-02-26 14:09:47.397 | INFO     | __main__:run_single_config:556 -   [concat_16|s456] Epoch 100: train=0.1767 val=0.1838 best=0.1668@98
2026-02-26 14:10:25.071 | INFO     | __main__:run_single_config:556 -   [concat_16|s456] Epoch 125: train=0.1516 val=0.1467 best=0.1467@125
2026-02-26 14:11:06.047 | INFO     | __main__:run_single_config:556 -   [concat_16|s456] Epoch 150: train=0.1433 val=0.1403 best=0.1403@150
2026-02-26 14:11:06.162 | INFO     | __main__:run_single_config:568 -   [concat_16|s456] DONE: test_mae=0.1045 val_mae=0.1403 best_epoch=150
2026-02-26 14:11:06.408 | INFO     | __main__:main:884 -   Run time: 244.0s
2026-02-26 14:11:06.425 | INFO     | __main__:main:888 -   Results cached to /workspace/runs/run__20260226_110200/3_invention_loop/iter_6/gen_art/exp_id2_it6__opus/results_cache.pkl
2026-02-26 14:11:06.426 | INFO     | __main__:main:840 - 
========================================
2026-02-26 14:11:06.428 | INFO     | __main__:main:841 - Training config: nrwpe_tanh_16 (pe_dim=16)
2026-02-26 14:11:09.165 | INFO     | __main__:run_single_config:556 -   [nrwpe_tanh_16|s42] Epoch 1: train=0.8275 val=0.8600 best=0.8600@1
2026-02-26 14:11:47.626 | INFO     | __main__:run_single_config:556 -   [nrwpe_tanh_16|s42] Epoch 25: train=0.3415 val=0.4013 best=0.3500@22
2026-02-26 14:12:28.913 | INFO     | __main__:run_single_config:556 -   [nrwpe_tanh_16|s42] Epoch 50: train=0.2811 val=0.3956 best=0.2735@32
2026-02-26 14:13:08.690 | INFO     | __main__:run_single_config:556 -   [nrwpe_tanh_16|s42] Epoch 75: train=0.2214 val=0.2261 best=0.2076@74
2026-02-26 14:13:49.900 | INFO     | __main__:run_single_config:556 -   [nrwpe_tanh_16|s42] Epoch 100: train=0.1928 val=0.1734 best=0.1734@100
2026-02-26 14:14:31.020 | INFO     | __main__:run_single_config:556 -   [nrwpe_tanh_16|s42] Epoch 125: train=0.1639 val=0.1856 best=0.1576@119
2026-02-26 14:15:04.530 | INFO     | __main__:run_single_config:556 -   [nrwpe_tanh_16|s42] Epoch 150: train=0.1509 val=0.1520 best=0.1514@137
2026-02-26 14:15:04.642 | INFO     | __main__:run_single_config:568 -   [nrwpe_tanh_16|s42] DONE: test_mae=0.1190 val_mae=0.1514 best_epoch=137
2026-02-26 14:15:04.876 | INFO     | __main__:main:884 -   Run time: 238.4s
2026-02-26 14:15:04.890 | INFO     | __main__:main:888 -   Results cached to /workspace/runs/run__20260226_110200/3_invention_loop/iter_6/gen_art/exp_id2_it6__opus/results_cache.pkl
2026-02-26 14:15:07.610 | INFO     | __main__:run_single_config:556 -   [nrwpe_tanh_16|s123] Epoch 1: train=0.8975 val=0.6694 best=0.6694@1
2026-02-26 14:15:39.648 | INFO     | __main__:run_single_config:556 -   [nrwpe_tanh_16|s123] Epoch 25: train=0.3383 val=0.6273 best=0.2982@17
2026-02-26 14:16:14.601 | INFO     | __main__:run_single_config:556 -   [nrwpe_tanh_16|s123] Epoch 50: train=0.2649 val=0.4483 best=0.2418@49
2026-02-26 14:16:54.939 | INFO     | __main__:run_single_config:556 -   [nrwpe_tanh_16|s123] Epoch 75: train=0.2186 val=0.2405 best=0.2303@66
2026-02-26 14:17:27.601 | INFO     | __main__:run_single_config:556 -   [nrwpe_tanh_16|s123] Epoch 100: train=0.1843 val=0.2107 best=0.1813@91
2026-02-26 14:17:59.829 | INFO     | __main__:run_single_config:556 -   [nrwpe_tanh_16|s123] Epoch 125: train=0.1565 val=0.1829 best=0.1581@123
2026-02-26 14:18:41.471 | INFO     | __main__:run_single_config:556 -   [nrwpe_tanh_16|s123] Epoch 150: train=0.1438 val=0.1534 best=0.1518@149
2026-02-26 14:18:41.583 | INFO     | __main__:run_single_config:568 -   [nrwpe_tanh_16|s123] DONE: test_mae=0.1209 val_mae=0.1518 best_epoch=149
2026-02-26 14:18:41.851 | INFO     | __main__:main:884 -   Run time: 217.0s
2026-02-26 14:18:41.868 | INFO     | __main__:main:888 -   Results cached to /workspace/runs/run__20260226_110200/3_invention_loop/iter_6/gen_art/exp_id2_it6__opus/results_cache.pkl
2026-02-26 14:18:44.582 | INFO     | __main__:run_single_config:556 -   [nrwpe_tanh_16|s456] Epoch 1: train=0.9183 val=0.9179 best=0.9179@1
2026-02-26 14:19:23.825 | INFO     | __main__:run_single_config:556 -   [nrwpe_tanh_16|s456] Epoch 25: train=0.3205 val=0.3224 best=0.2873@23
2026-02-26 14:19:57.758 | INFO     | __main__:run_single_config:556 -   [nrwpe_tanh_16|s456] Epoch 50: train=0.2778 val=0.2842 best=0.2677@41
2026-02-26 14:20:39.249 | INFO     | __main__:run_single_config:556 -   [nrwpe_tanh_16|s456] Epoch 75: train=0.2100 val=0.4572 best=0.2234@61
2026-02-26 14:21:15.721 | INFO     | __main__:run_single_config:556 -   [nrwpe_tanh_16|s456] Epoch 100: train=0.1896 val=0.2023 best=0.1887@95
2026-02-26 14:21:51.353 | INFO     | __main__:run_single_config:556 -   [nrwpe_tanh_16|s456] Epoch 125: train=0.1609 val=0.1780 best=0.1627@120
2026-02-26 14:22:32.536 | INFO     | __main__:run_single_config:556 -   [nrwpe_tanh_16|s456] Epoch 150: train=0.1514 val=0.1608 best=0.1594@143
2026-02-26 14:22:32.648 | INFO     | __main__:run_single_config:568 -   [nrwpe_tanh_16|s456] DONE: test_mae=0.1205 val_mae=0.1594 best_epoch=143
2026-02-26 14:22:32.882 | INFO     | __main__:main:884 -   Run time: 231.0s
2026-02-26 14:22:32.911 | INFO     | __main__:main:888 -   Results cached to /workspace/runs/run__20260226_110200/3_invention_loop/iter_6/gen_art/exp_id2_it6__opus/results_cache.pkl
2026-02-26 14:22:32.913 | INFO     | __main__:main:840 - 
========================================
2026-02-26 14:22:32.915 | INFO     | __main__:main:841 - Training config: no_pe (pe_dim=16)
2026-02-26 14:22:32.917 | INFO     | __main__:main:854 -   Reduced to 2 seeds due to time budget
2026-02-26 14:22:35.532 | INFO     | __main__:run_single_config:556 -   [no_pe|s42] Epoch 1: train=0.8075 val=0.8123 best=0.8123@1
2026-02-26 14:23:10.299 | INFO     | __main__:run_single_config:556 -   [no_pe|s42] Epoch 25: train=0.3934 val=0.4117 best=0.3601@24
2026-02-26 14:23:49.394 | INFO     | __main__:run_single_config:556 -   [no_pe|s42] Epoch 50: train=0.3556 val=0.6330 best=0.3088@47
2026-02-26 14:24:23.552 | INFO     | __main__:run_single_config:556 -   [no_pe|s42] Epoch 75: train=0.3143 val=0.2955 best=0.2941@70
2026-02-26 14:25:02.736 | INFO     | __main__:run_single_config:556 -   [no_pe|s42] Epoch 100: train=0.2461 val=0.2325 best=0.2325@100
2026-02-26 14:25:38.340 | INFO     | __main__:run_single_config:556 -   [no_pe|s42] Epoch 125: train=0.2132 val=0.2113 best=0.2113@125
2026-02-26 14:26:15.697 | INFO     | __main__:run_single_config:556 -   [no_pe|s42] Epoch 150: train=0.1989 val=0.2092 best=0.2032@143
2026-02-26 14:26:15.807 | INFO     | __main__:run_single_config:568 -   [no_pe|s42] DONE: test_mae=0.1967 val_mae=0.2032 best_epoch=143
2026-02-26 14:26:16.052 | INFO     | __main__:main:884 -   Run time: 223.1s
2026-02-26 14:26:16.118 | INFO     | __main__:main:888 -   Results cached to /workspace/runs/run__20260226_110200/3_invention_loop/iter_6/gen_art/exp_id2_it6__opus/results_cache.pkl
2026-02-26 14:26:18.737 | INFO     | __main__:run_single_config:556 -   [no_pe|s123] Epoch 1: train=0.7486 val=0.8673 best=0.8673@1
2026-02-26 14:26:54.534 | INFO     | __main__:run_single_config:556 -   [no_pe|s123] Epoch 25: train=0.3962 val=0.6512 best=0.4025@14
2026-02-26 14:27:32.063 | INFO     | __main__:run_single_config:556 -   [no_pe|s123] Epoch 50: train=0.3332 val=0.3998 best=0.3376@46
2026-02-26 14:28:08.844 | INFO     | __main__:run_single_config:556 -   [no_pe|s123] Epoch 75: train=0.2833 val=0.3455 best=0.2763@69
2026-02-26 14:28:43.460 | INFO     | __main__:run_single_config:556 -   [no_pe|s123] Epoch 100: train=0.2271 val=0.2293 best=0.2293@100
2026-02-26 14:29:20.631 | INFO     | __main__:run_single_config:556 -   [no_pe|s123] Epoch 125: train=0.1987 val=0.2196 best=0.2040@123
2026-02-26 14:29:50.189 | INFO     | __main__:run_single_config:556 -   [no_pe|s123] Epoch 150: train=0.1845 val=0.2052 best=0.1979@139
2026-02-26 14:29:50.297 | INFO     | __main__:run_single_config:568 -   [no_pe|s123] DONE: test_mae=0.1893 val_mae=0.1979 best_epoch=139
2026-02-26 14:29:50.552 | INFO     | __main__:main:884 -   Run time: 214.4s
2026-02-26 14:29:50.621 | INFO     | __main__:main:888 -   Results cached to /workspace/runs/run__20260226_110200/3_invention_loop/iter_6/gen_art/exp_id2_it6__opus/results_cache.pkl
2026-02-26 14:29:50.625 | INFO     | __main__:main:840 - 
========================================
2026-02-26 14:29:50.627 | INFO     | __main__:main:841 - Training config: mild_16 (pe_dim=16)
2026-02-26 14:29:50.629 | INFO     | __main__:main:854 -   Reduced to 2 seeds due to time budget
2026-02-26 14:29:53.229 | INFO     | __main__:run_single_config:556 -   [mild_16|s42] Epoch 1: train=0.7890 val=0.8505 best=0.8505@1
2026-02-26 14:30:19.305 | INFO     | __main__:run_single_config:556 -   [mild_16|s42] Epoch 25: train=0.4039 val=0.5742 best=0.3434@15
2026-02-26 14:31:00.977 | INFO     | __main__:run_single_config:556 -   [mild_16|s42] Epoch 50: train=0.3509 val=0.4565 best=0.3170@40
2026-02-26 14:31:39.384 | INFO     | __main__:run_single_config:556 -   [mild_16|s42] Epoch 75: train=0.2936 val=0.2921 best=0.2762@70
2026-02-26 14:32:19.487 | INFO     | __main__:run_single_config:556 -   [mild_16|s42] Epoch 100: train=0.2378 val=0.2412 best=0.2371@87
2026-02-26 14:33:01.094 | INFO     | __main__:run_single_config:556 -   [mild_16|s42] Epoch 125: train=0.1962 val=0.2257 best=0.2052@124
2026-02-26 14:33:42.144 | INFO     | __main__:run_single_config:556 -   [mild_16|s42] Epoch 150: train=0.1838 val=0.1977 best=0.1966@145
2026-02-26 14:33:42.257 | INFO     | __main__:run_single_config:568 -   [mild_16|s42] DONE: test_mae=0.1835 val_mae=0.1966 best_epoch=145
2026-02-26 14:33:42.494 | INFO     | __main__:main:884 -   Run time: 231.9s
2026-02-26 14:33:42.519 | INFO     | __main__:main:888 -   Results cached to /workspace/runs/run__20260226_110200/3_invention_loop/iter_6/gen_art/exp_id2_it6__opus/results_cache.pkl
2026-02-26 14:33:45.223 | INFO     | __main__:run_single_config:556 -   [mild_16|s123] Epoch 1: train=0.8439 val=0.7569 best=0.7569@1
2026-02-26 14:34:24.770 | INFO     | __main__:run_single_config:556 -   [mild_16|s123] Epoch 25: train=0.4057 val=0.5841 best=0.3498@12
2026-02-26 14:35:06.512 | INFO     | __main__:run_single_config:556 -   [mild_16|s123] Epoch 50: train=0.3693 val=0.4766 best=0.3258@44
2026-02-26 14:35:47.168 | INFO     | __main__:run_single_config:556 -   [mild_16|s123] Epoch 75: train=0.2663 val=0.3243 best=0.2453@74
2026-02-26 14:36:27.760 | INFO     | __main__:run_single_config:556 -   [mild_16|s123] Epoch 100: train=0.2277 val=0.2917 best=0.2276@96
2026-02-26 14:37:09.239 | INFO     | __main__:run_single_config:556 -   [mild_16|s123] Epoch 125: train=0.1963 val=0.2098 best=0.1935@121
2026-02-26 14:37:50.921 | INFO     | __main__:run_single_config:556 -   [mild_16|s123] Epoch 150: train=0.1794 val=0.1904 best=0.1904@150
2026-02-26 14:37:51.035 | INFO     | __main__:run_single_config:568 -   [mild_16|s123] DONE: test_mae=0.1803 val_mae=0.1904 best_epoch=150
2026-02-26 14:37:51.280 | INFO     | __main__:main:884 -   Run time: 248.8s
2026-02-26 14:37:51.343 | INFO     | __main__:main:888 -   Results cached to /workspace/runs/run__20260226_110200/3_invention_loop/iter_6/gen_art/exp_id2_it6__opus/results_cache.pkl
2026-02-26 14:37:51.345 | INFO     | __main__:main:957 - Phase C skipped: no concat config beats rwpe_16
2026-02-26 14:37:51.363 | INFO     | __main__:main:966 - Completed configs: rwpe_16(3 seeds), concat_32(3 seeds), concat_24(3 seeds), concat_16(3 seeds), nrwpe_tanh_16(3 seeds), no_pe(2 seeds), mild_16(2 seeds)
2026-02-26 14:37:51.364 | INFO     | __main__:main:969 - 
Step 6: Analysis
2026-02-26 14:37:51.377 | INFO     | __main__:main:973 - 
================================================================================
2026-02-26 14:37:51.378 | INFO     | __main__:main:974 - Config                 Test MAE      Val MAE    Best Ep     Params
2026-02-26 14:37:51.380 | INFO     | __main__:main:975 - --------------------------------------------------------------------------------
2026-02-26 14:37:51.382 | INFO     | __main__:main:979 - rwpe_16            0.1011±0.0020  0.1308±0.0035     241.7      262593
2026-02-26 14:37:51.384 | INFO     | __main__:main:979 - concat_32          0.1062±0.0017  0.1330±0.0020     244.7      264641
2026-02-26 14:37:51.386 | INFO     | __main__:main:979 - concat_24          0.1072±0.0028  0.1360±0.0022     189.7      263617
2026-02-26 14:37:51.388 | INFO     | __main__:main:979 - concat_16          0.1069±0.0018  0.1408±0.0021     145.7      262593
2026-02-26 14:37:51.396 | INFO     | __main__:main:979 - nrwpe_tanh_16      0.1201±0.0008  0.1542±0.0037     143.0      262593
2026-02-26 14:37:51.398 | INFO     | __main__:main:979 - no_pe              0.1930±0.0037  0.2005±0.0026     141.0      243841
2026-02-26 14:37:51.406 | INFO     | __main__:main:979 - mild_16            0.1819±0.0016  0.1935±0.0031     147.5      262593
2026-02-26 14:37:51.408 | INFO     | __main__:main:986 - ================================================================================
2026-02-26 14:37:51.411 | INFO     | __main__:main:990 - 
Statistical tests vs rwpe_16:
2026-02-26 14:37:51.412 | INFO     | __main__:main:995 -   concat_32          improvement=-0.0051 t=-1.913 p=0.1959 ns
2026-02-26 14:37:51.414 | INFO     | __main__:main:995 -   concat_24          improvement=-0.0062 t=-9.745 p=0.0104 **
2026-02-26 14:37:51.416 | INFO     | __main__:main:995 -   concat_16          improvement=-0.0059 t=-5.810 p=0.0284 **
2026-02-26 14:37:51.417 | INFO     | __main__:main:995 -   nrwpe_tanh_16      improvement=-0.0191 t=-9.476 p=0.0110 **
2026-02-26 14:37:51.419 | INFO     | __main__:main:995 -   no_pe              improvement=-0.0919 t=-60.902 p=0.0105 **
2026-02-26 14:37:51.420 | INFO     | __main__:main:995 -   mild_16            improvement=-0.0809 t=-136.938 p=0.0046 ***
2026-02-26 14:37:51.422 | INFO     | __main__:main:1001 - 
Step 7: Saving output...
2026-02-26 14:37:51.514 | INFO     | __main__:main:1006 - Saved output to /workspace/runs/run__20260226_110200/3_invention_loop/iter_6/gen_art/exp_id2_it6__opus/method_out.json
2026-02-26 14:37:51.515 | INFO     | __main__:main:1009 - 
Total time: 2582.9s (43.0min)
2026-02-26 14:37:51.517 | INFO     | __main__:main:1010 - Done!
